[2022/08/25 02:03:02.753] - Starting server with initial configuration: {"gasLimit":6721975,"gasPrice":20000000000,"hardfork":"muirGlacier","hostname":"127.0.0.1","port":7545,"network_id":5777,"default_balance_ether":100,"total_accounts":25,"unlocked_accounts":[],"locked":false,"vmErrorsOnRPCResponse":true,"verbose":false,"db_path":"/Users/comdrpaquiot/Library/Application Support/Ganache/workspaces/Quickstart/chaindata","logDirectory":"/Users/comdrpaquiot/Downloads"}
[2022/08/25 02:03:02.918] - eth_subscribe
[2022/08/25 02:03:02.919] - eth_getLogs
[2022/08/25 02:03:02.919] - eth_subscribe
[2022/08/25 02:03:02.964] - eth_subscribe
[2022/08/25 02:03:02.964] - eth_getLogs
[2022/08/25 02:03:02.965] - eth_subscribe
[2022/08/25 02:03:02.980] - eth_blockNumber
[2022/08/25 02:03:02.981] - eth_accounts
[2022/08/25 02:03:02.981] - eth_gasPrice
[2022/08/25 02:03:02.981] - eth_getBlockByNumber
[2022/08/25 02:03:02.981] - eth_subscribe
[2022/08/25 02:03:02.985] - eth_accounts
[2022/08/25 02:03:03.011] - eth_getBalance
[2022/08/25 02:03:03.018] - eth_getTransactionCount
[2022/08/25 02:03:03.019] - eth_getBalance
[2022/08/25 02:03:03.020] - eth_getTransactionCount
[2022/08/25 02:03:03.023] - eth_getBalance
[2022/08/25 02:03:03.023] - eth_getTransactionCount
[2022/08/25 02:03:03.024] - eth_getBalance
[2022/08/25 02:03:03.026] - eth_getTransactionCount
[2022/08/25 02:03:03.032] - eth_getBalance
[2022/08/25 02:03:03.033] - eth_getTransactionCount
[2022/08/25 02:03:03.034] - eth_getBalance
[2022/08/25 02:03:03.036] - eth_getTransactionCount
[2022/08/25 02:03:03.039] - eth_getBalance
[2022/08/25 02:03:03.040] - eth_getTransactionCount
[2022/08/25 02:03:03.042] - eth_getBalance
[2022/08/25 02:03:03.043] - eth_getTransactionCount
[2022/08/25 02:03:03.046] - eth_getBalance
[2022/08/25 02:03:03.048] - eth_getTransactionCount
[2022/08/25 02:03:03.057] - eth_getBalance
[2022/08/25 02:03:03.058] - eth_getTransactionCount
[2022/08/25 02:03:03.064] - eth_getBalance
[2022/08/25 02:03:03.064] - eth_getTransactionCount
[2022/08/25 02:03:03.064] - eth_getBalance
[2022/08/25 02:03:03.065] - eth_getTransactionCount
[2022/08/25 02:03:03.068] - eth_getBalance
[2022/08/25 02:03:03.069] - eth_getTransactionCount
[2022/08/25 02:03:03.070] - eth_getBalance
[2022/08/25 02:03:03.072] - eth_getTransactionCount
[2022/08/25 02:03:03.073] - eth_getBalance
[2022/08/25 02:03:03.075] - eth_getTransactionCount
[2022/08/25 02:03:03.076] - eth_getBalance
[2022/08/25 02:03:03.078] - eth_getTransactionCount
[2022/08/25 02:03:03.079] - eth_getBalance
[2022/08/25 02:03:03.080] - eth_getTransactionCount
[2022/08/25 02:03:03.084] - eth_getBalance
[2022/08/25 02:03:03.085] - eth_getTransactionCount
[2022/08/25 02:03:03.089] - eth_getBalance
[2022/08/25 02:03:03.089] - eth_getTransactionCount
[2022/08/25 02:03:03.091] - eth_getBalance
[2022/08/25 02:03:03.096] - eth_getTransactionCount
[2022/08/25 02:03:03.097] - eth_getBalance
[2022/08/25 02:03:03.098] - eth_getTransactionCount
[2022/08/25 02:03:03.099] - eth_getBalance
[2022/08/25 02:03:03.101] - eth_getTransactionCount
[2022/08/25 02:03:03.102] - eth_getBalance
[2022/08/25 02:03:03.104] - eth_getTransactionCount
[2022/08/25 02:03:03.105] - eth_getBalance
[2022/08/25 02:03:03.108] - eth_getTransactionCount
[2022/08/25 02:03:03.111] - eth_getBalance
[2022/08/25 02:03:03.111] - eth_getTransactionCount
[2022/08/25 02:03:03.169] - eth_getTransactionCount
[2022/08/25 02:03:03.172] - eth_getBalance
[2022/08/25 02:03:03.176] - eth_getTransactionCount
[2022/08/25 02:03:03.176] - eth_getBalance
[2022/08/25 02:03:03.176] - eth_getTransactionCount
[2022/08/25 02:03:03.178] - eth_getBalance
[2022/08/25 02:03:03.179] - eth_getTransactionCount
[2022/08/25 02:03:03.179] - eth_getBalance
[2022/08/25 02:03:03.179] - eth_getTransactionCount
[2022/08/25 02:03:03.182] - eth_getBalance
[2022/08/25 02:03:03.182] - eth_getTransactionCount
[2022/08/25 02:03:03.182] - eth_getBalance
[2022/08/25 02:03:03.182] - eth_getTransactionCount
[2022/08/25 02:03:03.182] - eth_getBalance
[2022/08/25 02:03:03.182] - eth_getTransactionCount
[2022/08/25 02:03:03.182] - eth_getBalance
[2022/08/25 02:03:03.183] - eth_getTransactionCount
[2022/08/25 02:03:03.183] - eth_getBalance
[2022/08/25 02:03:03.183] - eth_getTransactionCount
[2022/08/25 02:03:03.183] - eth_getBalance
[2022/08/25 02:03:03.183] - eth_getTransactionCount
[2022/08/25 02:03:03.183] - eth_getBalance
[2022/08/25 02:03:03.183] - eth_getTransactionCount
[2022/08/25 02:03:03.183] - eth_getBalance
[2022/08/25 02:03:03.183] - eth_getTransactionCount
[2022/08/25 02:03:03.184] - eth_getBalance
[2022/08/25 02:03:03.185] - eth_getTransactionCount
[2022/08/25 02:03:03.193] - eth_getBalance
[2022/08/25 02:03:03.194] - eth_getTransactionCount
[2022/08/25 02:03:03.196] - eth_getBalance
[2022/08/25 02:03:03.196] - eth_getTransactionCount
[2022/08/25 02:03:03.196] - eth_getBalance
[2022/08/25 02:03:03.196] - eth_getTransactionCount
[2022/08/25 02:03:03.197] - eth_getBalance
[2022/08/25 02:03:03.197] - eth_getTransactionCount
[2022/08/25 02:03:03.197] - eth_getBalance
[2022/08/25 02:03:03.198] - eth_getTransactionCount
[2022/08/25 02:03:03.199] - eth_getBalance
[2022/08/25 02:03:03.201] - eth_getTransactionCount
[2022/08/25 02:03:03.202] - eth_getBalance
[2022/08/25 02:03:03.203] - eth_getTransactionCount
[2022/08/25 02:03:03.207] - eth_getBalance
[2022/08/25 02:03:03.210] - eth_getTransactionCount
[2022/08/25 02:03:03.214] - eth_getBalance
[2022/08/25 02:03:03.217] - eth_getTransactionCount
[2022/08/25 02:03:03.217] - eth_getBalance
[2022/08/25 02:03:03.219] - eth_getTransactionCount
[2022/08/25 02:03:03.222] - eth_getBalance
[2022/08/25 02:03:03.224] - eth_getTransactionCount
[2022/08/25 02:03:03.226] - eth_blockNumber
[2022/08/25 02:03:03.227] - eth_accounts
[2022/08/25 02:03:03.230] - eth_gasPrice
[2022/08/25 02:03:03.230] - eth_getBlockByNumber
[2022/08/25 02:03:03.231] - eth_subscribe
[2022/08/25 02:03:03.605] - eth_getBalance
[2022/08/25 02:03:03.606] - eth_getTransactionCount
[2022/08/25 02:03:03.608] - eth_getBalance
[2022/08/25 02:03:03.610] - eth_getTransactionCount
[2022/08/25 02:03:03.612] - eth_getBalance
[2022/08/25 02:03:03.613] - eth_getTransactionCount
[2022/08/25 02:03:03.615] - eth_getBalance
[2022/08/25 02:03:03.618] - eth_getTransactionCount
[2022/08/25 02:03:03.623] - eth_getBalance
[2022/08/25 02:03:03.629] - eth_getTransactionCount
[2022/08/25 02:03:03.633] - eth_getBalance
[2022/08/25 02:03:03.635] - eth_getTransactionCount
[2022/08/25 02:03:03.637] - eth_getBalance
[2022/08/25 02:03:03.641] - eth_getTransactionCount
[2022/08/25 02:03:03.641] - eth_getBalance
[2022/08/25 02:03:03.641] - eth_getTransactionCount
[2022/08/25 02:03:03.646] - eth_getBalance
[2022/08/25 02:03:03.651] - eth_getTransactionCount
[2022/08/25 02:03:03.652] - eth_getBalance
[2022/08/25 02:03:03.653] - eth_getTransactionCount
[2022/08/25 02:03:03.656] - eth_getBalance
[2022/08/25 02:03:03.660] - eth_getTransactionCount
[2022/08/25 02:03:03.660] - eth_getBalance
[2022/08/25 02:03:03.660] - eth_getTransactionCount
[2022/08/25 02:03:03.661] - eth_getBalance
[2022/08/25 02:03:03.663] - eth_getTransactionCount
[2022/08/25 02:03:03.664] - eth_getBalance
[2022/08/25 02:03:03.671] - eth_getTransactionCount
[2022/08/25 02:03:03.673] - eth_getBalance
[2022/08/25 02:03:03.674] - eth_getTransactionCount
[2022/08/25 02:03:03.680] - eth_getBalance
[2022/08/25 02:03:03.681] - eth_getTransactionCount
[2022/08/25 02:03:03.681] - eth_getBalance
[2022/08/25 02:03:03.681] - eth_getTransactionCount
[2022/08/25 02:03:03.685] - eth_getBalance
[2022/08/25 02:03:03.685] - eth_getTransactionCount
[2022/08/25 02:03:03.685] - eth_getBalance
[2022/08/25 02:03:03.687] - eth_getTransactionCount
[2022/08/25 02:03:03.688] - eth_getBalance
[2022/08/25 02:03:03.690] - eth_getTransactionCount
[2022/08/25 02:03:03.691] - eth_getBalance
[2022/08/25 02:03:03.693] - eth_getTransactionCount
[2022/08/25 02:03:03.699] - eth_getBalance
[2022/08/25 02:03:03.703] - eth_getTransactionCount
[2022/08/25 02:03:03.703] - eth_getBalance
[2022/08/25 02:03:03.705] - eth_getTransactionCount
[2022/08/25 02:03:03.706] - eth_getBalance
[2022/08/25 02:03:03.709] - eth_getTransactionCount
[2022/08/25 02:03:03.712] - eth_getBalance
[2022/08/25 02:03:03.713] - eth_getTransactionCount
[2022/08/25 02:03:03.713] - eth_getBalance
[2022/08/25 02:03:03.714] - eth_getTransactionCount
[2022/08/25 02:03:03.715] - eth_getBalance
[2022/08/25 02:03:03.717] - eth_getTransactionCount
[2022/08/25 02:03:03.719] - eth_getBalance
[2022/08/25 02:03:03.727] - eth_getTransactionCount
[2022/08/25 02:03:03.727] - eth_getBalance
[2022/08/25 02:03:03.727] - eth_getTransactionCount
[2022/08/25 02:03:03.729] - eth_getBalance
[2022/08/25 02:03:03.731] - eth_getTransactionCount
[2022/08/25 02:03:03.732] - eth_getBalance
[2022/08/25 02:03:03.734] - eth_getTransactionCount
[2022/08/25 02:03:03.736] - eth_getBalance
[2022/08/25 02:03:03.737] - eth_getTransactionCount
[2022/08/25 02:03:03.740] - eth_getBalance
[2022/08/25 02:03:03.742] - eth_getTransactionCount
[2022/08/25 02:03:03.744] - eth_getBalance
[2022/08/25 02:03:03.745] - eth_getTransactionCount
[2022/08/25 02:03:03.747] - eth_getBalance
[2022/08/25 02:03:03.748] - eth_getTransactionCount
[2022/08/25 02:03:03.750] - eth_getBalance
[2022/08/25 02:03:03.751] - eth_getTransactionCount
[2022/08/25 02:03:03.753] - eth_getBalance
[2022/08/25 02:03:03.754] - eth_getTransactionCount
[2022/08/25 02:03:03.756] - eth_getBalance
[2022/08/25 02:03:03.757] - eth_getTransactionCount
[2022/08/25 02:03:03.759] - eth_getBalance
[2022/08/25 02:03:03.762] - eth_getTransactionCount
[2022/08/25 02:03:03.764] - eth_getBalance
[2022/08/25 02:03:03.764] - eth_getTransactionCount
[2022/08/25 02:03:03.767] - eth_getBalance
[2022/08/25 02:03:03.767] - eth_getTransactionCount
[2022/08/25 02:03:03.769] - eth_getBalance
[2022/08/25 02:03:03.771] - eth_getTransactionCount
[2022/08/25 02:03:03.772] - eth_getBalance
[2022/08/25 02:03:03.780] - eth_getTransactionCount
[2022/08/25 02:03:03.781] - eth_getBalance
[2022/08/25 02:03:03.781] - eth_getTransactionCount
[2022/08/25 02:03:03.782] - eth_getBalance
[2022/08/25 02:03:03.782] - eth_getTransactionCount
[2022/08/25 02:03:03.786] - eth_getBalance
[2022/08/25 02:03:03.786] - eth_getTransactionCount
[2022/08/25 02:03:03.787] - eth_getBalance
[2022/08/25 02:03:03.790] - eth_getTransactionCount
[2022/08/25 02:03:03.792] - eth_getBalance
[2022/08/25 02:03:03.792] - eth_getTransactionCount
[2022/08/25 02:03:03.794] - eth_getBalance
[2022/08/25 02:03:03.797] - eth_getTransactionCount
[2022/08/25 02:03:03.798] - eth_getBalance
[2022/08/25 02:03:03.800] - eth_getTransactionCount
[2022/08/25 02:03:15.377] - eth_getBlockByNumber
[2022/08/25 02:03:15.396] - eth_getLogs
[2022/08/25 02:03:20.616] - eth_getBlockByNumber
[2022/08/25 02:04:52.807] - eth_accounts
[2022/08/25 02:04:52.826] - eth_accounts
[2022/08/25 02:04:52.834] - eth_accounts
[2022/08/25 02:04:52.841] - eth_accounts
[2022/08/25 02:04:52.849] - eth_accounts
[2022/08/25 02:04:52.856] - eth_accounts
[2022/08/25 02:04:52.864] - eth_accounts
[2022/08/25 02:04:52.872] - eth_accounts
[2022/08/25 02:04:52.879] - eth_accounts
[2022/08/25 02:04:52.886] - eth_accounts
[2022/08/25 02:04:52.893] - eth_accounts
[2022/08/25 02:04:52.900] - eth_accounts
[2022/08/25 02:04:52.906] - eth_accounts
[2022/08/25 02:04:52.912] - eth_accounts
[2022/08/25 02:04:52.919] - eth_accounts
[2022/08/25 02:04:52.925] - eth_accounts
[2022/08/25 02:04:52.932] - eth_accounts
[2022/08/25 02:04:52.938] - eth_accounts
[2022/08/25 02:04:52.944] - eth_accounts
[2022/08/25 02:04:52.951] - eth_accounts
[2022/08/25 02:04:52.958] - eth_accounts
[2022/08/25 02:04:52.967] - eth_accounts
[2022/08/25 02:04:52.974] - eth_accounts
[2022/08/25 02:04:53.160] - eth_getBalance
[2022/08/25 02:05:09.742] - eth_accounts
[2022/08/25 02:05:09.750] - eth_accounts
[2022/08/25 02:05:09.758] - eth_accounts
[2022/08/25 02:05:09.767] - eth_accounts
[2022/08/25 02:05:09.775] - eth_accounts
[2022/08/25 02:05:09.782] - eth_accounts
[2022/08/25 02:05:09.790] - eth_accounts
[2022/08/25 02:05:09.798] - eth_accounts
[2022/08/25 02:05:09.804] - eth_accounts
[2022/08/25 02:05:09.811] - eth_accounts
[2022/08/25 02:05:09.819] - eth_accounts
[2022/08/25 02:05:09.827] - eth_accounts
[2022/08/25 02:05:09.835] - eth_accounts
[2022/08/25 02:05:09.842] - eth_accounts
[2022/08/25 02:05:09.857] - eth_accounts
[2022/08/25 02:05:09.867] - eth_accounts
[2022/08/25 02:05:09.876] - eth_accounts
[2022/08/25 02:05:09.885] - eth_accounts
[2022/08/25 02:05:09.893] - eth_accounts
[2022/08/25 02:05:09.902] - eth_accounts
[2022/08/25 02:05:09.910] - eth_accounts
[2022/08/25 02:05:09.918] - eth_accounts
[2022/08/25 02:05:09.927] - eth_accounts
[2022/08/25 02:05:10.122] - eth_getBalance
[2022/08/25 02:05:15.182] - eth_accounts
[2022/08/25 02:05:15.193] - eth_accounts
[2022/08/25 02:05:15.201] - eth_accounts
[2022/08/25 02:05:15.209] - eth_accounts
[2022/08/25 02:05:15.220] - eth_accounts
[2022/08/25 02:05:15.231] - eth_accounts
[2022/08/25 02:05:15.237] - eth_accounts
[2022/08/25 02:05:15.247] - eth_accounts
[2022/08/25 02:05:15.267] - eth_accounts
[2022/08/25 02:05:15.275] - eth_accounts
[2022/08/25 02:05:15.283] - eth_accounts
[2022/08/25 02:05:15.290] - eth_accounts
[2022/08/25 02:05:15.298] - eth_accounts
[2022/08/25 02:05:15.303] - eth_accounts
[2022/08/25 02:05:15.309] - eth_accounts
[2022/08/25 02:05:15.316] - eth_accounts
[2022/08/25 02:05:15.323] - eth_accounts
[2022/08/25 02:05:15.330] - eth_accounts
[2022/08/25 02:05:15.337] - eth_accounts
[2022/08/25 02:05:15.343] - eth_accounts
[2022/08/25 02:05:15.350] - eth_accounts
[2022/08/25 02:05:15.357] - eth_accounts
[2022/08/25 02:05:15.363] - eth_accounts
[2022/08/25 02:05:15.509] - eth_getBalance
[2022/08/25 02:10:27.112] - eth_accounts
[2022/08/25 02:10:27.130] - eth_accounts
[2022/08/25 02:10:27.137] - eth_accounts
[2022/08/25 02:10:27.143] - eth_accounts
[2022/08/25 02:10:27.149] - eth_accounts
[2022/08/25 02:10:27.155] - eth_accounts
[2022/08/25 02:10:27.162] - eth_accounts
[2022/08/25 02:10:27.178] - eth_accounts
[2022/08/25 02:10:27.184] - eth_accounts
[2022/08/25 02:10:27.190] - eth_accounts
[2022/08/25 02:10:27.197] - eth_accounts
[2022/08/25 02:10:27.209] - eth_accounts
[2022/08/25 02:10:27.215] - eth_accounts
[2022/08/25 02:10:27.222] - eth_accounts
[2022/08/25 02:10:27.229] - eth_accounts
[2022/08/25 02:10:27.235] - eth_accounts
[2022/08/25 02:10:27.241] - eth_accounts
[2022/08/25 02:10:27.255] - eth_accounts
[2022/08/25 02:10:27.261] - eth_accounts
[2022/08/25 02:10:27.268] - eth_accounts
[2022/08/25 02:10:27.275] - eth_accounts
[2022/08/25 02:10:27.284] - eth_accounts
[2022/08/25 02:10:27.290] - eth_accounts
[2022/08/25 02:10:27.601] - eth_getBalance
[2022/08/25 02:10:43.497] - eth_accounts
[2022/08/25 02:10:43.508] - eth_accounts
[2022/08/25 02:10:43.518] - eth_accounts
[2022/08/25 02:10:43.528] - eth_accounts
[2022/08/25 02:10:43.537] - eth_accounts
[2022/08/25 02:10:43.545] - eth_accounts
[2022/08/25 02:10:43.554] - eth_accounts
[2022/08/25 02:10:43.561] - eth_accounts
[2022/08/25 02:10:43.569] - eth_accounts
[2022/08/25 02:10:43.585] - eth_accounts
[2022/08/25 02:10:43.592] - eth_accounts
[2022/08/25 02:10:43.599] - eth_accounts
[2022/08/25 02:10:43.605] - eth_accounts
[2022/08/25 02:10:43.613] - eth_accounts
[2022/08/25 02:10:43.619] - eth_accounts
[2022/08/25 02:10:43.626] - eth_accounts
[2022/08/25 02:10:43.640] - eth_accounts
[2022/08/25 02:10:43.649] - eth_accounts
[2022/08/25 02:10:43.656] - eth_accounts
[2022/08/25 02:10:43.663] - eth_accounts
[2022/08/25 02:10:43.669] - eth_accounts
[2022/08/25 02:10:43.675] - eth_accounts
[2022/08/25 02:10:43.681] - eth_accounts
[2022/08/25 02:10:43.883] - eth_getBalance
[2022/08/25 02:10:43.911] - eth_estimateGas
[2022/08/25 02:10:43.934] - eth_getTransactionCount
[2022/08/25 02:10:43.940] - eth_getTransactionCount
[2022/08/25 02:10:43.947] - eth_sendRawTransaction
[2022/08/25 02:10:52.309] - eth_accounts
[2022/08/25 02:10:52.328] - eth_accounts
[2022/08/25 02:10:52.338] - eth_accounts
[2022/08/25 02:10:52.348] - eth_accounts
[2022/08/25 02:10:52.357] - eth_accounts
[2022/08/25 02:10:52.365] - eth_accounts
[2022/08/25 02:10:52.373] - eth_accounts
[2022/08/25 02:10:52.380] - eth_accounts
[2022/08/25 02:10:52.388] - eth_accounts
[2022/08/25 02:10:52.402] - eth_accounts
[2022/08/25 02:10:52.410] - eth_accounts
[2022/08/25 02:10:52.417] - eth_accounts
[2022/08/25 02:10:52.424] - eth_accounts
[2022/08/25 02:10:52.436] - eth_accounts
[2022/08/25 02:10:52.446] - eth_accounts
[2022/08/25 02:10:52.453] - eth_accounts
[2022/08/25 02:10:52.460] - eth_accounts
[2022/08/25 02:10:52.467] - eth_accounts
[2022/08/25 02:10:52.474] - eth_accounts
[2022/08/25 02:10:52.482] - eth_accounts
[2022/08/25 02:10:52.490] - eth_accounts
[2022/08/25 02:10:52.498] - eth_accounts
[2022/08/25 02:10:52.507] - eth_accounts
[2022/08/25 02:10:52.674] - eth_getBalance
[2022/08/25 02:11:09.394] - eth_accounts
[2022/08/25 02:11:09.415] - eth_accounts
[2022/08/25 02:11:09.424] - eth_accounts
[2022/08/25 02:11:09.432] - eth_accounts
[2022/08/25 02:11:09.441] - eth_accounts
[2022/08/25 02:11:09.449] - eth_accounts
[2022/08/25 02:11:09.456] - eth_accounts
[2022/08/25 02:11:09.463] - eth_accounts
[2022/08/25 02:11:09.470] - eth_accounts
[2022/08/25 02:11:09.487] - eth_accounts
[2022/08/25 02:11:09.496] - eth_accounts
[2022/08/25 02:11:09.503] - eth_accounts
[2022/08/25 02:11:09.517] - eth_accounts
[2022/08/25 02:11:09.532] - eth_accounts
[2022/08/25 02:11:09.540] - eth_accounts
[2022/08/25 02:11:09.547] - eth_accounts
[2022/08/25 02:11:09.553] - eth_accounts
[2022/08/25 02:11:09.559] - eth_accounts
[2022/08/25 02:11:09.574] - eth_accounts
[2022/08/25 02:11:09.583] - eth_accounts
[2022/08/25 02:11:09.591] - eth_accounts
[2022/08/25 02:11:09.599] - eth_accounts
[2022/08/25 02:11:09.607] - eth_accounts
[2022/08/25 02:11:09.754] - eth_getBalance
[2022/08/25 02:11:09.804] - eth_estimateGas
[2022/08/25 02:11:09.839] - eth_getTransactionCount
[2022/08/25 02:11:09.849] - eth_getTransactionCount
[2022/08/25 02:11:09.856] - eth_sendRawTransaction
[2022/08/25 02:11:23.921] - eth_accounts
[2022/08/25 02:11:23.935] - eth_accounts
[2022/08/25 02:11:23.945] - eth_accounts
[2022/08/25 02:11:23.955] - eth_accounts
[2022/08/25 02:11:23.963] - eth_accounts
[2022/08/25 02:11:23.970] - eth_accounts
[2022/08/25 02:11:23.977] - eth_accounts
[2022/08/25 02:11:23.985] - eth_accounts
[2022/08/25 02:11:23.992] - eth_accounts
[2022/08/25 02:11:24.000] - eth_accounts
[2022/08/25 02:11:24.024] - eth_accounts
[2022/08/25 02:11:24.081] - eth_accounts
[2022/08/25 02:11:24.106] - eth_accounts
[2022/08/25 02:11:24.115] - eth_accounts
[2022/08/25 02:11:24.125] - eth_accounts
[2022/08/25 02:11:24.134] - eth_accounts
[2022/08/25 02:11:24.143] - eth_accounts
[2022/08/25 02:11:24.152] - eth_accounts
[2022/08/25 02:11:24.162] - eth_accounts
[2022/08/25 02:11:24.169] - eth_accounts
[2022/08/25 02:11:24.178] - eth_accounts
[2022/08/25 02:11:24.185] - eth_accounts
[2022/08/25 02:11:24.192] - eth_accounts
[2022/08/25 02:11:24.387] - eth_getBalance
[2022/08/25 02:11:27.204] - eth_accounts
[2022/08/25 02:11:27.214] - eth_accounts
[2022/08/25 02:11:27.223] - eth_accounts
[2022/08/25 02:11:27.233] - eth_accounts
[2022/08/25 02:11:27.242] - eth_accounts
[2022/08/25 02:11:27.250] - eth_accounts
[2022/08/25 02:11:27.259] - eth_accounts
[2022/08/25 02:11:27.267] - eth_accounts
[2022/08/25 02:11:27.275] - eth_accounts
[2022/08/25 02:11:27.282] - eth_accounts
[2022/08/25 02:11:27.289] - eth_accounts
[2022/08/25 02:11:27.297] - eth_accounts
[2022/08/25 02:11:27.304] - eth_accounts
[2022/08/25 02:11:27.310] - eth_accounts
[2022/08/25 02:11:27.317] - eth_accounts
[2022/08/25 02:11:27.324] - eth_accounts
[2022/08/25 02:11:27.331] - eth_accounts
[2022/08/25 02:11:27.341] - eth_accounts
[2022/08/25 02:11:27.348] - eth_accounts
[2022/08/25 02:11:27.356] - eth_accounts
[2022/08/25 02:11:27.363] - eth_accounts
[2022/08/25 02:11:27.371] - eth_accounts
[2022/08/25 02:11:27.378] - eth_accounts
[2022/08/25 02:11:27.489] - eth_getBalance
[2022/08/25 02:11:27.525] - eth_estimateGas
[2022/08/25 02:11:27.544] - eth_getTransactionCount
[2022/08/25 02:11:27.550] - eth_getTransactionCount
[2022/08/25 02:11:27.556] - eth_sendRawTransaction
[2022/08/25 02:12:50.071] - eth_accounts
[2022/08/25 02:12:50.096] - eth_accounts
[2022/08/25 02:12:50.104] - eth_accounts
[2022/08/25 02:12:50.112] - eth_accounts
[2022/08/25 02:12:50.119] - eth_accounts
[2022/08/25 02:12:50.125] - eth_accounts
[2022/08/25 02:12:50.133] - eth_accounts
[2022/08/25 02:12:50.148] - eth_accounts
[2022/08/25 02:12:50.156] - eth_accounts
[2022/08/25 02:12:50.163] - eth_accounts
[2022/08/25 02:12:50.169] - eth_accounts
[2022/08/25 02:12:50.176] - eth_accounts
[2022/08/25 02:12:50.183] - eth_accounts
[2022/08/25 02:12:50.200] - eth_accounts
[2022/08/25 02:12:50.208] - eth_accounts
[2022/08/25 02:12:50.214] - eth_accounts
[2022/08/25 02:12:50.220] - eth_accounts
[2022/08/25 02:12:50.226] - eth_accounts
[2022/08/25 02:12:50.234] - eth_accounts
[2022/08/25 02:12:50.242] - eth_accounts
[2022/08/25 02:12:50.248] - eth_accounts
[2022/08/25 02:12:50.254] - eth_accounts
[2022/08/25 02:12:50.260] - eth_accounts
[2022/08/25 02:12:50.472] - eth_getBalance
[2022/08/25 02:12:57.041] - eth_accounts
[2022/08/25 02:12:57.053] - eth_accounts
[2022/08/25 02:12:57.064] - eth_accounts
[2022/08/25 02:12:57.074] - eth_accounts
[2022/08/25 02:12:57.081] - eth_accounts
[2022/08/25 02:12:57.089] - eth_accounts
[2022/08/25 02:12:57.096] - eth_accounts
[2022/08/25 02:12:57.104] - eth_accounts
[2022/08/25 02:12:57.111] - eth_accounts
[2022/08/25 02:12:57.118] - eth_accounts
[2022/08/25 02:12:57.124] - eth_accounts
[2022/08/25 02:12:57.137] - eth_accounts
[2022/08/25 02:12:57.143] - eth_accounts
[2022/08/25 02:12:57.150] - eth_accounts
[2022/08/25 02:12:57.157] - eth_accounts
[2022/08/25 02:12:57.163] - eth_accounts
[2022/08/25 02:12:57.170] - eth_accounts
[2022/08/25 02:12:57.178] - eth_accounts
[2022/08/25 02:12:57.185] - eth_accounts
[2022/08/25 02:12:57.191] - eth_accounts
[2022/08/25 02:12:57.197] - eth_accounts
[2022/08/25 02:12:57.203] - eth_accounts
[2022/08/25 02:12:57.210] - eth_accounts
[2022/08/25 02:12:57.346] - eth_getBalance
[2022/08/25 02:12:57.372] - eth_estimateGas
[2022/08/25 02:12:57.407] - eth_getTransactionCount
[2022/08/25 02:12:57.416] - eth_getTransactionCount
[2022/08/25 02:12:57.428] - eth_sendRawTransaction
[2022/08/25 02:14:53.561] - eth_accounts
[2022/08/25 02:14:53.574] - eth_accounts
[2022/08/25 02:14:53.581] - eth_accounts
[2022/08/25 02:14:53.587] - eth_accounts
[2022/08/25 02:14:53.594] - eth_accounts
[2022/08/25 02:14:53.600] - eth_accounts
[2022/08/25 02:14:53.608] - eth_accounts
[2022/08/25 02:14:53.615] - eth_accounts
[2022/08/25 02:14:53.621] - eth_accounts
[2022/08/25 02:14:53.627] - eth_accounts
[2022/08/25 02:14:53.634] - eth_accounts
[2022/08/25 02:14:53.642] - eth_accounts
[2022/08/25 02:14:53.652] - eth_accounts
[2022/08/25 02:14:53.658] - eth_accounts
[2022/08/25 02:14:53.665] - eth_accounts
[2022/08/25 02:14:53.673] - eth_accounts
[2022/08/25 02:14:53.680] - eth_accounts
[2022/08/25 02:14:53.687] - eth_accounts
[2022/08/25 02:14:53.694] - eth_accounts
[2022/08/25 02:14:53.700] - eth_accounts
[2022/08/25 02:14:53.707] - eth_accounts
[2022/08/25 02:14:53.713] - eth_accounts
[2022/08/25 02:14:53.719] - eth_accounts
[2022/08/25 02:14:53.965] - eth_getBalance
[2022/08/25 02:14:57.614] - eth_accounts
[2022/08/25 02:14:57.623] - eth_accounts
[2022/08/25 02:14:57.634] - eth_accounts
[2022/08/25 02:14:57.642] - eth_accounts
[2022/08/25 02:14:57.650] - eth_accounts
[2022/08/25 02:14:57.657] - eth_accounts
[2022/08/25 02:14:57.668] - eth_accounts
[2022/08/25 02:14:57.674] - eth_accounts
[2022/08/25 02:14:57.680] - eth_accounts
[2022/08/25 02:14:57.686] - eth_accounts
[2022/08/25 02:14:57.694] - eth_accounts
[2022/08/25 02:14:57.700] - eth_accounts
[2022/08/25 02:14:57.707] - eth_accounts
[2022/08/25 02:14:57.713] - eth_accounts
[2022/08/25 02:14:57.720] - eth_accounts
[2022/08/25 02:14:57.726] - eth_accounts
[2022/08/25 02:14:57.732] - eth_accounts
[2022/08/25 02:14:57.741] - eth_accounts
[2022/08/25 02:14:57.750] - eth_accounts
[2022/08/25 02:14:57.757] - eth_accounts
[2022/08/25 02:14:57.763] - eth_accounts
[2022/08/25 02:14:57.769] - eth_accounts
[2022/08/25 02:14:57.776] - eth_accounts
[2022/08/25 02:14:57.951] - eth_getBalance
[2022/08/25 02:14:57.982] - eth_estimateGas
[2022/08/25 02:14:58.019] - eth_getTransactionCount
[2022/08/25 02:14:58.024] - eth_getTransactionCount
[2022/08/25 02:14:58.030] - eth_sendRawTransaction
[2022/08/25 02:14:58.055] - 
[2022/08/25 02:14:58.056] -   Transaction: 0x1d14bb2435f389910c17bf4f0f83beed7ec7b7c1ecbdf69b8690da8e5b5f6af7
[2022/08/25 02:14:58.056] -   Gas usage: 21000
[2022/08/25 02:14:58.056] -   Block Number: 1
[2022/08/25 02:14:58.056] -   Block Time: Thu Aug 25 2022 02:14:58 GMT-0400 (Eastern Daylight Time)
[2022/08/25 02:14:58.056] - 
[2022/08/25 02:14:58.057] - eth_getBlockByNumber
[2022/08/25 02:14:58.087] - eth_getBalance
[2022/08/25 02:14:58.096] - eth_getTransactionCount
[2022/08/25 02:14:58.105] - eth_getBalance
[2022/08/25 02:14:58.106] - eth_getTransactionCount
[2022/08/25 02:14:58.106] - eth_getBalance
[2022/08/25 02:14:58.109] - eth_getTransactionCount
[2022/08/25 02:14:58.109] - eth_getBalance
[2022/08/25 02:14:58.111] - eth_getTransactionCount
[2022/08/25 02:14:58.113] - eth_getBalance
[2022/08/25 02:14:58.114] - eth_getTransactionCount
[2022/08/25 02:14:58.117] - eth_getBalance
[2022/08/25 02:14:58.123] - eth_getTransactionCount
[2022/08/25 02:14:58.125] - eth_getBalance
[2022/08/25 02:14:58.127] - eth_getTransactionCount
[2022/08/25 02:14:58.130] - eth_getBalance
[2022/08/25 02:14:58.131] - eth_getTransactionCount
[2022/08/25 02:14:58.136] - eth_getBalance
[2022/08/25 02:14:58.137] - eth_getTransactionCount
[2022/08/25 02:14:58.137] - eth_getBalance
[2022/08/25 02:14:58.138] - eth_getTransactionCount
[2022/08/25 02:14:58.140] - eth_getBalance
[2022/08/25 02:14:58.157] - eth_getTransactionCount
[2022/08/25 02:14:58.157] - eth_getBalance
[2022/08/25 02:14:58.158] - eth_getTransactionCount
[2022/08/25 02:14:58.159] - eth_getBalance
[2022/08/25 02:14:58.159] - eth_getTransactionCount
[2022/08/25 02:14:58.159] - eth_getBalance
[2022/08/25 02:14:58.159] - eth_getTransactionCount
[2022/08/25 02:14:58.166] - eth_getBalance
[2022/08/25 02:14:58.168] - eth_getTransactionCount
[2022/08/25 02:14:58.171] - eth_getBalance
[2022/08/25 02:14:58.172] - eth_getTransactionCount
[2022/08/25 02:14:58.177] - eth_getBalance
[2022/08/25 02:14:58.179] - eth_getTransactionCount
[2022/08/25 02:14:58.179] - eth_getBalance
[2022/08/25 02:14:58.179] - eth_getTransactionCount
[2022/08/25 02:14:58.179] - eth_getBalance
[2022/08/25 02:14:58.179] - eth_getTransactionCount
[2022/08/25 02:14:58.184] - eth_getBalance
[2022/08/25 02:14:58.184] - eth_getTransactionCount
[2022/08/25 02:14:58.185] - eth_getBalance
[2022/08/25 02:14:58.187] - eth_getTransactionCount
[2022/08/25 02:14:58.189] - eth_getBalance
[2022/08/25 02:14:58.190] - eth_getTransactionCount
[2022/08/25 02:14:58.192] - eth_getBalance
[2022/08/25 02:14:58.194] - eth_getTransactionCount
[2022/08/25 02:14:58.198] - eth_getBalance
[2022/08/25 02:14:58.198] - eth_getTransactionCount
[2022/08/25 02:14:58.199] - eth_getBalance
[2022/08/25 02:14:58.202] - eth_getTransactionCount
[2022/08/25 02:17:06.968] - eth_accounts
[2022/08/25 02:17:06.984] - eth_accounts
[2022/08/25 02:17:06.991] - eth_accounts
[2022/08/25 02:17:07.000] - eth_accounts
[2022/08/25 02:17:07.006] - eth_accounts
[2022/08/25 02:17:07.013] - eth_accounts
[2022/08/25 02:17:07.020] - eth_accounts
[2022/08/25 02:17:07.027] - eth_accounts
[2022/08/25 02:17:07.034] - eth_accounts
[2022/08/25 02:17:07.041] - eth_accounts
[2022/08/25 02:17:07.048] - eth_accounts
[2022/08/25 02:17:07.055] - eth_accounts
[2022/08/25 02:17:07.062] - eth_accounts
[2022/08/25 02:17:07.069] - eth_accounts
[2022/08/25 02:17:07.077] - eth_accounts
[2022/08/25 02:17:07.085] - eth_accounts
[2022/08/25 02:17:07.092] - eth_accounts
[2022/08/25 02:17:07.102] - eth_accounts
[2022/08/25 02:17:07.110] - eth_accounts
[2022/08/25 02:17:07.118] - eth_accounts
[2022/08/25 02:17:07.126] - eth_accounts
[2022/08/25 02:17:07.134] - eth_accounts
[2022/08/25 02:17:07.142] - eth_accounts
[2022/08/25 02:17:07.364] - eth_getBalance
[2022/08/25 02:21:51.712] - eth_accounts
[2022/08/25 02:21:51.725] - eth_accounts
[2022/08/25 02:21:51.738] - eth_accounts
[2022/08/25 02:21:51.745] - eth_accounts
[2022/08/25 02:21:51.753] - eth_accounts
[2022/08/25 02:21:51.759] - eth_accounts
[2022/08/25 02:21:51.766] - eth_accounts
[2022/08/25 02:21:51.774] - eth_accounts
[2022/08/25 02:21:51.781] - eth_accounts
[2022/08/25 02:21:51.788] - eth_accounts
[2022/08/25 02:21:51.797] - eth_accounts
[2022/08/25 02:21:51.805] - eth_accounts
[2022/08/25 02:21:51.814] - eth_accounts
[2022/08/25 02:21:51.823] - eth_accounts
[2022/08/25 02:21:51.831] - eth_accounts
[2022/08/25 02:21:51.838] - eth_accounts
[2022/08/25 02:21:51.844] - eth_accounts
[2022/08/25 02:21:51.850] - eth_accounts
[2022/08/25 02:21:51.858] - eth_accounts
[2022/08/25 02:21:51.867] - eth_accounts
[2022/08/25 02:21:51.873] - eth_accounts
[2022/08/25 02:21:51.881] - eth_accounts
[2022/08/25 02:21:51.889] - eth_accounts
[2022/08/25 02:21:52.087] - eth_getBalance
[2022/08/25 02:24:37.104] - eth_accounts
[2022/08/25 02:24:37.130] - eth_accounts
[2022/08/25 02:24:37.138] - eth_accounts
[2022/08/25 02:24:37.145] - eth_accounts
[2022/08/25 02:24:37.152] - eth_accounts
[2022/08/25 02:24:37.161] - eth_accounts
[2022/08/25 02:24:37.173] - eth_accounts
[2022/08/25 02:24:37.180] - eth_accounts
[2022/08/25 02:24:37.187] - eth_accounts
[2022/08/25 02:24:37.194] - eth_accounts
[2022/08/25 02:24:37.207] - eth_accounts
[2022/08/25 02:24:37.215] - eth_accounts
[2022/08/25 02:24:37.223] - eth_accounts
[2022/08/25 02:24:37.231] - eth_accounts
[2022/08/25 02:24:37.237] - eth_accounts
[2022/08/25 02:24:37.246] - eth_accounts
[2022/08/25 02:24:37.255] - eth_accounts
[2022/08/25 02:24:37.262] - eth_accounts
[2022/08/25 02:24:37.270] - eth_accounts
[2022/08/25 02:24:37.276] - eth_accounts
[2022/08/25 02:24:37.282] - eth_accounts
[2022/08/25 02:24:37.289] - eth_accounts
[2022/08/25 02:24:37.299] - eth_accounts
[2022/08/25 02:24:37.511] - eth_getBalance
[2022/08/25 02:51:45.285] - eth_accounts
[2022/08/25 02:51:45.314] - eth_accounts
[2022/08/25 02:51:45.322] - eth_accounts
[2022/08/25 02:51:45.335] - eth_accounts
[2022/08/25 02:51:45.345] - eth_accounts
[2022/08/25 02:51:45.357] - eth_accounts
[2022/08/25 02:51:45.365] - eth_accounts
[2022/08/25 02:51:45.373] - eth_accounts
[2022/08/25 02:51:45.380] - eth_accounts
[2022/08/25 02:51:45.387] - eth_accounts
[2022/08/25 02:51:45.394] - eth_accounts
[2022/08/25 02:51:45.400] - eth_accounts
[2022/08/25 02:51:45.407] - eth_accounts
[2022/08/25 02:51:45.413] - eth_accounts
[2022/08/25 02:51:45.420] - eth_accounts
[2022/08/25 02:51:45.427] - eth_accounts
[2022/08/25 02:51:45.433] - eth_accounts
[2022/08/25 02:51:45.440] - eth_accounts
[2022/08/25 02:51:45.446] - eth_accounts
[2022/08/25 02:51:45.453] - eth_accounts
[2022/08/25 02:51:45.460] - eth_accounts
[2022/08/25 02:51:45.467] - eth_accounts
[2022/08/25 02:51:45.473] - eth_accounts
[2022/08/25 02:51:45.727] - eth_getBalance
[2022/08/25 02:52:57.625] - eth_accounts
[2022/08/25 02:52:57.636] - eth_accounts
[2022/08/25 02:52:57.654] - eth_accounts
[2022/08/25 02:52:57.665] - eth_accounts
[2022/08/25 02:52:57.678] - eth_accounts
[2022/08/25 02:52:57.686] - eth_accounts
[2022/08/25 02:52:57.699] - eth_accounts
[2022/08/25 02:52:57.709] - eth_accounts
[2022/08/25 02:52:57.720] - eth_accounts
[2022/08/25 02:52:57.729] - eth_accounts
[2022/08/25 02:52:57.739] - eth_accounts
[2022/08/25 02:52:57.747] - eth_accounts
[2022/08/25 02:52:57.763] - eth_accounts
[2022/08/25 02:52:57.774] - eth_accounts
[2022/08/25 02:52:57.783] - eth_accounts
[2022/08/25 02:52:57.793] - eth_accounts
[2022/08/25 02:52:57.801] - eth_accounts
[2022/08/25 02:52:57.810] - eth_accounts
[2022/08/25 02:52:57.821] - eth_accounts
[2022/08/25 02:52:57.830] - eth_accounts
[2022/08/25 02:52:57.837] - eth_accounts
[2022/08/25 02:52:57.843] - eth_accounts
[2022/08/25 02:52:57.850] - eth_accounts
[2022/08/25 02:53:24.753] - eth_accounts
[2022/08/25 02:53:24.763] - eth_accounts
[2022/08/25 02:53:24.772] - eth_accounts
[2022/08/25 02:53:24.778] - eth_accounts
[2022/08/25 02:53:24.784] - eth_accounts
[2022/08/25 02:53:24.790] - eth_accounts
[2022/08/25 02:53:24.796] - eth_accounts
[2022/08/25 02:53:24.804] - eth_accounts
[2022/08/25 02:53:24.812] - eth_accounts
[2022/08/25 02:53:24.820] - eth_accounts
[2022/08/25 02:53:24.828] - eth_accounts
[2022/08/25 02:53:24.835] - eth_accounts
[2022/08/25 02:53:24.842] - eth_accounts
[2022/08/25 02:53:24.848] - eth_accounts
[2022/08/25 02:53:24.856] - eth_accounts
[2022/08/25 02:53:24.862] - eth_accounts
[2022/08/25 02:53:24.868] - eth_accounts
[2022/08/25 02:53:24.877] - eth_accounts
[2022/08/25 02:53:24.884] - eth_accounts
[2022/08/25 02:53:24.890] - eth_accounts
[2022/08/25 02:53:24.896] - eth_accounts
[2022/08/25 02:53:24.901] - eth_accounts
[2022/08/25 02:53:24.909] - eth_accounts
[2022/08/25 02:53:25.065] - eth_getBalance
[2022/08/25 02:54:09.542] - eth_getBlockByNumber
[2022/08/25 02:54:09.594] - eth_getTransactionReceipt
[2022/08/25 02:54:12.163] - eth_getTransactionByHash
[2022/08/25 02:54:32.449] - eth_accounts
[2022/08/25 02:54:32.466] - eth_accounts
[2022/08/25 02:54:32.473] - eth_accounts
[2022/08/25 02:54:32.478] - eth_accounts
[2022/08/25 02:54:32.484] - eth_accounts
[2022/08/25 02:54:32.500] - eth_accounts
[2022/08/25 02:54:32.507] - eth_accounts
[2022/08/25 02:54:32.513] - eth_accounts
[2022/08/25 02:54:32.520] - eth_accounts
[2022/08/25 02:54:32.527] - eth_accounts
[2022/08/25 02:54:32.534] - eth_accounts
[2022/08/25 02:54:32.540] - eth_accounts
[2022/08/25 02:54:32.546] - eth_accounts
[2022/08/25 02:54:32.553] - eth_accounts
[2022/08/25 02:54:32.560] - eth_accounts
[2022/08/25 02:54:32.566] - eth_accounts
[2022/08/25 02:54:32.572] - eth_accounts
[2022/08/25 02:54:32.578] - eth_accounts
[2022/08/25 02:54:32.587] - eth_accounts
[2022/08/25 02:54:32.596] - eth_accounts
[2022/08/25 02:54:32.602] - eth_accounts
[2022/08/25 02:54:32.608] - eth_accounts
[2022/08/25 02:54:32.614] - eth_accounts
[2022/08/25 02:54:32.809] - eth_getBalance
[2022/08/25 02:54:32.843] - eth_estimateGas
[2022/08/25 02:54:32.892] - eth_getTransactionCount
[2022/08/25 02:54:32.899] - eth_getTransactionCount
[2022/08/25 02:54:32.906] - eth_sendRawTransaction
[2022/08/25 02:54:32.921] - 
[2022/08/25 02:54:32.921] -   Transaction: 0xce637fa9ae4e3a06954e006681465029403a5f08aac478197ed20fb83b02cd6f
[2022/08/25 02:54:32.923] -   Gas usage: 21000
[2022/08/25 02:54:32.923] -   Block Number: 2
[2022/08/25 02:54:32.930] -   Block Time: Thu Aug 25 2022 02:54:32 GMT-0400 (Eastern Daylight Time)
[2022/08/25 02:54:32.931] - 
[2022/08/25 02:54:32.932] - eth_getBlockByNumber
[2022/08/25 02:54:32.937] - eth_getBalance
[2022/08/25 02:54:32.943] - eth_getTransactionCount
[2022/08/25 02:54:32.945] - eth_getBalance
[2022/08/25 02:54:32.947] - eth_getTransactionCount
[2022/08/25 02:54:32.948] - eth_getBalance
[2022/08/25 02:54:32.948] - eth_getTransactionCount
[2022/08/25 02:54:32.949] - eth_getBalance
[2022/08/25 02:54:32.950] - eth_getTransactionCount
[2022/08/25 02:54:32.951] - eth_getBalance
[2022/08/25 02:54:32.952] - eth_getTransactionCount
[2022/08/25 02:54:32.953] - eth_getBalance
[2022/08/25 02:54:32.954] - eth_getTransactionCount
[2022/08/25 02:54:32.955] - eth_getBalance
[2022/08/25 02:54:32.955] - eth_getTransactionCount
[2022/08/25 02:54:32.957] - eth_getBalance
[2022/08/25 02:54:32.957] - eth_getTransactionCount
[2022/08/25 02:54:32.959] - eth_getBalance
[2022/08/25 02:54:32.959] - eth_getTransactionCount
[2022/08/25 02:54:32.960] - eth_getBalance
[2022/08/25 02:54:32.962] - eth_getTransactionCount
[2022/08/25 02:54:32.963] - eth_getBalance
[2022/08/25 02:54:32.964] - eth_getTransactionCount
[2022/08/25 02:54:32.964] - eth_getBalance
[2022/08/25 02:54:32.965] - eth_getTransactionCount
[2022/08/25 02:54:32.967] - eth_getBalance
[2022/08/25 02:54:32.967] - eth_getTransactionCount
[2022/08/25 02:54:32.968] - eth_getBalance
[2022/08/25 02:54:32.969] - eth_getTransactionCount
[2022/08/25 02:54:32.970] - eth_getBalance
[2022/08/25 02:54:32.971] - eth_getTransactionCount
[2022/08/25 02:54:32.972] - eth_getBalance
[2022/08/25 02:54:32.973] - eth_getTransactionCount
[2022/08/25 02:54:32.973] - eth_getBalance
[2022/08/25 02:54:32.974] - eth_getTransactionCount
[2022/08/25 02:54:32.975] - eth_getBalance
[2022/08/25 02:54:32.980] - eth_getTransactionCount
[2022/08/25 02:54:32.980] - eth_getBalance
[2022/08/25 02:54:32.981] - eth_getTransactionCount
[2022/08/25 02:54:32.981] - eth_getBalance
[2022/08/25 02:54:32.981] - eth_getTransactionCount
[2022/08/25 02:54:32.981] - eth_getBalance
[2022/08/25 02:54:32.984] - eth_getTransactionCount
[2022/08/25 02:54:32.985] - eth_getBalance
[2022/08/25 02:54:32.985] - eth_getTransactionCount
[2022/08/25 02:54:32.985] - eth_getBalance
[2022/08/25 02:54:32.987] - eth_getTransactionCount
[2022/08/25 02:54:32.987] - eth_getBalance
[2022/08/25 02:54:32.998] - eth_getTransactionCount
[2022/08/25 02:54:33.008] - eth_getBalance
[2022/08/25 02:54:33.010] - eth_getTransactionCount
[2022/08/25 02:54:38.809] - eth_getBlockByNumber
[2022/08/25 02:54:38.821] - eth_getTransactionReceipt
[2022/08/25 02:54:41.377] - eth_getTransactionReceipt
[2022/08/25 02:58:29.110] - eth_accounts
[2022/08/25 02:58:29.127] - eth_accounts
[2022/08/25 02:58:29.140] - eth_accounts
[2022/08/25 02:58:29.148] - eth_accounts
[2022/08/25 02:58:29.157] - eth_accounts
[2022/08/25 02:58:29.165] - eth_accounts
[2022/08/25 02:58:29.175] - eth_accounts
[2022/08/25 02:58:29.183] - eth_accounts
[2022/08/25 02:58:29.193] - eth_accounts
[2022/08/25 02:58:29.202] - eth_accounts
[2022/08/25 02:58:29.210] - eth_accounts
[2022/08/25 02:58:29.218] - eth_accounts
[2022/08/25 02:58:29.227] - eth_accounts
[2022/08/25 02:58:29.234] - eth_accounts
[2022/08/25 02:58:29.240] - eth_accounts
[2022/08/25 02:58:29.247] - eth_accounts
[2022/08/25 02:58:29.253] - eth_accounts
[2022/08/25 02:58:29.259] - eth_accounts
[2022/08/25 02:58:29.266] - eth_accounts
[2022/08/25 02:58:29.272] - eth_accounts
[2022/08/25 02:58:29.278] - eth_accounts
[2022/08/25 02:58:29.284] - eth_accounts
[2022/08/25 02:58:29.290] - eth_accounts
[2022/08/25 02:58:29.491] - eth_getBalance
[2022/08/25 02:58:53.691] - eth_accounts
[2022/08/25 02:58:53.708] - eth_accounts
[2022/08/25 02:58:53.718] - eth_accounts
[2022/08/25 02:58:53.726] - eth_accounts
[2022/08/25 02:58:53.736] - eth_accounts
[2022/08/25 02:58:53.748] - eth_accounts
[2022/08/25 02:58:53.756] - eth_accounts
[2022/08/25 02:58:53.764] - eth_accounts
[2022/08/25 02:58:53.772] - eth_accounts
[2022/08/25 02:58:53.781] - eth_accounts
[2022/08/25 02:58:53.790] - eth_accounts
[2022/08/25 02:58:53.798] - eth_accounts
[2022/08/25 02:58:53.806] - eth_accounts
[2022/08/25 02:58:53.813] - eth_accounts
[2022/08/25 02:58:53.820] - eth_accounts
[2022/08/25 02:58:53.827] - eth_accounts
[2022/08/25 02:58:53.834] - eth_accounts
[2022/08/25 02:58:53.841] - eth_accounts
[2022/08/25 02:58:53.849] - eth_accounts
[2022/08/25 02:58:53.857] - eth_accounts
[2022/08/25 02:58:53.865] - eth_accounts
[2022/08/25 02:58:53.873] - eth_accounts
[2022/08/25 02:58:53.881] - eth_accounts
[2022/08/25 02:58:54.057] - eth_getBalance
[2022/08/25 02:58:54.094] - eth_estimateGas
[2022/08/25 02:58:54.147] - eth_getTransactionCount
[2022/08/25 02:58:54.154] - eth_getTransactionCount
[2022/08/25 02:58:54.163] - eth_sendRawTransaction
[2022/08/25 02:58:54.181] - 
[2022/08/25 02:58:54.181] -   Transaction: 0xd8ed87a0320d073348d7936dff2eaf7af02f58a06182df0f8450661047d3f2d3
[2022/08/25 02:58:54.181] -   Gas usage: 21000
[2022/08/25 02:58:54.182] -   Block Number: 3
[2022/08/25 02:58:54.182] -   Block Time: Thu Aug 25 2022 02:58:54 GMT-0400 (Eastern Daylight Time)
[2022/08/25 02:58:54.182] - 
[2022/08/25 02:58:54.183] - eth_getBlockByNumber
[2022/08/25 02:58:54.220] - eth_getBlockByNumber
[2022/08/25 02:58:54.221] - eth_getBalance
[2022/08/25 02:58:54.222] - eth_getTransactionCount
[2022/08/25 02:58:54.223] - eth_getBalance
[2022/08/25 02:58:54.223] - eth_getTransactionCount
[2022/08/25 02:58:54.223] - eth_getBalance
[2022/08/25 02:58:54.224] - eth_getTransactionCount
[2022/08/25 02:58:54.225] - eth_getBalance
[2022/08/25 02:58:54.226] - eth_getTransactionCount
[2022/08/25 02:58:54.226] - eth_getBalance
[2022/08/25 02:58:54.227] - eth_getTransactionCount
[2022/08/25 02:58:54.228] - eth_getBalance
[2022/08/25 02:58:54.229] - eth_getTransactionCount
[2022/08/25 02:58:54.229] - eth_getBalance
[2022/08/25 02:58:54.230] - eth_getTransactionCount
[2022/08/25 02:58:54.231] - eth_getBalance
[2022/08/25 02:58:54.231] - eth_getTransactionCount
[2022/08/25 02:58:54.232] - eth_getBalance
[2022/08/25 02:58:54.233] - eth_getTransactionCount
[2022/08/25 02:58:54.234] - eth_getBalance
[2022/08/25 02:58:54.234] - eth_getTransactionCount
[2022/08/25 02:58:54.235] - eth_getBalance
[2022/08/25 02:58:54.236] - eth_getTransactionCount
[2022/08/25 02:58:54.237] - eth_getBalance
[2022/08/25 02:58:54.237] - eth_getTransactionCount
[2022/08/25 02:58:54.238] - eth_getBalance
[2022/08/25 02:58:54.239] - eth_getTransactionCount
[2022/08/25 02:58:54.240] - eth_getBalance
[2022/08/25 02:58:54.240] - eth_getTransactionCount
[2022/08/25 02:58:54.248] - eth_getBalance
[2022/08/25 02:58:54.250] - eth_getTransactionCount
[2022/08/25 02:58:54.252] - eth_getBalance
[2022/08/25 02:58:54.252] - eth_getTransactionCount
[2022/08/25 02:58:54.252] - eth_getBalance
[2022/08/25 02:58:54.252] - eth_getTransactionCount
[2022/08/25 02:58:54.253] - eth_getBalance
[2022/08/25 02:58:54.253] - eth_getTransactionCount
[2022/08/25 02:58:54.253] - eth_getBalance
[2022/08/25 02:58:54.253] - eth_getTransactionCount
[2022/08/25 02:58:54.253] - eth_getBalance
[2022/08/25 02:58:54.253] - eth_getTransactionCount
[2022/08/25 02:58:54.254] - eth_getBalance
[2022/08/25 02:58:54.254] - eth_getTransactionCount
[2022/08/25 02:58:54.254] - eth_getBalance
[2022/08/25 02:58:54.254] - eth_getTransactionCount
[2022/08/25 02:58:54.255] - eth_getBalance
[2022/08/25 02:58:54.255] - eth_getTransactionCount
[2022/08/25 02:58:54.255] - eth_getBalance
[2022/08/25 02:58:54.255] - eth_getTransactionCount
[2022/08/25 02:58:54.255] - eth_getBalance
[2022/08/25 02:58:54.256] - eth_getTransactionCount
[2022/08/25 02:58:54.261] - eth_getTransactionReceipt
[2022/08/25 02:59:07.192] - eth_accounts
[2022/08/25 02:59:07.204] - eth_accounts
[2022/08/25 02:59:07.216] - eth_accounts
[2022/08/25 02:59:07.226] - eth_accounts
[2022/08/25 02:59:07.236] - eth_accounts
[2022/08/25 02:59:07.245] - eth_accounts
[2022/08/25 02:59:07.254] - eth_accounts
[2022/08/25 02:59:07.262] - eth_accounts
[2022/08/25 02:59:07.271] - eth_accounts
[2022/08/25 02:59:07.280] - eth_accounts
[2022/08/25 02:59:07.289] - eth_accounts
[2022/08/25 02:59:07.297] - eth_accounts
[2022/08/25 02:59:07.306] - eth_accounts
[2022/08/25 02:59:07.314] - eth_accounts
[2022/08/25 02:59:07.322] - eth_accounts
[2022/08/25 02:59:07.330] - eth_accounts
[2022/08/25 02:59:07.338] - eth_accounts
[2022/08/25 02:59:07.346] - eth_accounts
[2022/08/25 02:59:07.354] - eth_accounts
[2022/08/25 02:59:07.363] - eth_accounts
[2022/08/25 02:59:07.370] - eth_accounts
[2022/08/25 02:59:07.378] - eth_accounts
[2022/08/25 02:59:07.386] - eth_accounts
[2022/08/25 02:59:07.539] - eth_getBalance
[2022/08/25 02:59:09.259] - eth_accounts
[2022/08/25 02:59:09.270] - eth_accounts
[2022/08/25 02:59:09.281] - eth_accounts
[2022/08/25 02:59:09.289] - eth_accounts
[2022/08/25 02:59:09.297] - eth_accounts
[2022/08/25 02:59:09.307] - eth_accounts
[2022/08/25 02:59:09.315] - eth_accounts
[2022/08/25 02:59:09.326] - eth_accounts
[2022/08/25 02:59:09.335] - eth_accounts
[2022/08/25 02:59:09.342] - eth_accounts
[2022/08/25 02:59:09.351] - eth_accounts
[2022/08/25 02:59:09.361] - eth_accounts
[2022/08/25 02:59:09.369] - eth_accounts
[2022/08/25 02:59:09.376] - eth_accounts
[2022/08/25 02:59:09.383] - eth_accounts
[2022/08/25 02:59:09.393] - eth_accounts
[2022/08/25 02:59:09.402] - eth_accounts
[2022/08/25 02:59:09.409] - eth_accounts
[2022/08/25 02:59:09.417] - eth_accounts
[2022/08/25 02:59:09.425] - eth_accounts
[2022/08/25 02:59:09.432] - eth_accounts
[2022/08/25 02:59:09.444] - eth_accounts
[2022/08/25 02:59:09.452] - eth_accounts
[2022/08/25 02:59:09.623] - eth_getBalance
[2022/08/25 02:59:09.660] - eth_estimateGas
[2022/08/25 02:59:09.796] - eth_getTransactionCount
[2022/08/25 02:59:09.821] - eth_getTransactionCount
[2022/08/25 02:59:09.832] - eth_sendRawTransaction
[2022/08/25 02:59:09.862] - 
[2022/08/25 02:59:09.862] -   Transaction: 0xcb1c4643bda801311294f1e7ea522e6256e3cdf8b5adbd4c040a7baf87270b1e
[2022/08/25 02:59:09.863] -   Gas usage: 21000
[2022/08/25 02:59:09.863] -   Block Number: 4
[2022/08/25 02:59:09.863] -   Block Time: Thu Aug 25 2022 02:59:09 GMT-0400 (Eastern Daylight Time)
[2022/08/25 02:59:09.863] - 
[2022/08/25 02:59:09.864] - eth_getBlockByNumber
[2022/08/25 02:59:09.868] - eth_getBlockByNumber
[2022/08/25 02:59:09.869] - eth_getBalance
[2022/08/25 02:59:09.871] - eth_getTransactionCount
[2022/08/25 02:59:09.871] - eth_getBalance
[2022/08/25 02:59:09.873] - eth_getTransactionCount
[2022/08/25 02:59:09.874] - eth_getBalance
[2022/08/25 02:59:09.874] - eth_getTransactionCount
[2022/08/25 02:59:09.874] - eth_getBalance
[2022/08/25 02:59:09.875] - eth_getTransactionCount
[2022/08/25 02:59:09.876] - eth_getBalance
[2022/08/25 02:59:09.878] - eth_getTransactionCount
[2022/08/25 02:59:09.880] - eth_getBalance
[2022/08/25 02:59:09.880] - eth_getTransactionCount
[2022/08/25 02:59:09.882] - eth_getBalance
[2022/08/25 02:59:09.882] - eth_getTransactionCount
[2022/08/25 02:59:09.885] - eth_getBalance
[2022/08/25 02:59:09.886] - eth_getTransactionCount
[2022/08/25 02:59:09.887] - eth_getBalance
[2022/08/25 02:59:09.887] - eth_getTransactionCount
[2022/08/25 02:59:09.900] - eth_getBalance
[2022/08/25 02:59:09.901] - eth_getTransactionCount
[2022/08/25 02:59:09.901] - eth_getBalance
[2022/08/25 02:59:09.902] - eth_getTransactionCount
[2022/08/25 02:59:09.902] - eth_getBalance
[2022/08/25 02:59:09.902] - eth_getTransactionCount
[2022/08/25 02:59:09.902] - eth_getBalance
[2022/08/25 02:59:09.902] - eth_getTransactionCount
[2022/08/25 02:59:09.906] - eth_getBalance
[2022/08/25 02:59:09.906] - eth_getTransactionCount
[2022/08/25 02:59:09.906] - eth_getBalance
[2022/08/25 02:59:09.906] - eth_getTransactionCount
[2022/08/25 02:59:09.913] - eth_getBalance
[2022/08/25 02:59:09.914] - eth_getTransactionCount
[2022/08/25 02:59:09.914] - eth_getBalance
[2022/08/25 02:59:09.915] - eth_getTransactionCount
[2022/08/25 02:59:09.916] - eth_getBalance
[2022/08/25 02:59:09.921] - eth_getTransactionCount
[2022/08/25 02:59:09.921] - eth_getBalance
[2022/08/25 02:59:09.921] - eth_getTransactionCount
[2022/08/25 02:59:09.921] - eth_getBalance
[2022/08/25 02:59:09.922] - eth_getTransactionCount
[2022/08/25 02:59:09.922] - eth_getBalance
[2022/08/25 02:59:09.922] - eth_getTransactionCount
[2022/08/25 02:59:09.922] - eth_getBalance
[2022/08/25 02:59:09.922] - eth_getTransactionCount
[2022/08/25 02:59:09.924] - eth_getBalance
[2022/08/25 02:59:09.924] - eth_getTransactionCount
[2022/08/25 02:59:09.924] - eth_getBalance
[2022/08/25 02:59:09.924] - eth_getTransactionCount
[2022/08/25 02:59:09.925] - eth_getBalance
[2022/08/25 02:59:09.926] - eth_getTransactionCount
[2022/08/25 02:59:09.927] - eth_getTransactionReceipt
[2022/08/25 03:01:35.096] - eth_accounts
[2022/08/25 03:01:35.131] - eth_accounts
[2022/08/25 03:01:35.142] - eth_accounts
[2022/08/25 03:01:35.150] - eth_accounts
[2022/08/25 03:01:35.158] - eth_accounts
[2022/08/25 03:01:35.168] - eth_accounts
[2022/08/25 03:01:35.176] - eth_accounts
[2022/08/25 03:01:35.184] - eth_accounts
[2022/08/25 03:01:35.191] - eth_accounts
[2022/08/25 03:01:35.199] - eth_accounts
[2022/08/25 03:01:35.206] - eth_accounts
[2022/08/25 03:01:35.214] - eth_accounts
[2022/08/25 03:01:35.222] - eth_accounts
[2022/08/25 03:01:35.228] - eth_accounts
[2022/08/25 03:01:35.235] - eth_accounts
[2022/08/25 03:01:35.242] - eth_accounts
[2022/08/25 03:01:35.248] - eth_accounts
[2022/08/25 03:01:35.255] - eth_accounts
[2022/08/25 03:01:35.261] - eth_accounts
[2022/08/25 03:01:35.267] - eth_accounts
[2022/08/25 03:01:35.273] - eth_accounts
[2022/08/25 03:01:35.280] - eth_accounts
[2022/08/25 03:01:35.287] - eth_accounts
[2022/08/25 03:01:35.494] - eth_getBalance
[2022/08/25 03:01:54.716] - eth_accounts
[2022/08/25 03:01:54.726] - eth_accounts
[2022/08/25 03:01:54.738] - eth_accounts
[2022/08/25 03:01:54.751] - eth_accounts
[2022/08/25 03:01:54.765] - eth_accounts
[2022/08/25 03:01:54.779] - eth_accounts
[2022/08/25 03:01:54.789] - eth_accounts
[2022/08/25 03:01:54.801] - eth_accounts
[2022/08/25 03:01:54.812] - eth_accounts
[2022/08/25 03:01:54.821] - eth_accounts
[2022/08/25 03:01:54.834] - eth_accounts
[2022/08/25 03:01:54.841] - eth_accounts
[2022/08/25 03:01:54.850] - eth_accounts
[2022/08/25 03:01:54.858] - eth_accounts
[2022/08/25 03:01:54.866] - eth_accounts
[2022/08/25 03:01:54.874] - eth_accounts
[2022/08/25 03:01:54.881] - eth_accounts
[2022/08/25 03:01:54.887] - eth_accounts
[2022/08/25 03:01:54.895] - eth_accounts
[2022/08/25 03:01:54.902] - eth_accounts
[2022/08/25 03:01:54.911] - eth_accounts
[2022/08/25 03:01:54.919] - eth_accounts
[2022/08/25 03:01:54.927] - eth_accounts
[2022/08/25 03:01:55.089] - eth_getBalance
[2022/08/25 03:02:03.344] - eth_accounts
[2022/08/25 03:02:03.360] - eth_accounts
[2022/08/25 03:02:03.369] - eth_accounts
[2022/08/25 03:02:03.377] - eth_accounts
[2022/08/25 03:02:03.385] - eth_accounts
[2022/08/25 03:02:03.393] - eth_accounts
[2022/08/25 03:02:03.401] - eth_accounts
[2022/08/25 03:02:03.410] - eth_accounts
[2022/08/25 03:02:03.418] - eth_accounts
[2022/08/25 03:02:03.429] - eth_accounts
[2022/08/25 03:02:03.438] - eth_accounts
[2022/08/25 03:02:03.450] - eth_accounts
[2022/08/25 03:02:03.459] - eth_accounts
[2022/08/25 03:02:03.468] - eth_accounts
[2022/08/25 03:02:03.476] - eth_accounts
[2022/08/25 03:02:03.485] - eth_accounts
[2022/08/25 03:02:03.495] - eth_accounts
[2022/08/25 03:02:03.503] - eth_accounts
[2022/08/25 03:02:03.511] - eth_accounts
[2022/08/25 03:02:03.518] - eth_accounts
[2022/08/25 03:02:03.526] - eth_accounts
[2022/08/25 03:02:03.534] - eth_accounts
[2022/08/25 03:02:03.542] - eth_accounts
[2022/08/25 03:02:03.690] - eth_getBalance
[2022/08/25 03:02:03.721] - eth_estimateGas
[2022/08/25 03:02:03.760] - eth_getTransactionCount
[2022/08/25 03:02:03.771] - eth_getTransactionCount
[2022/08/25 03:02:03.779] - eth_sendRawTransaction
[2022/08/25 03:02:03.794] - 
[2022/08/25 03:02:03.794] -   Transaction: 0x23d462570cc62a2d64841ccb3e77cc28450b1d32d0263927e07b049af346af72
[2022/08/25 03:02:03.794] -   Gas usage: 21000
[2022/08/25 03:02:03.794] -   Block Number: 5
[2022/08/25 03:02:03.795] -   Block Time: Thu Aug 25 2022 03:02:03 GMT-0400 (Eastern Daylight Time)
[2022/08/25 03:02:03.795] - 
[2022/08/25 03:02:03.797] - eth_getBlockByNumber
[2022/08/25 03:02:03.801] - eth_getBlockByNumber
[2022/08/25 03:02:03.804] - eth_getBalance
[2022/08/25 03:02:03.805] - eth_getTransactionCount
[2022/08/25 03:02:03.805] - eth_getBalance
[2022/08/25 03:02:03.805] - eth_getTransactionCount
[2022/08/25 03:02:03.808] - eth_getBalance
[2022/08/25 03:02:03.808] - eth_getTransactionCount
[2022/08/25 03:02:03.810] - eth_getBalance
[2022/08/25 03:02:03.810] - eth_getTransactionCount
[2022/08/25 03:02:03.810] - eth_getBalance
[2022/08/25 03:02:03.811] - eth_getTransactionCount
[2022/08/25 03:02:03.812] - eth_getBalance
[2022/08/25 03:02:03.812] - eth_getTransactionCount
[2022/08/25 03:02:03.813] - eth_getBalance
[2022/08/25 03:02:03.814] - eth_getTransactionCount
[2022/08/25 03:02:03.814] - eth_getBalance
[2022/08/25 03:02:03.815] - eth_getTransactionCount
[2022/08/25 03:02:03.816] - eth_getBalance
[2022/08/25 03:02:03.817] - eth_getTransactionCount
[2022/08/25 03:02:03.819] - eth_getBalance
[2022/08/25 03:02:03.819] - eth_getTransactionCount
[2022/08/25 03:02:03.819] - eth_getBalance
[2022/08/25 03:02:03.820] - eth_getTransactionCount
[2022/08/25 03:02:03.821] - eth_getBalance
[2022/08/25 03:02:03.822] - eth_getTransactionCount
[2022/08/25 03:02:03.822] - eth_getBalance
[2022/08/25 03:02:03.823] - eth_getTransactionCount
[2022/08/25 03:02:03.823] - eth_getBalance
[2022/08/25 03:02:03.824] - eth_getTransactionCount
[2022/08/25 03:02:03.825] - eth_getBalance
[2022/08/25 03:02:03.832] - eth_getTransactionCount
[2022/08/25 03:02:03.833] - eth_getBalance
[2022/08/25 03:02:03.833] - eth_getTransactionCount
[2022/08/25 03:02:03.833] - eth_getBalance
[2022/08/25 03:02:03.833] - eth_getTransactionCount
[2022/08/25 03:02:03.837] - eth_getBalance
[2022/08/25 03:02:03.838] - eth_getTransactionCount
[2022/08/25 03:02:03.838] - eth_getBalance
[2022/08/25 03:02:03.838] - eth_getTransactionCount
[2022/08/25 03:02:03.840] - eth_getBalance
[2022/08/25 03:02:03.840] - eth_getTransactionCount
[2022/08/25 03:02:03.840] - eth_getBalance
[2022/08/25 03:02:03.840] - eth_getTransactionCount
[2022/08/25 03:02:03.841] - eth_getBalance
[2022/08/25 03:02:03.844] - eth_getTransactionCount
[2022/08/25 03:02:03.845] - eth_getBalance
[2022/08/25 03:02:03.845] - eth_getTransactionCount
[2022/08/25 03:02:03.845] - eth_getBalance
[2022/08/25 03:02:03.845] - eth_getTransactionCount
[2022/08/25 03:02:03.845] - eth_getBalance
[2022/08/25 03:02:03.845] - eth_getTransactionCount
[2022/08/25 03:02:03.846] - eth_getTransactionReceipt
[2022/08/25 03:05:24.217] - eth_accounts
[2022/08/25 03:05:24.237] - eth_accounts
[2022/08/25 03:05:24.249] - eth_accounts
[2022/08/25 03:05:24.259] - eth_accounts
[2022/08/25 03:05:24.268] - eth_accounts
[2022/08/25 03:05:24.278] - eth_accounts
[2022/08/25 03:05:24.289] - eth_accounts
[2022/08/25 03:05:24.299] - eth_accounts
[2022/08/25 03:05:24.309] - eth_accounts
[2022/08/25 03:05:24.316] - eth_accounts
[2022/08/25 03:05:24.323] - eth_accounts
[2022/08/25 03:05:24.330] - eth_accounts
[2022/08/25 03:05:24.337] - eth_accounts
[2022/08/25 03:05:24.344] - eth_accounts
[2022/08/25 03:05:24.352] - eth_accounts
[2022/08/25 03:05:24.359] - eth_accounts
[2022/08/25 03:05:24.368] - eth_accounts
[2022/08/25 03:05:24.377] - eth_accounts
[2022/08/25 03:05:24.384] - eth_accounts
[2022/08/25 03:05:24.391] - eth_accounts
[2022/08/25 03:05:24.398] - eth_accounts
[2022/08/25 03:05:24.405] - eth_accounts
[2022/08/25 03:05:24.411] - eth_accounts
[2022/08/25 03:05:24.620] - eth_getBalance
[2022/08/25 03:05:36.881] - eth_getTransactionReceipt
[2022/08/25 03:05:36.943] - eth_getTransactionReceipt
[2022/08/25 03:05:36.949] - eth_getTransactionReceipt
[2022/08/25 03:05:36.965] - eth_getTransactionReceipt
[2022/08/25 03:05:55.196] - eth_accounts
[2022/08/25 03:05:55.208] - eth_accounts
[2022/08/25 03:05:55.221] - eth_accounts
[2022/08/25 03:05:55.230] - eth_accounts
[2022/08/25 03:05:55.241] - eth_accounts
[2022/08/25 03:05:55.251] - eth_accounts
[2022/08/25 03:05:55.261] - eth_accounts
[2022/08/25 03:05:55.274] - eth_accounts
[2022/08/25 03:05:55.287] - eth_accounts
[2022/08/25 03:05:55.294] - eth_accounts
[2022/08/25 03:05:55.301] - eth_accounts
[2022/08/25 03:05:55.308] - eth_accounts
[2022/08/25 03:05:55.315] - eth_accounts
[2022/08/25 03:05:55.323] - eth_accounts
[2022/08/25 03:05:55.330] - eth_accounts
[2022/08/25 03:05:55.338] - eth_accounts
[2022/08/25 03:05:55.347] - eth_accounts
[2022/08/25 03:05:55.356] - eth_accounts
[2022/08/25 03:05:55.365] - eth_accounts
[2022/08/25 03:05:55.372] - eth_accounts
[2022/08/25 03:05:55.380] - eth_accounts
[2022/08/25 03:05:55.387] - eth_accounts
[2022/08/25 03:05:55.395] - eth_accounts
[2022/08/25 03:05:55.563] - eth_getBalance
[2022/08/25 03:05:55.604] - eth_estimateGas
[2022/08/25 03:05:55.652] - eth_getTransactionCount
[2022/08/25 03:05:55.660] - eth_getTransactionCount
[2022/08/25 03:05:55.667] - eth_sendRawTransaction
[2022/08/25 03:05:55.680] - 
[2022/08/25 03:05:55.680] -   Transaction: 0x3664f5ed4d616ebe5594aef7bb8ff621bc2d87423c35706755a36c47e526350b
[2022/08/25 03:05:55.680] -   Gas usage: 21000
[2022/08/25 03:05:55.680] -   Block Number: 6
[2022/08/25 03:05:55.680] -   Block Time: Thu Aug 25 2022 03:05:55 GMT-0400 (Eastern Daylight Time)
[2022/08/25 03:05:55.680] - 
[2022/08/25 03:05:55.681] - eth_getBlockByNumber
[2022/08/25 03:05:55.685] - eth_getBlockByNumber
[2022/08/25 03:05:55.686] - eth_getBalance
[2022/08/25 03:05:55.687] - eth_getTransactionCount
[2022/08/25 03:05:55.690] - eth_getBalance
[2022/08/25 03:05:55.692] - eth_getTransactionCount
[2022/08/25 03:05:55.692] - eth_getBalance
[2022/08/25 03:05:55.693] - eth_getTransactionCount
[2022/08/25 03:05:55.697] - eth_getBalance
[2022/08/25 03:05:55.697] - eth_getTransactionCount
[2022/08/25 03:05:55.698] - eth_getBalance
[2022/08/25 03:05:55.699] - eth_getTransactionCount
[2022/08/25 03:05:55.701] - eth_getBalance
[2022/08/25 03:05:55.703] - eth_getTransactionCount
[2022/08/25 03:05:55.704] - eth_getBalance
[2022/08/25 03:05:55.705] - eth_getTransactionCount
[2022/08/25 03:05:55.706] - eth_getBalance
[2022/08/25 03:05:55.707] - eth_getTransactionCount
[2022/08/25 03:05:55.707] - eth_getBalance
[2022/08/25 03:05:55.708] - eth_getTransactionCount
[2022/08/25 03:05:55.709] - eth_getBalance
[2022/08/25 03:05:55.711] - eth_getTransactionCount
[2022/08/25 03:05:55.711] - eth_getBalance
[2022/08/25 03:05:55.712] - eth_getTransactionCount
[2022/08/25 03:05:55.712] - eth_getBalance
[2022/08/25 03:05:55.713] - eth_getTransactionCount
[2022/08/25 03:05:55.713] - eth_getBalance
[2022/08/25 03:05:55.716] - eth_getTransactionCount
[2022/08/25 03:05:55.717] - eth_getBalance
[2022/08/25 03:05:55.717] - eth_getTransactionCount
[2022/08/25 03:05:55.721] - eth_getBalance
[2022/08/25 03:05:55.721] - eth_getTransactionCount
[2022/08/25 03:05:55.721] - eth_getBalance
[2022/08/25 03:05:55.721] - eth_getTransactionCount
[2022/08/25 03:05:55.722] - eth_getBalance
[2022/08/25 03:05:55.723] - eth_getTransactionCount
[2022/08/25 03:05:55.726] - eth_getBalance
[2022/08/25 03:05:55.727] - eth_getTransactionCount
[2022/08/25 03:05:55.732] - eth_getBalance
[2022/08/25 03:05:55.733] - eth_getTransactionCount
[2022/08/25 03:05:55.733] - eth_getBalance
[2022/08/25 03:05:55.734] - eth_getTransactionCount
[2022/08/25 03:05:55.734] - eth_getBalance
[2022/08/25 03:05:55.735] - eth_getTransactionCount
[2022/08/25 03:05:55.735] - eth_getBalance
[2022/08/25 03:05:55.735] - eth_getTransactionCount
[2022/08/25 03:05:55.736] - eth_getBalance
[2022/08/25 03:05:55.736] - eth_getTransactionCount
[2022/08/25 03:05:55.736] - eth_getBalance
[2022/08/25 03:05:55.736] - eth_getTransactionCount
[2022/08/25 03:05:55.737] - eth_getBalance
[2022/08/25 03:05:55.738] - eth_getTransactionCount
[2022/08/25 03:05:55.744] - eth_getTransactionReceipt
[2022/08/25 03:06:22.590] - eth_accounts
[2022/08/25 03:06:22.607] - eth_accounts
[2022/08/25 03:06:22.614] - eth_accounts
[2022/08/25 03:06:22.621] - eth_accounts
[2022/08/25 03:06:22.629] - eth_accounts
[2022/08/25 03:06:22.638] - eth_accounts
[2022/08/25 03:06:22.647] - eth_accounts
[2022/08/25 03:06:22.657] - eth_accounts
[2022/08/25 03:06:22.665] - eth_accounts
[2022/08/25 03:06:22.673] - eth_accounts
[2022/08/25 03:06:22.680] - eth_accounts
[2022/08/25 03:06:22.687] - eth_accounts
[2022/08/25 03:06:22.693] - eth_accounts
[2022/08/25 03:06:22.700] - eth_accounts
[2022/08/25 03:06:22.706] - eth_accounts
[2022/08/25 03:06:22.712] - eth_accounts
[2022/08/25 03:06:22.718] - eth_accounts
[2022/08/25 03:06:22.725] - eth_accounts
[2022/08/25 03:06:22.731] - eth_accounts
[2022/08/25 03:06:22.737] - eth_accounts
[2022/08/25 03:06:22.743] - eth_accounts
[2022/08/25 03:06:22.751] - eth_accounts
[2022/08/25 03:06:22.757] - eth_accounts
[2022/08/25 03:06:22.930] - eth_getBalance
[2022/08/25 03:06:22.959] - eth_estimateGas
[2022/08/25 03:06:22.976] - eth_getTransactionCount
[2022/08/25 03:06:22.982] - eth_getTransactionCount
[2022/08/25 03:06:22.988] - eth_sendRawTransaction
[2022/08/25 03:06:23.006] - 
[2022/08/25 03:06:23.007] -   Transaction: 0x19c449ea20345541c62349853ba0c28629cedcad35c936edf3f69431ba046695
[2022/08/25 03:06:23.007] -   Gas usage: 21000
[2022/08/25 03:06:23.007] -   Block Number: 7
[2022/08/25 03:06:23.007] -   Block Time: Thu Aug 25 2022 03:06:22 GMT-0400 (Eastern Daylight Time)
[2022/08/25 03:06:23.007] - 
[2022/08/25 03:06:23.009] - eth_getBlockByNumber
[2022/08/25 03:06:23.013] - eth_getBalance
[2022/08/25 03:06:23.017] - eth_getTransactionCount
[2022/08/25 03:06:23.020] - eth_getBalance
[2022/08/25 03:06:23.024] - eth_getTransactionCount
[2022/08/25 03:06:23.027] - eth_getBalance
[2022/08/25 03:06:23.030] - eth_getTransactionCount
[2022/08/25 03:06:23.035] - eth_getBalance
[2022/08/25 03:06:23.037] - eth_getTransactionCount
[2022/08/25 03:06:23.044] - eth_getBalance
[2022/08/25 03:06:23.044] - eth_getTransactionCount
[2022/08/25 03:06:23.045] - eth_getBalance
[2022/08/25 03:06:23.045] - eth_getTransactionCount
[2022/08/25 03:06:23.045] - eth_getBalance
[2022/08/25 03:06:23.047] - eth_getTransactionCount
[2022/08/25 03:06:23.049] - eth_getBalance
[2022/08/25 03:06:23.051] - eth_getTransactionCount
[2022/08/25 03:06:23.052] - eth_getBalance
[2022/08/25 03:06:23.054] - eth_getTransactionCount
[2022/08/25 03:06:23.056] - eth_getBalance
[2022/08/25 03:06:23.057] - eth_getTransactionCount
[2022/08/25 03:06:23.060] - eth_getBalance
[2022/08/25 03:06:23.063] - eth_getTransactionCount
[2022/08/25 03:06:23.064] - eth_getBalance
[2022/08/25 03:06:23.065] - eth_getTransactionCount
[2022/08/25 03:06:23.067] - eth_getBalance
[2022/08/25 03:06:23.069] - eth_getTransactionCount
[2022/08/25 03:06:23.071] - eth_getBalance
[2022/08/25 03:06:23.075] - eth_getTransactionCount
[2022/08/25 03:06:23.075] - eth_getBalance
[2022/08/25 03:06:23.076] - eth_getTransactionCount
[2022/08/25 03:06:23.078] - eth_getBalance
[2022/08/25 03:06:23.080] - eth_getTransactionCount
[2022/08/25 03:06:23.081] - eth_getBalance
[2022/08/25 03:06:23.083] - eth_getTransactionCount
[2022/08/25 03:06:23.085] - eth_getBalance
[2022/08/25 03:06:23.087] - eth_getTransactionCount
[2022/08/25 03:06:23.089] - eth_getBalance
[2022/08/25 03:06:23.091] - eth_getTransactionCount
[2022/08/25 03:06:23.097] - eth_getBalance
[2022/08/25 03:06:23.098] - eth_getTransactionCount
[2022/08/25 03:06:23.099] - eth_getBalance
[2022/08/25 03:06:23.099] - eth_getTransactionCount
[2022/08/25 03:06:23.104] - eth_getBalance
[2022/08/25 03:06:23.110] - eth_getTransactionCount
[2022/08/25 03:06:23.112] - eth_getBalance
[2022/08/25 03:06:23.114] - eth_getTransactionCount
[2022/08/25 03:06:23.116] - eth_getBalance
[2022/08/25 03:06:23.118] - eth_getTransactionCount
[2022/08/25 03:06:23.120] - eth_getBalance
[2022/08/25 03:06:23.121] - eth_getTransactionCount
[2022/08/25 03:06:36.742] - eth_getBlockByNumber
[2022/08/25 03:06:36.769] - eth_getTransactionReceipt
[2022/08/25 03:06:36.777] - eth_getTransactionReceipt
[2022/08/25 03:06:36.784] - eth_getTransactionReceipt
[2022/08/25 03:06:36.800] - eth_getTransactionReceipt
[2022/08/25 03:06:36.805] - eth_getTransactionReceipt
[2022/08/25 03:06:36.811] - eth_getTransactionReceipt
[2022/08/25 03:06:36.816] - eth_getTransactionReceipt
[2022/08/25 03:06:36.825] - eth_getTransactionReceipt
[2022/08/25 03:06:36.829] - eth_getTransactionReceipt
[2022/08/25 03:06:36.875] - eth_getTransactionReceipt
[2022/08/25 03:06:36.880] - eth_getTransactionReceipt
[2022/08/25 03:06:36.883] - eth_getTransactionReceipt
[2022/08/25 03:06:36.886] - eth_getTransactionReceipt
[2022/08/25 03:08:05.935] - eth_accounts
[2022/08/25 03:08:05.949] - eth_accounts
[2022/08/25 03:08:05.965] - eth_accounts
[2022/08/25 03:08:05.976] - eth_accounts
[2022/08/25 03:08:05.987] - eth_accounts
[2022/08/25 03:08:05.997] - eth_accounts
[2022/08/25 03:08:06.008] - eth_accounts
[2022/08/25 03:08:06.017] - eth_accounts
[2022/08/25 03:08:06.026] - eth_accounts
[2022/08/25 03:08:06.036] - eth_accounts
[2022/08/25 03:08:06.044] - eth_accounts
[2022/08/25 03:08:06.057] - eth_accounts
[2022/08/25 03:08:06.065] - eth_accounts
[2022/08/25 03:08:06.074] - eth_accounts
[2022/08/25 03:08:06.082] - eth_accounts
[2022/08/25 03:08:06.091] - eth_accounts
[2022/08/25 03:08:06.098] - eth_accounts
[2022/08/25 03:08:06.105] - eth_accounts
[2022/08/25 03:08:06.112] - eth_accounts
[2022/08/25 03:08:06.119] - eth_accounts
[2022/08/25 03:08:06.125] - eth_accounts
[2022/08/25 03:08:06.132] - eth_accounts
[2022/08/25 03:08:06.138] - eth_accounts
[2022/08/25 03:08:06.413] - eth_getBalance
[2022/08/25 03:08:06.460] - eth_estimateGas
[2022/08/25 03:08:06.496] - eth_getTransactionCount
[2022/08/25 03:08:26.783] - eth_unsubscribe
[2022/08/25 03:08:26.784] - eth_unsubscribe
