[2022/08/25 03:14:53.363] - Starting server with initial configuration: {"gasLimit":6721975,"gasPrice":20000000000,"hardfork":"muirGlacier","hostname":"127.0.0.1","port":7545,"network_id":5777,"default_balance_ether":100,"total_accounts":25,"unlocked_accounts":[],"locked":false,"vmErrorsOnRPCResponse":true,"verbose":false,"db_path":"/Users/comdrpaquiot/Library/Application Support/Ganache/workspaces/Quickstart/chaindata","logDirectory":"/Users/comdrpaquiot/Downloads"}
[2022/08/25 03:14:53.545] - eth_subscribe
[2022/08/25 03:14:53.546] - eth_getLogs
[2022/08/25 03:14:53.546] - eth_subscribe
[2022/08/25 03:14:53.570] - eth_subscribe
[2022/08/25 03:14:53.571] - eth_getLogs
[2022/08/25 03:14:53.571] - eth_subscribe
[2022/08/25 03:14:53.609] - eth_blockNumber
[2022/08/25 03:14:53.609] - eth_accounts
[2022/08/25 03:14:53.610] - eth_gasPrice
[2022/08/25 03:14:53.610] - eth_getBlockByNumber
[2022/08/25 03:14:53.610] - eth_subscribe
[2022/08/25 03:14:53.661] - eth_getBalance
[2022/08/25 03:14:53.669] - eth_getTransactionCount
[2022/08/25 03:14:53.673] - eth_getBalance
[2022/08/25 03:14:53.678] - eth_getTransactionCount
[2022/08/25 03:14:53.681] - eth_getBalance
[2022/08/25 03:14:53.687] - eth_getTransactionCount
[2022/08/25 03:14:53.693] - eth_getBalance
[2022/08/25 03:14:53.696] - eth_getTransactionCount
[2022/08/25 03:14:53.698] - eth_getBalance
[2022/08/25 03:14:53.704] - eth_getTransactionCount
[2022/08/25 03:14:53.711] - eth_getBalance
[2022/08/25 03:14:53.714] - eth_getTransactionCount
[2022/08/25 03:14:53.716] - eth_getBalance
[2022/08/25 03:14:53.717] - eth_getTransactionCount
[2022/08/25 03:14:53.719] - eth_getBalance
[2022/08/25 03:14:53.724] - eth_getTransactionCount
[2022/08/25 03:14:53.727] - eth_getBalance
[2022/08/25 03:14:53.735] - eth_getTransactionCount
[2022/08/25 03:14:53.737] - eth_getBalance
[2022/08/25 03:14:53.739] - eth_getTransactionCount
[2022/08/25 03:14:53.742] - eth_getBalance
[2022/08/25 03:14:53.744] - eth_getTransactionCount
[2022/08/25 03:14:53.746] - eth_getBalance
[2022/08/25 03:14:53.747] - eth_getTransactionCount
[2022/08/25 03:14:53.749] - eth_getBalance
[2022/08/25 03:14:53.750] - eth_getTransactionCount
[2022/08/25 03:14:53.756] - eth_getBalance
[2022/08/25 03:14:53.760] - eth_getTransactionCount
[2022/08/25 03:14:53.766] - eth_getBalance
[2022/08/25 03:14:53.773] - eth_getTransactionCount
[2022/08/25 03:14:53.776] - eth_getBalance
[2022/08/25 03:14:53.778] - eth_getTransactionCount
[2022/08/25 03:14:53.779] - eth_getBalance
[2022/08/25 03:14:53.780] - eth_getTransactionCount
[2022/08/25 03:14:53.782] - eth_getBalance
[2022/08/25 03:14:53.783] - eth_getTransactionCount
[2022/08/25 03:14:53.785] - eth_getBalance
[2022/08/25 03:14:53.786] - eth_getTransactionCount
[2022/08/25 03:14:53.788] - eth_getBalance
[2022/08/25 03:14:53.791] - eth_getTransactionCount
[2022/08/25 03:14:53.792] - eth_getBalance
[2022/08/25 03:14:53.793] - eth_getTransactionCount
[2022/08/25 03:14:53.794] - eth_getBalance
[2022/08/25 03:14:53.798] - eth_getTransactionCount
[2022/08/25 03:14:53.799] - eth_getBalance
[2022/08/25 03:14:53.801] - eth_getTransactionCount
[2022/08/25 03:14:53.809] - eth_getBalance
[2022/08/25 03:14:53.813] - eth_getTransactionCount
[2022/08/25 03:14:53.815] - eth_getBalance
[2022/08/25 03:14:53.831] - eth_getTransactionCount
[2022/08/25 03:14:53.839] - eth_getBalance
[2022/08/25 03:14:53.841] - eth_getTransactionCount
[2022/08/25 03:14:53.845] - eth_getBalance
[2022/08/25 03:14:53.845] - eth_getTransactionCount
[2022/08/25 03:14:53.846] - eth_getBalance
[2022/08/25 03:14:53.849] - eth_getTransactionCount
[2022/08/25 03:14:53.849] - eth_getBalance
[2022/08/25 03:14:53.851] - eth_getTransactionCount
[2022/08/25 03:14:53.853] - eth_getBalance
[2022/08/25 03:14:53.857] - eth_getTransactionCount
[2022/08/25 03:14:53.867] - eth_getBalance
[2022/08/25 03:14:53.870] - eth_getTransactionCount
[2022/08/25 03:14:53.873] - eth_getBalance
[2022/08/25 03:14:53.881] - eth_getTransactionCount
[2022/08/25 03:14:53.882] - eth_getBalance
[2022/08/25 03:14:53.884] - eth_getTransactionCount
[2022/08/25 03:14:53.885] - eth_getBalance
[2022/08/25 03:14:53.887] - eth_getTransactionCount
[2022/08/25 03:14:53.894] - eth_getBalance
[2022/08/25 03:14:53.894] - eth_getTransactionCount
[2022/08/25 03:14:53.900] - eth_getBalance
[2022/08/25 03:14:53.907] - eth_getTransactionCount
[2022/08/25 03:14:53.910] - eth_getBalance
[2022/08/25 03:14:53.922] - eth_getTransactionCount
[2022/08/25 03:14:53.933] - eth_getBalance
[2022/08/25 03:14:53.943] - eth_getTransactionCount
[2022/08/25 03:14:53.946] - eth_getBalance
[2022/08/25 03:14:53.948] - eth_getTransactionCount
[2022/08/25 03:14:53.949] - eth_getBalance
[2022/08/25 03:14:53.950] - eth_getTransactionCount
[2022/08/25 03:14:53.952] - eth_getBalance
[2022/08/25 03:14:53.954] - eth_getTransactionCount
[2022/08/25 03:14:53.957] - eth_getBalance
[2022/08/25 03:14:53.958] - eth_getTransactionCount
[2022/08/25 03:14:53.958] - eth_getBalance
[2022/08/25 03:14:53.961] - eth_getTransactionCount
[2022/08/25 03:14:53.962] - eth_getBalance
[2022/08/25 03:14:53.964] - eth_getTransactionCount
[2022/08/25 03:14:53.966] - eth_getBalance
[2022/08/25 03:14:53.976] - eth_getTransactionCount
[2022/08/25 03:14:53.980] - eth_getBalance
[2022/08/25 03:14:53.982] - eth_getTransactionCount
[2022/08/25 03:14:53.990] - eth_getBalance
[2022/08/25 03:14:53.993] - eth_getTransactionCount
[2022/08/25 03:14:53.994] - eth_getBalance
[2022/08/25 03:14:54.002] - eth_getTransactionCount
[2022/08/25 03:14:54.005] - eth_getBalance
[2022/08/25 03:14:54.006] - eth_getTransactionCount
[2022/08/25 03:14:54.007] - eth_getBalance
[2022/08/25 03:14:54.009] - eth_getTransactionCount
[2022/08/25 03:14:54.096] - eth_blockNumber
[2022/08/25 03:14:54.097] - eth_accounts
[2022/08/25 03:14:54.097] - eth_gasPrice
[2022/08/25 03:14:54.097] - eth_getBlockByNumber
[2022/08/25 03:14:54.097] - eth_subscribe
[2022/08/25 03:14:54.596] - eth_getBalance
[2022/08/25 03:14:54.600] - eth_getTransactionCount
[2022/08/25 03:14:54.603] - eth_getBalance
[2022/08/25 03:14:54.605] - eth_getTransactionCount
[2022/08/25 03:14:54.607] - eth_getBalance
[2022/08/25 03:14:54.608] - eth_getTransactionCount
[2022/08/25 03:14:54.613] - eth_getBalance
[2022/08/25 03:14:54.616] - eth_getTransactionCount
[2022/08/25 03:14:54.618] - eth_getBalance
[2022/08/25 03:14:54.625] - eth_getTransactionCount
[2022/08/25 03:14:54.629] - eth_getBalance
[2022/08/25 03:14:54.633] - eth_getTransactionCount
[2022/08/25 03:14:54.636] - eth_getBalance
[2022/08/25 03:14:54.639] - eth_getTransactionCount
[2022/08/25 03:14:54.641] - eth_getBalance
[2022/08/25 03:14:54.642] - eth_getTransactionCount
[2022/08/25 03:14:54.644] - eth_getBalance
[2022/08/25 03:14:54.645] - eth_getTransactionCount
[2022/08/25 03:14:54.648] - eth_getBalance
[2022/08/25 03:14:54.657] - eth_getTransactionCount
[2022/08/25 03:14:54.661] - eth_getBalance
[2022/08/25 03:14:54.664] - eth_getTransactionCount
[2022/08/25 03:14:54.666] - eth_getBalance
[2022/08/25 03:14:54.668] - eth_getTransactionCount
[2022/08/25 03:14:54.669] - eth_getBalance
[2022/08/25 03:14:54.670] - eth_getTransactionCount
[2022/08/25 03:14:54.672] - eth_getBalance
[2022/08/25 03:14:54.673] - eth_getTransactionCount
[2022/08/25 03:14:54.674] - eth_getBalance
[2022/08/25 03:14:54.676] - eth_getTransactionCount
[2022/08/25 03:14:54.679] - eth_getBalance
[2022/08/25 03:14:54.679] - eth_getTransactionCount
[2022/08/25 03:14:54.680] - eth_getBalance
[2022/08/25 03:14:54.681] - eth_getTransactionCount
[2022/08/25 03:14:54.682] - eth_getBalance
[2022/08/25 03:14:54.687] - eth_getTransactionCount
[2022/08/25 03:14:54.688] - eth_getBalance
[2022/08/25 03:14:54.688] - eth_getTransactionCount
[2022/08/25 03:14:54.688] - eth_getBalance
[2022/08/25 03:14:54.691] - eth_getTransactionCount
[2022/08/25 03:14:54.691] - eth_getBalance
[2022/08/25 03:14:54.693] - eth_getTransactionCount
[2022/08/25 03:14:54.698] - eth_getBalance
[2022/08/25 03:14:54.702] - eth_getTransactionCount
[2022/08/25 03:14:54.704] - eth_getBalance
[2022/08/25 03:14:54.706] - eth_getTransactionCount
[2022/08/25 03:14:54.712] - eth_getBalance
[2022/08/25 03:14:54.716] - eth_getTransactionCount
[2022/08/25 03:14:54.716] - eth_getBalance
[2022/08/25 03:14:54.717] - eth_getTransactionCount
[2022/08/25 03:14:54.724] - eth_getBalance
[2022/08/25 03:14:54.727] - eth_getTransactionCount
[2022/08/25 03:14:54.728] - eth_getBalance
[2022/08/25 03:14:54.731] - eth_getTransactionCount
[2022/08/25 03:14:54.734] - eth_getBalance
[2022/08/25 03:14:54.739] - eth_getTransactionCount
[2022/08/25 03:14:54.740] - eth_getBalance
[2022/08/25 03:14:54.744] - eth_getTransactionCount
[2022/08/25 03:14:54.749] - eth_getBalance
[2022/08/25 03:14:54.750] - eth_getTransactionCount
[2022/08/25 03:14:54.751] - eth_getBalance
[2022/08/25 03:14:54.753] - eth_getTransactionCount
[2022/08/25 03:14:54.754] - eth_getBalance
[2022/08/25 03:14:54.756] - eth_getTransactionCount
[2022/08/25 03:14:54.757] - eth_getBalance
[2022/08/25 03:14:54.758] - eth_getTransactionCount
[2022/08/25 03:14:54.760] - eth_getBalance
[2022/08/25 03:14:54.761] - eth_getTransactionCount
[2022/08/25 03:14:54.763] - eth_getBalance
[2022/08/25 03:14:54.764] - eth_getTransactionCount
[2022/08/25 03:14:54.765] - eth_getBalance
[2022/08/25 03:14:54.768] - eth_getTransactionCount
[2022/08/25 03:14:54.769] - eth_getBalance
[2022/08/25 03:14:54.770] - eth_getTransactionCount
[2022/08/25 03:14:54.773] - eth_getBalance
[2022/08/25 03:14:54.776] - eth_getTransactionCount
[2022/08/25 03:14:54.776] - eth_getBalance
[2022/08/25 03:14:54.777] - eth_getTransactionCount
[2022/08/25 03:14:54.779] - eth_getBalance
[2022/08/25 03:14:54.780] - eth_getTransactionCount
[2022/08/25 03:14:54.783] - eth_getBalance
[2022/08/25 03:14:54.784] - eth_getTransactionCount
[2022/08/25 03:14:54.793] - eth_getBalance
[2022/08/25 03:14:54.796] - eth_getTransactionCount
[2022/08/25 03:14:54.799] - eth_getBalance
[2022/08/25 03:14:54.801] - eth_getTransactionCount
[2022/08/25 03:14:54.807] - eth_getBalance
[2022/08/25 03:14:54.809] - eth_getTransactionCount
[2022/08/25 03:14:54.812] - eth_getBalance
[2022/08/25 03:14:54.812] - eth_getTransactionCount
[2022/08/25 03:14:54.813] - eth_getBalance
[2022/08/25 03:14:54.816] - eth_getTransactionCount
[2022/08/25 03:14:54.818] - eth_getBalance
[2022/08/25 03:14:54.818] - eth_getTransactionCount
[2022/08/25 03:14:54.819] - eth_getBalance
[2022/08/25 03:14:54.819] - eth_getTransactionCount
[2022/08/25 03:14:54.821] - eth_getBalance
[2022/08/25 03:14:54.823] - eth_getTransactionCount
[2022/08/25 03:14:54.824] - eth_getBalance
[2022/08/25 03:14:54.825] - eth_getTransactionCount
[2022/08/25 03:15:48.928] - eth_accounts
[2022/08/25 03:15:48.965] - eth_accounts
[2022/08/25 03:15:48.975] - eth_accounts
[2022/08/25 03:15:48.983] - eth_accounts
[2022/08/25 03:15:48.990] - eth_accounts
[2022/08/25 03:15:48.997] - eth_accounts
[2022/08/25 03:15:49.005] - eth_accounts
[2022/08/25 03:15:49.011] - eth_accounts
[2022/08/25 03:15:49.017] - eth_accounts
[2022/08/25 03:15:49.023] - eth_accounts
[2022/08/25 03:15:49.029] - eth_accounts
[2022/08/25 03:15:49.036] - eth_accounts
[2022/08/25 03:15:49.042] - eth_accounts
[2022/08/25 03:15:49.049] - eth_accounts
[2022/08/25 03:15:49.056] - eth_accounts
[2022/08/25 03:15:49.063] - eth_accounts
[2022/08/25 03:15:49.069] - eth_accounts
[2022/08/25 03:15:49.076] - eth_accounts
[2022/08/25 03:15:49.082] - eth_accounts
[2022/08/25 03:15:49.089] - eth_accounts
[2022/08/25 03:15:49.096] - eth_accounts
[2022/08/25 03:15:49.102] - eth_accounts
[2022/08/25 03:15:49.107] - eth_accounts
[2022/08/25 03:15:49.321] - eth_getBalance
[2022/08/25 03:15:57.556] - eth_accounts
[2022/08/25 03:15:57.583] - eth_accounts
[2022/08/25 03:15:57.593] - eth_accounts
[2022/08/25 03:15:57.602] - eth_accounts
[2022/08/25 03:15:57.610] - eth_accounts
[2022/08/25 03:15:57.619] - eth_accounts
[2022/08/25 03:15:57.628] - eth_accounts
[2022/08/25 03:15:57.636] - eth_accounts
[2022/08/25 03:15:57.644] - eth_accounts
[2022/08/25 03:15:57.653] - eth_accounts
[2022/08/25 03:15:57.660] - eth_accounts
[2022/08/25 03:15:57.667] - eth_accounts
[2022/08/25 03:15:57.674] - eth_accounts
[2022/08/25 03:15:57.682] - eth_accounts
[2022/08/25 03:15:57.689] - eth_accounts
[2022/08/25 03:15:57.697] - eth_accounts
[2022/08/25 03:15:57.704] - eth_accounts
[2022/08/25 03:15:57.710] - eth_accounts
[2022/08/25 03:15:57.718] - eth_accounts
[2022/08/25 03:15:57.728] - eth_accounts
[2022/08/25 03:15:57.735] - eth_accounts
[2022/08/25 03:15:57.744] - eth_accounts
[2022/08/25 03:15:57.752] - eth_accounts
[2022/08/25 03:15:57.913] - eth_getBalance
[2022/08/25 03:15:57.939] - eth_estimateGas
[2022/08/25 03:15:57.983] - eth_getTransactionCount
[2022/08/25 03:15:57.990] - eth_sendRawTransaction
[2022/08/25 03:17:13.732] - eth_accounts
[2022/08/25 03:17:13.748] - eth_accounts
[2022/08/25 03:17:13.759] - eth_accounts
[2022/08/25 03:17:13.769] - eth_accounts
[2022/08/25 03:17:13.777] - eth_accounts
[2022/08/25 03:17:13.786] - eth_accounts
[2022/08/25 03:17:13.794] - eth_accounts
[2022/08/25 03:17:13.802] - eth_accounts
[2022/08/25 03:17:13.810] - eth_accounts
[2022/08/25 03:17:13.818] - eth_accounts
[2022/08/25 03:17:13.824] - eth_accounts
[2022/08/25 03:17:13.832] - eth_accounts
[2022/08/25 03:17:13.839] - eth_accounts
[2022/08/25 03:17:13.846] - eth_accounts
[2022/08/25 03:17:13.853] - eth_accounts
[2022/08/25 03:17:13.860] - eth_accounts
[2022/08/25 03:17:13.867] - eth_accounts
[2022/08/25 03:17:13.874] - eth_accounts
[2022/08/25 03:17:13.881] - eth_accounts
[2022/08/25 03:17:13.888] - eth_accounts
[2022/08/25 03:17:13.894] - eth_accounts
[2022/08/25 03:17:13.900] - eth_accounts
[2022/08/25 03:17:13.906] - eth_accounts
[2022/08/25 03:17:14.102] - eth_getBalance
[2022/08/25 03:17:18.906] - eth_accounts
[2022/08/25 03:17:18.938] - eth_accounts
[2022/08/25 03:17:18.950] - eth_accounts
[2022/08/25 03:17:18.960] - eth_accounts
[2022/08/25 03:17:18.969] - eth_accounts
[2022/08/25 03:17:18.979] - eth_accounts
[2022/08/25 03:17:18.987] - eth_accounts
[2022/08/25 03:17:18.997] - eth_accounts
[2022/08/25 03:17:19.005] - eth_accounts
[2022/08/25 03:17:19.013] - eth_accounts
[2022/08/25 03:17:19.020] - eth_accounts
[2022/08/25 03:17:19.028] - eth_accounts
[2022/08/25 03:17:19.035] - eth_accounts
[2022/08/25 03:17:19.043] - eth_accounts
[2022/08/25 03:17:19.050] - eth_accounts
[2022/08/25 03:17:19.057] - eth_accounts
[2022/08/25 03:17:19.064] - eth_accounts
[2022/08/25 03:17:19.072] - eth_accounts
[2022/08/25 03:17:19.079] - eth_accounts
[2022/08/25 03:17:19.085] - eth_accounts
[2022/08/25 03:17:19.092] - eth_accounts
[2022/08/25 03:17:19.099] - eth_accounts
[2022/08/25 03:17:19.105] - eth_accounts
[2022/08/25 03:17:19.243] - eth_getBalance
[2022/08/25 03:17:19.274] - eth_estimateGas
[2022/08/25 03:17:19.329] - eth_getTransactionCount
[2022/08/25 03:17:19.337] - eth_sendRawTransaction
[2022/08/25 03:17:19.357] - 
[2022/08/25 03:17:19.358] -   Transaction: 0x71ac2b373d650f77a505aef75fc7da2f7c419694683f04165b11a8fd255fb3ac
[2022/08/25 03:17:19.358] -   Gas usage: 21000
[2022/08/25 03:17:19.358] -   Block Number: 1
[2022/08/25 03:17:19.367] -   Block Time: Thu Aug 25 2022 03:17:19 GMT-0400 (Eastern Daylight Time)
[2022/08/25 03:17:19.368] - 
[2022/08/25 03:17:19.369] - eth_getBlockByNumber
[2022/08/25 03:17:19.376] - eth_getBalance
[2022/08/25 03:17:19.379] - eth_getTransactionCount
[2022/08/25 03:17:19.382] - eth_getBalance
[2022/08/25 03:17:19.387] - eth_getTransactionCount
[2022/08/25 03:17:19.390] - eth_getBalance
[2022/08/25 03:17:19.395] - eth_getTransactionCount
[2022/08/25 03:17:19.399] - eth_getBalance
[2022/08/25 03:17:19.417] - eth_getTransactionCount
[2022/08/25 03:17:19.436] - eth_getBalance
[2022/08/25 03:17:19.443] - eth_getTransactionCount
[2022/08/25 03:17:19.447] - eth_getBalance
[2022/08/25 03:17:19.449] - eth_getTransactionCount
[2022/08/25 03:17:19.450] - eth_getBalance
[2022/08/25 03:17:19.458] - eth_getTransactionCount
[2022/08/25 03:17:19.462] - eth_getBalance
[2022/08/25 03:17:19.466] - eth_getTransactionCount
[2022/08/25 03:17:19.467] - eth_getBalance
[2022/08/25 03:17:19.469] - eth_getTransactionCount
[2022/08/25 03:17:19.470] - eth_getBalance
[2022/08/25 03:17:19.472] - eth_getTransactionCount
[2022/08/25 03:17:19.474] - eth_getBalance
[2022/08/25 03:17:19.475] - eth_getTransactionCount
[2022/08/25 03:17:19.477] - eth_getBalance
[2022/08/25 03:17:19.478] - eth_getTransactionCount
[2022/08/25 03:17:19.481] - eth_getBalance
[2022/08/25 03:17:19.484] - eth_getTransactionCount
[2022/08/25 03:17:19.485] - eth_getBalance
[2022/08/25 03:17:19.487] - eth_getTransactionCount
[2022/08/25 03:17:19.488] - eth_getBalance
[2022/08/25 03:17:19.494] - eth_getTransactionCount
[2022/08/25 03:17:19.497] - eth_getBalance
[2022/08/25 03:17:19.499] - eth_getTransactionCount
[2022/08/25 03:17:19.501] - eth_getBalance
[2022/08/25 03:17:19.504] - eth_getTransactionCount
[2022/08/25 03:17:19.505] - eth_getBalance
[2022/08/25 03:17:19.507] - eth_getTransactionCount
[2022/08/25 03:17:19.509] - eth_getBalance
[2022/08/25 03:17:19.509] - eth_getTransactionCount
[2022/08/25 03:17:19.511] - eth_getBalance
[2022/08/25 03:17:19.513] - eth_getTransactionCount
[2022/08/25 03:17:19.514] - eth_getBalance
[2022/08/25 03:17:19.516] - eth_getTransactionCount
[2022/08/25 03:17:19.517] - eth_getBalance
[2022/08/25 03:17:19.519] - eth_getTransactionCount
[2022/08/25 03:17:19.521] - eth_getBalance
[2022/08/25 03:17:19.522] - eth_getTransactionCount
[2022/08/25 03:17:19.523] - eth_getBalance
[2022/08/25 03:17:19.524] - eth_getTransactionCount
[2022/08/25 03:17:19.526] - eth_getBalance
[2022/08/25 03:17:19.527] - eth_getTransactionCount
[2022/08/25 03:17:43.465] - eth_getBlockByNumber
[2022/08/25 03:17:43.501] - eth_getTransactionReceipt
[2022/08/25 03:17:43.514] - eth_getBlockByNumber
[2022/08/25 03:18:44.296] - eth_accounts
[2022/08/25 03:18:44.306] - eth_accounts
[2022/08/25 03:18:44.315] - eth_accounts
[2022/08/25 03:18:44.321] - eth_accounts
[2022/08/25 03:18:44.334] - eth_accounts
[2022/08/25 03:18:44.341] - eth_accounts
[2022/08/25 03:18:44.348] - eth_accounts
[2022/08/25 03:18:44.356] - eth_accounts
[2022/08/25 03:18:44.363] - eth_accounts
[2022/08/25 03:18:44.372] - eth_accounts
[2022/08/25 03:18:44.380] - eth_accounts
[2022/08/25 03:18:44.390] - eth_accounts
[2022/08/25 03:18:44.399] - eth_accounts
[2022/08/25 03:18:44.411] - eth_accounts
[2022/08/25 03:18:44.419] - eth_accounts
[2022/08/25 03:18:44.428] - eth_accounts
[2022/08/25 03:18:44.436] - eth_accounts
[2022/08/25 03:18:44.444] - eth_accounts
[2022/08/25 03:18:44.451] - eth_accounts
[2022/08/25 03:18:44.458] - eth_accounts
[2022/08/25 03:18:44.466] - eth_accounts
[2022/08/25 03:18:44.474] - eth_accounts
[2022/08/25 03:18:44.482] - eth_accounts
[2022/08/25 03:18:44.695] - eth_getBalance
[2022/08/25 03:18:50.794] - eth_accounts
[2022/08/25 03:18:50.803] - eth_accounts
[2022/08/25 03:18:50.813] - eth_accounts
[2022/08/25 03:18:50.821] - eth_accounts
[2022/08/25 03:18:50.830] - eth_accounts
[2022/08/25 03:18:50.838] - eth_accounts
[2022/08/25 03:18:50.846] - eth_accounts
[2022/08/25 03:18:50.853] - eth_accounts
[2022/08/25 03:18:50.860] - eth_accounts
[2022/08/25 03:18:50.867] - eth_accounts
[2022/08/25 03:18:50.875] - eth_accounts
[2022/08/25 03:18:50.882] - eth_accounts
[2022/08/25 03:18:50.889] - eth_accounts
[2022/08/25 03:18:50.896] - eth_accounts
[2022/08/25 03:18:50.902] - eth_accounts
[2022/08/25 03:18:50.908] - eth_accounts
[2022/08/25 03:18:50.915] - eth_accounts
[2022/08/25 03:18:50.922] - eth_accounts
[2022/08/25 03:18:50.930] - eth_accounts
[2022/08/25 03:18:50.936] - eth_accounts
[2022/08/25 03:18:50.943] - eth_accounts
[2022/08/25 03:18:50.950] - eth_accounts
[2022/08/25 03:18:50.957] - eth_accounts
[2022/08/25 03:18:51.098] - eth_getBalance
[2022/08/25 03:18:51.141] - eth_estimateGas
[2022/08/25 03:18:51.200] - eth_getTransactionCount
[2022/08/25 03:18:51.207] - eth_sendRawTransaction
[2022/08/25 03:18:51.235] - 
[2022/08/25 03:18:51.235] -   Transaction: 0xc6828a70366bd19129394e7500f82de7047979e7943bd5451cab1bda684d7f9d
[2022/08/25 03:18:51.235] -   Gas usage: 21000
[2022/08/25 03:18:51.235] -   Block Number: 2
[2022/08/25 03:18:51.235] -   Block Time: Thu Aug 25 2022 03:18:51 GMT-0400 (Eastern Daylight Time)
[2022/08/25 03:18:51.235] - 
[2022/08/25 03:18:51.236] - eth_getBlockByNumber
[2022/08/25 03:18:51.246] - eth_getBlockByNumber
[2022/08/25 03:18:51.251] - eth_getBalance
[2022/08/25 03:18:51.253] - eth_getTransactionCount
[2022/08/25 03:18:51.256] - eth_getBalance
[2022/08/25 03:18:51.260] - eth_getTransactionCount
[2022/08/25 03:18:51.263] - eth_getBalance
[2022/08/25 03:18:51.265] - eth_getTransactionCount
[2022/08/25 03:18:51.266] - eth_getBalance
[2022/08/25 03:18:51.270] - eth_getTransactionCount
[2022/08/25 03:18:51.272] - eth_getBalance
[2022/08/25 03:18:51.272] - eth_getTransactionCount
[2022/08/25 03:18:51.273] - eth_getBalance
[2022/08/25 03:18:51.274] - eth_getTransactionCount
[2022/08/25 03:18:51.274] - eth_getBalance
[2022/08/25 03:18:51.275] - eth_getTransactionCount
[2022/08/25 03:18:51.276] - eth_getBalance
[2022/08/25 03:18:51.276] - eth_getTransactionCount
[2022/08/25 03:18:51.276] - eth_getBalance
[2022/08/25 03:18:51.277] - eth_getTransactionCount
[2022/08/25 03:18:51.278] - eth_getBalance
[2022/08/25 03:18:51.279] - eth_getTransactionCount
[2022/08/25 03:18:51.280] - eth_getBalance
[2022/08/25 03:18:51.280] - eth_getTransactionCount
[2022/08/25 03:18:51.281] - eth_getBalance
[2022/08/25 03:18:51.284] - eth_getTransactionCount
[2022/08/25 03:18:51.286] - eth_getBalance
[2022/08/25 03:18:51.287] - eth_getTransactionCount
[2022/08/25 03:18:51.287] - eth_getBalance
[2022/08/25 03:18:51.288] - eth_getTransactionCount
[2022/08/25 03:18:51.288] - eth_getBalance
[2022/08/25 03:18:51.290] - eth_getTransactionCount
[2022/08/25 03:18:51.291] - eth_getBalance
[2022/08/25 03:18:51.291] - eth_getTransactionCount
[2022/08/25 03:18:51.292] - eth_getBalance
[2022/08/25 03:18:51.293] - eth_getTransactionCount
[2022/08/25 03:18:51.297] - eth_getBalance
[2022/08/25 03:18:51.298] - eth_getTransactionCount
[2022/08/25 03:18:51.300] - eth_getBalance
[2022/08/25 03:18:51.300] - eth_getTransactionCount
[2022/08/25 03:18:51.303] - eth_getBalance
[2022/08/25 03:18:51.303] - eth_getTransactionCount
[2022/08/25 03:18:51.303] - eth_getBalance
[2022/08/25 03:18:51.305] - eth_getTransactionCount
[2022/08/25 03:18:51.305] - eth_getBalance
[2022/08/25 03:18:51.305] - eth_getTransactionCount
[2022/08/25 03:18:51.306] - eth_getBalance
[2022/08/25 03:18:51.307] - eth_getTransactionCount
[2022/08/25 03:18:51.308] - eth_getBalance
[2022/08/25 03:18:51.310] - eth_getTransactionCount
[2022/08/25 03:18:51.310] - eth_getBalance
[2022/08/25 03:18:51.313] - eth_getTransactionCount
[2022/08/25 03:18:51.321] - eth_getTransactionReceipt
[2022/08/25 10:42:10.425] - eth_accounts
[2022/08/25 10:42:10.441] - eth_accounts
[2022/08/25 10:42:10.448] - eth_accounts
[2022/08/25 10:42:10.456] - eth_accounts
[2022/08/25 10:42:10.463] - eth_accounts
[2022/08/25 10:42:10.470] - eth_accounts
[2022/08/25 10:42:10.476] - eth_accounts
[2022/08/25 10:42:10.486] - eth_accounts
[2022/08/25 10:42:10.493] - eth_accounts
[2022/08/25 10:42:10.503] - eth_accounts
[2022/08/25 10:42:10.510] - eth_accounts
[2022/08/25 10:42:10.516] - eth_accounts
[2022/08/25 10:42:10.522] - eth_accounts
[2022/08/25 10:42:10.529] - eth_accounts
[2022/08/25 10:42:10.541] - eth_accounts
[2022/08/25 10:42:10.549] - eth_accounts
[2022/08/25 10:42:10.556] - eth_accounts
[2022/08/25 10:42:10.562] - eth_accounts
[2022/08/25 10:42:10.568] - eth_accounts
[2022/08/25 10:42:10.573] - eth_accounts
[2022/08/25 10:42:10.580] - eth_accounts
[2022/08/25 10:42:10.586] - eth_accounts
[2022/08/25 10:42:10.592] - eth_accounts
[2022/08/25 10:42:10.832] - eth_getBalance
[2022/08/25 10:59:14.948] - eth_accounts
[2022/08/25 10:59:14.959] - eth_accounts
[2022/08/25 10:59:14.970] - eth_accounts
[2022/08/25 10:59:14.980] - eth_accounts
[2022/08/25 10:59:14.987] - eth_accounts
[2022/08/25 10:59:14.993] - eth_accounts
[2022/08/25 10:59:14.999] - eth_accounts
[2022/08/25 10:59:15.005] - eth_accounts
[2022/08/25 10:59:15.011] - eth_accounts
[2022/08/25 10:59:15.018] - eth_accounts
[2022/08/25 10:59:15.024] - eth_accounts
[2022/08/25 10:59:15.030] - eth_accounts
[2022/08/25 10:59:15.036] - eth_accounts
[2022/08/25 10:59:15.042] - eth_accounts
[2022/08/25 10:59:15.049] - eth_accounts
[2022/08/25 10:59:15.055] - eth_accounts
[2022/08/25 10:59:15.061] - eth_accounts
[2022/08/25 10:59:15.067] - eth_accounts
[2022/08/25 10:59:15.073] - eth_accounts
[2022/08/25 10:59:15.079] - eth_accounts
[2022/08/25 10:59:15.088] - eth_accounts
[2022/08/25 10:59:15.096] - eth_accounts
[2022/08/25 10:59:15.104] - eth_accounts
[2022/08/25 10:59:15.370] - eth_getBalance
[2022/08/25 14:50:28.966] - eth_accounts
[2022/08/25 14:50:28.987] - eth_accounts
[2022/08/25 14:50:28.996] - eth_accounts
[2022/08/25 14:50:29.006] - eth_accounts
[2022/08/25 14:50:29.017] - eth_accounts
[2022/08/25 14:50:29.024] - eth_accounts
[2022/08/25 14:50:29.032] - eth_accounts
[2022/08/25 14:50:29.040] - eth_accounts
[2022/08/25 14:50:29.047] - eth_accounts
[2022/08/25 14:50:29.055] - eth_accounts
[2022/08/25 14:50:29.064] - eth_accounts
[2022/08/25 14:50:29.074] - eth_accounts
[2022/08/25 14:50:29.080] - eth_accounts
[2022/08/25 14:50:29.086] - eth_accounts
[2022/08/25 14:50:29.092] - eth_accounts
[2022/08/25 14:50:29.099] - eth_accounts
[2022/08/25 14:50:29.105] - eth_accounts
[2022/08/25 14:50:29.112] - eth_accounts
[2022/08/25 14:50:29.118] - eth_accounts
[2022/08/25 14:50:29.125] - eth_accounts
[2022/08/25 14:50:29.132] - eth_accounts
[2022/08/25 14:50:29.139] - eth_accounts
[2022/08/25 14:50:29.146] - eth_accounts
[2022/08/25 14:50:29.355] - eth_getBalance
[2022/08/25 14:50:29.431] - eth_estimateGas
[2022/08/25 14:50:29.472] - eth_getTransactionCount
[2022/08/25 14:50:29.479] - eth_sendRawTransaction
[2022/08/25 14:50:29.511] - 
[2022/08/25 14:50:29.511] -   Transaction: 0x092603815ebe4ca2103922c9a1dfac83d79f03d8a50f8f86d8488042d8c90ba7
[2022/08/25 14:50:29.511] -   Gas usage: 21000
[2022/08/25 14:50:29.512] -   Block Number: 3
[2022/08/25 14:50:29.512] -   Block Time: Thu Aug 25 2022 14:50:29 GMT-0400 (Eastern Daylight Time)
[2022/08/25 14:50:29.512] - 
[2022/08/25 14:50:29.521] - eth_getBlockByNumber
[2022/08/25 14:50:29.533] - eth_getBalance
[2022/08/25 14:50:29.542] - eth_getTransactionCount
[2022/08/25 14:50:29.543] - eth_getBalance
[2022/08/25 14:50:29.547] - eth_getTransactionCount
[2022/08/25 14:50:29.549] - eth_getBalance
[2022/08/25 14:50:29.550] - eth_getTransactionCount
[2022/08/25 14:50:29.553] - eth_getBalance
[2022/08/25 14:50:29.554] - eth_getTransactionCount
[2022/08/25 14:50:29.556] - eth_getBalance
[2022/08/25 14:50:29.559] - eth_getTransactionCount
[2022/08/25 14:50:29.563] - eth_getBalance
[2022/08/25 14:50:29.567] - eth_getTransactionCount
[2022/08/25 14:50:29.585] - eth_getBalance
[2022/08/25 14:50:29.607] - eth_getTransactionCount
[2022/08/25 14:50:29.617] - eth_getBalance
[2022/08/25 14:50:29.620] - eth_getTransactionCount
[2022/08/25 14:50:29.621] - eth_getBalance
[2022/08/25 14:50:29.623] - eth_getTransactionCount
[2022/08/25 14:50:29.625] - eth_getBalance
[2022/08/25 14:50:29.626] - eth_getTransactionCount
[2022/08/25 14:50:29.628] - eth_getBalance
[2022/08/25 14:50:29.630] - eth_getTransactionCount
[2022/08/25 14:50:29.631] - eth_getBalance
[2022/08/25 14:50:29.633] - eth_getTransactionCount
[2022/08/25 14:50:29.635] - eth_getBalance
[2022/08/25 14:50:29.636] - eth_getTransactionCount
[2022/08/25 14:50:29.638] - eth_getBalance
[2022/08/25 14:50:29.640] - eth_getTransactionCount
[2022/08/25 14:50:29.641] - eth_getBalance
[2022/08/25 14:50:29.646] - eth_getTransactionCount
[2022/08/25 14:50:29.652] - eth_getBalance
[2022/08/25 14:50:29.654] - eth_getTransactionCount
[2022/08/25 14:50:29.661] - eth_getBalance
[2022/08/25 14:50:29.663] - eth_getTransactionCount
[2022/08/25 14:50:29.663] - eth_getBalance
[2022/08/25 14:50:29.668] - eth_getTransactionCount
[2022/08/25 14:50:29.668] - eth_getBalance
[2022/08/25 14:50:29.668] - eth_getTransactionCount
[2022/08/25 14:50:29.669] - eth_getBalance
[2022/08/25 14:50:29.671] - eth_getTransactionCount
[2022/08/25 14:50:29.679] - eth_getBalance
[2022/08/25 14:50:29.680] - eth_getTransactionCount
[2022/08/25 14:50:29.680] - eth_getBalance
[2022/08/25 14:50:29.680] - eth_getTransactionCount
[2022/08/25 14:50:29.685] - eth_getBalance
[2022/08/25 14:50:29.685] - eth_getTransactionCount
[2022/08/25 14:50:29.686] - eth_getBalance
[2022/08/25 14:50:29.686] - eth_getTransactionCount
[2022/08/25 14:50:29.697] - eth_getBalance
[2022/08/25 14:50:29.698] - eth_getTransactionCount
[2022/08/25 15:11:48.068] - eth_accounts
[2022/08/25 15:11:48.099] - eth_accounts
[2022/08/25 15:11:48.129] - eth_accounts
[2022/08/25 15:11:48.149] - eth_accounts
[2022/08/25 15:11:48.157] - eth_accounts
[2022/08/25 15:11:48.167] - eth_accounts
[2022/08/25 15:11:48.175] - eth_accounts
[2022/08/25 15:11:48.183] - eth_accounts
[2022/08/25 15:11:48.193] - eth_accounts
[2022/08/25 15:11:48.204] - eth_accounts
[2022/08/25 15:11:48.213] - eth_accounts
[2022/08/25 15:11:48.221] - eth_accounts
[2022/08/25 15:11:48.231] - eth_accounts
[2022/08/25 15:11:48.240] - eth_accounts
[2022/08/25 15:11:48.249] - eth_accounts
[2022/08/25 15:11:48.258] - eth_accounts
[2022/08/25 15:11:48.266] - eth_accounts
[2022/08/25 15:11:48.274] - eth_accounts
[2022/08/25 15:11:48.281] - eth_accounts
[2022/08/25 15:11:48.288] - eth_accounts
[2022/08/25 15:11:48.295] - eth_accounts
[2022/08/25 15:11:48.302] - eth_accounts
[2022/08/25 15:11:48.307] - eth_accounts
[2022/08/25 15:11:48.522] - eth_getBalance
[2022/08/25 15:13:40.081] - eth_accounts
[2022/08/25 15:13:40.096] - eth_accounts
[2022/08/25 15:13:40.108] - eth_accounts
[2022/08/25 15:13:40.116] - eth_accounts
[2022/08/25 15:13:40.124] - eth_accounts
[2022/08/25 15:13:40.131] - eth_accounts
[2022/08/25 15:13:40.138] - eth_accounts
[2022/08/25 15:13:40.144] - eth_accounts
[2022/08/25 15:13:40.151] - eth_accounts
[2022/08/25 15:13:40.158] - eth_accounts
[2022/08/25 15:13:40.165] - eth_accounts
[2022/08/25 15:13:40.173] - eth_accounts
[2022/08/25 15:13:40.180] - eth_accounts
[2022/08/25 15:13:40.187] - eth_accounts
[2022/08/25 15:13:40.193] - eth_accounts
[2022/08/25 15:13:40.200] - eth_accounts
[2022/08/25 15:13:40.206] - eth_accounts
[2022/08/25 15:13:40.213] - eth_accounts
[2022/08/25 15:13:40.219] - eth_accounts
[2022/08/25 15:13:40.226] - eth_accounts
[2022/08/25 15:13:40.233] - eth_accounts
[2022/08/25 15:13:40.241] - eth_accounts
[2022/08/25 15:13:40.250] - eth_accounts
[2022/08/25 15:13:40.483] - eth_getBalance
[2022/08/25 15:13:50.047] - eth_accounts
[2022/08/25 15:13:50.058] - eth_accounts
[2022/08/25 15:13:50.067] - eth_accounts
[2022/08/25 15:13:50.074] - eth_accounts
[2022/08/25 15:13:50.082] - eth_accounts
[2022/08/25 15:13:50.089] - eth_accounts
[2022/08/25 15:13:50.096] - eth_accounts
[2022/08/25 15:13:50.103] - eth_accounts
[2022/08/25 15:13:50.111] - eth_accounts
[2022/08/25 15:13:50.118] - eth_accounts
[2022/08/25 15:13:50.124] - eth_accounts
[2022/08/25 15:13:50.131] - eth_accounts
[2022/08/25 15:13:50.138] - eth_accounts
[2022/08/25 15:13:50.146] - eth_accounts
[2022/08/25 15:13:50.151] - eth_accounts
[2022/08/25 15:13:50.158] - eth_accounts
[2022/08/25 15:13:50.164] - eth_accounts
[2022/08/25 15:13:50.171] - eth_accounts
[2022/08/25 15:13:50.178] - eth_accounts
[2022/08/25 15:13:50.184] - eth_accounts
[2022/08/25 15:13:50.191] - eth_accounts
[2022/08/25 15:13:50.198] - eth_accounts
[2022/08/25 15:13:50.205] - eth_accounts
[2022/08/25 15:13:50.355] - eth_getBalance
[2022/08/25 15:13:56.116] - eth_accounts
[2022/08/25 15:13:56.127] - eth_accounts
[2022/08/25 15:13:56.138] - eth_accounts
[2022/08/25 15:13:56.146] - eth_accounts
[2022/08/25 15:13:56.154] - eth_accounts
[2022/08/25 15:13:56.161] - eth_accounts
[2022/08/25 15:13:56.168] - eth_accounts
[2022/08/25 15:13:56.174] - eth_accounts
[2022/08/25 15:13:56.182] - eth_accounts
[2022/08/25 15:13:56.188] - eth_accounts
[2022/08/25 15:13:56.195] - eth_accounts
[2022/08/25 15:13:56.203] - eth_accounts
[2022/08/25 15:13:56.210] - eth_accounts
[2022/08/25 15:13:56.217] - eth_accounts
[2022/08/25 15:13:56.223] - eth_accounts
[2022/08/25 15:13:56.230] - eth_accounts
[2022/08/25 15:13:56.236] - eth_accounts
[2022/08/25 15:13:56.242] - eth_accounts
[2022/08/25 15:13:56.249] - eth_accounts
[2022/08/25 15:13:56.255] - eth_accounts
[2022/08/25 15:13:56.261] - eth_accounts
[2022/08/25 15:13:56.268] - eth_accounts
[2022/08/25 15:13:56.275] - eth_accounts
[2022/08/25 15:13:56.416] - eth_getBalance
[2022/08/25 15:16:29.864] - eth_accounts
[2022/08/25 15:16:29.879] - eth_accounts
[2022/08/25 15:16:29.889] - eth_accounts
[2022/08/25 15:16:29.899] - eth_accounts
[2022/08/25 15:16:29.908] - eth_accounts
[2022/08/25 15:16:29.918] - eth_accounts
[2022/08/25 15:16:29.926] - eth_accounts
[2022/08/25 15:16:29.934] - eth_accounts
[2022/08/25 15:16:29.941] - eth_accounts
[2022/08/25 15:16:29.949] - eth_accounts
[2022/08/25 15:16:29.956] - eth_accounts
[2022/08/25 15:16:29.964] - eth_accounts
[2022/08/25 15:16:29.970] - eth_accounts
[2022/08/25 15:16:29.977] - eth_accounts
[2022/08/25 15:16:29.984] - eth_accounts
[2022/08/25 15:16:29.992] - eth_accounts
[2022/08/25 15:16:30.000] - eth_accounts
[2022/08/25 15:16:30.008] - eth_accounts
[2022/08/25 15:16:30.017] - eth_accounts
[2022/08/25 15:16:30.025] - eth_accounts
[2022/08/25 15:16:30.033] - eth_accounts
[2022/08/25 15:16:30.040] - eth_accounts
[2022/08/25 15:16:30.045] - eth_accounts
[2022/08/25 15:16:30.253] - eth_getBalance
[2022/08/25 15:17:48.102] - eth_accounts
[2022/08/25 15:17:48.114] - eth_accounts
[2022/08/25 15:17:48.126] - eth_accounts
[2022/08/25 15:17:48.135] - eth_accounts
[2022/08/25 15:17:48.142] - eth_accounts
[2022/08/25 15:17:48.150] - eth_accounts
[2022/08/25 15:17:48.159] - eth_accounts
[2022/08/25 15:17:48.167] - eth_accounts
[2022/08/25 15:17:48.175] - eth_accounts
[2022/08/25 15:17:48.182] - eth_accounts
[2022/08/25 15:17:48.190] - eth_accounts
[2022/08/25 15:17:48.197] - eth_accounts
[2022/08/25 15:17:48.204] - eth_accounts
[2022/08/25 15:17:48.211] - eth_accounts
[2022/08/25 15:17:48.217] - eth_accounts
[2022/08/25 15:17:48.224] - eth_accounts
[2022/08/25 15:17:48.231] - eth_accounts
[2022/08/25 15:17:48.237] - eth_accounts
[2022/08/25 15:17:48.243] - eth_accounts
[2022/08/25 15:17:48.250] - eth_accounts
[2022/08/25 15:17:48.257] - eth_accounts
[2022/08/25 15:17:48.263] - eth_accounts
[2022/08/25 15:17:48.270] - eth_accounts
[2022/08/25 15:17:48.455] - eth_getBalance
[2022/08/25 15:17:54.475] - eth_accounts
[2022/08/25 15:17:54.489] - eth_accounts
[2022/08/25 15:17:54.499] - eth_accounts
[2022/08/25 15:17:54.509] - eth_accounts
[2022/08/25 15:17:54.517] - eth_accounts
[2022/08/25 15:17:54.526] - eth_accounts
[2022/08/25 15:17:54.533] - eth_accounts
[2022/08/25 15:17:54.541] - eth_accounts
[2022/08/25 15:17:54.548] - eth_accounts
[2022/08/25 15:17:54.554] - eth_accounts
[2022/08/25 15:17:54.561] - eth_accounts
[2022/08/25 15:17:54.569] - eth_accounts
[2022/08/25 15:17:54.575] - eth_accounts
[2022/08/25 15:17:54.582] - eth_accounts
[2022/08/25 15:17:54.589] - eth_accounts
[2022/08/25 15:17:54.596] - eth_accounts
[2022/08/25 15:17:54.602] - eth_accounts
[2022/08/25 15:17:54.609] - eth_accounts
[2022/08/25 15:17:54.616] - eth_accounts
[2022/08/25 15:17:54.624] - eth_accounts
[2022/08/25 15:17:54.631] - eth_accounts
[2022/08/25 15:17:54.637] - eth_accounts
[2022/08/25 15:17:54.644] - eth_accounts
[2022/08/25 15:17:54.793] - eth_getBalance
[2022/08/25 15:17:54.824] - eth_estimateGas
[2022/08/25 15:17:54.881] - eth_getTransactionCount
[2022/08/25 15:17:54.888] - eth_sendRawTransaction
[2022/08/25 15:17:54.905] - 
[2022/08/25 15:17:54.905] -   Transaction: 0xc16991a72f16dfc0eeed313d9695ebeb39910616ceb6fba63d02d44802d8f6bd
[2022/08/25 15:17:54.905] -   Gas usage: 21000
[2022/08/25 15:17:54.905] -   Block Number: 4
[2022/08/25 15:17:54.905] -   Block Time: Thu Aug 25 2022 15:17:54 GMT-0400 (Eastern Daylight Time)
[2022/08/25 15:17:54.905] - 
[2022/08/25 15:17:54.907] - eth_getBlockByNumber
[2022/08/25 15:17:54.974] - eth_getBalance
[2022/08/25 15:17:54.978] - eth_getTransactionCount
[2022/08/25 15:17:54.982] - eth_getBalance
[2022/08/25 15:17:54.983] - eth_getTransactionCount
[2022/08/25 15:17:54.984] - eth_getBalance
[2022/08/25 15:17:54.990] - eth_getTransactionCount
[2022/08/25 15:17:54.990] - eth_getBalance
[2022/08/25 15:17:54.990] - eth_getTransactionCount
[2022/08/25 15:17:54.990] - eth_getBalance
[2022/08/25 15:17:54.990] - eth_getTransactionCount
[2022/08/25 15:17:54.990] - eth_getBalance
[2022/08/25 15:17:55.001] - eth_getTransactionCount
[2022/08/25 15:17:55.002] - eth_getBalance
[2022/08/25 15:17:55.002] - eth_getTransactionCount
[2022/08/25 15:17:55.002] - eth_getBalance
[2022/08/25 15:17:55.002] - eth_getTransactionCount
[2022/08/25 15:17:55.003] - eth_getBalance
[2022/08/25 15:17:55.004] - eth_getTransactionCount
[2022/08/25 15:17:55.004] - eth_getBalance
[2022/08/25 15:17:55.005] - eth_getTransactionCount
[2022/08/25 15:17:55.007] - eth_getBalance
[2022/08/25 15:17:55.009] - eth_getTransactionCount
[2022/08/25 15:17:55.010] - eth_getBalance
[2022/08/25 15:17:55.014] - eth_getTransactionCount
[2022/08/25 15:17:55.016] - eth_getBalance
[2022/08/25 15:17:55.016] - eth_getTransactionCount
[2022/08/25 15:17:55.020] - eth_getBalance
[2022/08/25 15:17:55.020] - eth_getTransactionCount
[2022/08/25 15:17:55.020] - eth_getBalance
[2022/08/25 15:17:55.023] - eth_getTransactionCount
[2022/08/25 15:17:55.025] - eth_getBalance
[2022/08/25 15:17:55.026] - eth_getTransactionCount
[2022/08/25 15:17:55.028] - eth_getBalance
[2022/08/25 15:17:55.029] - eth_getTransactionCount
[2022/08/25 15:17:55.032] - eth_getBalance
[2022/08/25 15:17:55.034] - eth_getTransactionCount
[2022/08/25 15:17:55.035] - eth_getBalance
[2022/08/25 15:17:55.039] - eth_getTransactionCount
[2022/08/25 15:17:55.039] - eth_getBalance
[2022/08/25 15:17:55.040] - eth_getTransactionCount
[2022/08/25 15:17:55.042] - eth_getBalance
[2022/08/25 15:17:55.044] - eth_getTransactionCount
[2022/08/25 15:17:55.047] - eth_getBalance
[2022/08/25 15:17:55.047] - eth_getTransactionCount
[2022/08/25 15:17:55.049] - eth_getBalance
[2022/08/25 15:17:55.057] - eth_getTransactionCount
[2022/08/25 15:17:55.058] - eth_getBalance
[2022/08/25 15:17:55.059] - eth_getTransactionCount
[2022/08/25 15:17:55.059] - eth_getBalance
[2022/08/25 15:17:55.063] - eth_getTransactionCount
[2022/08/25 15:24:40.122] - eth_accounts
[2022/08/25 15:24:40.148] - eth_accounts
[2022/08/25 15:24:40.158] - eth_accounts
[2022/08/25 15:24:40.167] - eth_accounts
[2022/08/25 15:24:40.175] - eth_accounts
[2022/08/25 15:24:40.184] - eth_accounts
[2022/08/25 15:24:40.192] - eth_accounts
[2022/08/25 15:24:40.200] - eth_accounts
[2022/08/25 15:24:40.208] - eth_accounts
[2022/08/25 15:24:40.216] - eth_accounts
[2022/08/25 15:24:40.224] - eth_accounts
[2022/08/25 15:24:40.231] - eth_accounts
[2022/08/25 15:24:40.239] - eth_accounts
[2022/08/25 15:24:40.247] - eth_accounts
[2022/08/25 15:24:40.255] - eth_accounts
[2022/08/25 15:24:40.263] - eth_accounts
[2022/08/25 15:24:40.270] - eth_accounts
[2022/08/25 15:24:40.278] - eth_accounts
[2022/08/25 15:24:40.286] - eth_accounts
[2022/08/25 15:24:40.294] - eth_accounts
[2022/08/25 15:24:40.302] - eth_accounts
[2022/08/25 15:24:40.310] - eth_accounts
[2022/08/25 15:24:40.316] - eth_accounts
[2022/08/25 15:24:40.572] - eth_getBalance
[2022/08/25 15:24:49.208] - eth_accounts
[2022/08/25 15:24:49.217] - eth_accounts
[2022/08/25 15:24:49.226] - eth_accounts
[2022/08/25 15:24:49.234] - eth_accounts
[2022/08/25 15:24:49.242] - eth_accounts
[2022/08/25 15:24:49.250] - eth_accounts
[2022/08/25 15:24:49.258] - eth_accounts
[2022/08/25 15:24:49.265] - eth_accounts
[2022/08/25 15:24:49.272] - eth_accounts
[2022/08/25 15:24:49.281] - eth_accounts
[2022/08/25 15:24:49.289] - eth_accounts
[2022/08/25 15:24:49.297] - eth_accounts
[2022/08/25 15:24:49.305] - eth_accounts
[2022/08/25 15:24:49.312] - eth_accounts
[2022/08/25 15:24:49.320] - eth_accounts
[2022/08/25 15:24:49.327] - eth_accounts
[2022/08/25 15:24:49.350] - eth_accounts
[2022/08/25 15:24:49.365] - eth_accounts
[2022/08/25 15:24:49.372] - eth_accounts
[2022/08/25 15:24:49.378] - eth_accounts
[2022/08/25 15:24:49.383] - eth_accounts
[2022/08/25 15:24:49.389] - eth_accounts
[2022/08/25 15:24:49.395] - eth_accounts
[2022/08/25 15:24:49.560] - eth_getBalance
[2022/08/25 15:25:02.054] - eth_accounts
[2022/08/25 15:25:02.069] - eth_accounts
[2022/08/25 15:25:02.079] - eth_accounts
[2022/08/25 15:25:02.088] - eth_accounts
[2022/08/25 15:25:02.097] - eth_accounts
[2022/08/25 15:25:02.105] - eth_accounts
[2022/08/25 15:25:02.113] - eth_accounts
[2022/08/25 15:25:02.121] - eth_accounts
[2022/08/25 15:25:02.129] - eth_accounts
[2022/08/25 15:25:02.136] - eth_accounts
[2022/08/25 15:25:02.143] - eth_accounts
[2022/08/25 15:25:02.151] - eth_accounts
[2022/08/25 15:25:02.158] - eth_accounts
[2022/08/25 15:25:02.165] - eth_accounts
[2022/08/25 15:25:02.172] - eth_accounts
[2022/08/25 15:25:02.179] - eth_accounts
[2022/08/25 15:25:02.185] - eth_accounts
[2022/08/25 15:25:02.191] - eth_accounts
[2022/08/25 15:25:02.196] - eth_accounts
[2022/08/25 15:25:02.202] - eth_accounts
[2022/08/25 15:25:02.208] - eth_accounts
[2022/08/25 15:25:02.213] - eth_accounts
[2022/08/25 15:25:02.219] - eth_accounts
[2022/08/25 15:25:02.378] - eth_getBalance
[2022/08/25 15:25:02.408] - eth_estimateGas
[2022/08/25 15:25:02.450] - eth_getTransactionCount
[2022/08/25 15:25:02.470] - eth_sendRawTransaction
[2022/08/25 15:25:02.493] - 
[2022/08/25 15:25:02.494] -   Transaction: 0x696ffdf0baa301610acdfaaf5a69649c59f1dc5ac190d02a8a098183f962eec3
[2022/08/25 15:25:02.494] -   Gas usage: 21000
[2022/08/25 15:25:02.494] -   Block Number: 5
[2022/08/25 15:25:02.494] -   Block Time: Thu Aug 25 2022 15:25:02 GMT-0400 (Eastern Daylight Time)
[2022/08/25 15:25:02.494] - 
[2022/08/25 15:25:02.497] - eth_getBlockByNumber
[2022/08/25 15:25:02.504] - eth_getBalance
[2022/08/25 15:25:02.506] - eth_getTransactionCount
[2022/08/25 15:25:02.507] - eth_getBalance
[2022/08/25 15:25:02.512] - eth_getTransactionCount
[2022/08/25 15:25:02.512] - eth_getBalance
[2022/08/25 15:25:02.513] - eth_getTransactionCount
[2022/08/25 15:25:02.515] - eth_getBalance
[2022/08/25 15:25:02.517] - eth_getTransactionCount
[2022/08/25 15:25:02.519] - eth_getBalance
[2022/08/25 15:25:02.521] - eth_getTransactionCount
[2022/08/25 15:25:02.523] - eth_getBalance
[2022/08/25 15:25:02.525] - eth_getTransactionCount
[2022/08/25 15:25:02.548] - eth_getBalance
[2022/08/25 15:25:02.570] - eth_getTransactionCount
[2022/08/25 15:25:02.580] - eth_getBalance
[2022/08/25 15:25:02.583] - eth_getTransactionCount
[2022/08/25 15:25:02.585] - eth_getBalance
[2022/08/25 15:25:02.586] - eth_getTransactionCount
[2022/08/25 15:25:02.588] - eth_getBalance
[2022/08/25 15:25:02.589] - eth_getTransactionCount
[2022/08/25 15:25:02.595] - eth_getBalance
[2022/08/25 15:25:02.596] - eth_getTransactionCount
[2022/08/25 15:25:02.596] - eth_getBalance
[2022/08/25 15:25:02.596] - eth_getTransactionCount
[2022/08/25 15:25:02.606] - eth_getBalance
[2022/08/25 15:25:02.607] - eth_getTransactionCount
[2022/08/25 15:25:02.612] - eth_getBalance
[2022/08/25 15:25:02.612] - eth_getTransactionCount
[2022/08/25 15:25:02.612] - eth_getBalance
[2022/08/25 15:25:02.612] - eth_getTransactionCount
[2022/08/25 15:25:02.612] - eth_getBalance
[2022/08/25 15:25:02.617] - eth_getTransactionCount
[2022/08/25 15:25:02.617] - eth_getBalance
[2022/08/25 15:25:02.617] - eth_getTransactionCount
[2022/08/25 15:25:02.617] - eth_getBalance
[2022/08/25 15:25:02.618] - eth_getTransactionCount
[2022/08/25 15:25:02.620] - eth_getBalance
[2022/08/25 15:25:02.628] - eth_getTransactionCount
[2022/08/25 15:25:02.629] - eth_getBalance
[2022/08/25 15:25:02.629] - eth_getTransactionCount
[2022/08/25 15:25:02.629] - eth_getBalance
[2022/08/25 15:25:02.632] - eth_getTransactionCount
[2022/08/25 15:25:02.633] - eth_getBalance
[2022/08/25 15:25:02.635] - eth_getTransactionCount
[2022/08/25 15:25:02.637] - eth_getBalance
[2022/08/25 15:25:02.639] - eth_getTransactionCount
[2022/08/25 15:25:02.640] - eth_getBalance
[2022/08/25 15:25:02.645] - eth_getTransactionCount
[2022/08/25 15:25:02.646] - eth_getBalance
[2022/08/25 15:25:02.647] - eth_getTransactionCount
[2022/08/25 15:27:41.484] - eth_accounts
[2022/08/25 15:27:41.501] - eth_accounts
[2022/08/25 15:27:41.511] - eth_accounts
[2022/08/25 15:27:41.519] - eth_accounts
[2022/08/25 15:27:41.527] - eth_accounts
[2022/08/25 15:27:41.536] - eth_accounts
[2022/08/25 15:27:41.544] - eth_accounts
[2022/08/25 15:27:41.552] - eth_accounts
[2022/08/25 15:27:41.561] - eth_accounts
[2022/08/25 15:27:41.569] - eth_accounts
[2022/08/25 15:27:41.576] - eth_accounts
[2022/08/25 15:27:41.584] - eth_accounts
[2022/08/25 15:27:41.591] - eth_accounts
[2022/08/25 15:27:41.600] - eth_accounts
[2022/08/25 15:27:41.608] - eth_accounts
[2022/08/25 15:27:41.615] - eth_accounts
[2022/08/25 15:27:41.622] - eth_accounts
[2022/08/25 15:27:41.629] - eth_accounts
[2022/08/25 15:27:41.637] - eth_accounts
[2022/08/25 15:27:41.644] - eth_accounts
[2022/08/25 15:27:41.650] - eth_accounts
[2022/08/25 15:27:41.658] - eth_accounts
[2022/08/25 15:27:41.665] - eth_accounts
[2022/08/25 15:27:42.974] - eth_getBalance
[2022/08/25 15:28:38.480] - eth_accounts
[2022/08/25 15:28:38.495] - eth_accounts
[2022/08/25 15:28:38.507] - eth_accounts
[2022/08/25 15:28:38.515] - eth_accounts
[2022/08/25 15:28:38.524] - eth_accounts
[2022/08/25 15:28:38.531] - eth_accounts
[2022/08/25 15:28:38.538] - eth_accounts
[2022/08/25 15:28:38.545] - eth_accounts
[2022/08/25 15:28:38.552] - eth_accounts
[2022/08/25 15:28:38.559] - eth_accounts
[2022/08/25 15:28:38.566] - eth_accounts
[2022/08/25 15:28:38.573] - eth_accounts
[2022/08/25 15:28:38.580] - eth_accounts
[2022/08/25 15:28:38.587] - eth_accounts
[2022/08/25 15:28:38.593] - eth_accounts
[2022/08/25 15:28:38.601] - eth_accounts
[2022/08/25 15:28:38.609] - eth_accounts
[2022/08/25 15:28:38.616] - eth_accounts
[2022/08/25 15:28:38.622] - eth_accounts
[2022/08/25 15:28:38.629] - eth_accounts
[2022/08/25 15:28:38.635] - eth_accounts
[2022/08/25 15:28:38.641] - eth_accounts
[2022/08/25 15:28:38.647] - eth_accounts
[2022/08/25 15:28:38.873] - eth_getBalance
[2022/08/25 15:30:26.372] - eth_accounts
[2022/08/25 15:30:26.388] - eth_accounts
[2022/08/25 15:30:26.400] - eth_accounts
[2022/08/25 15:30:26.409] - eth_accounts
[2022/08/25 15:30:26.417] - eth_accounts
[2022/08/25 15:30:26.426] - eth_accounts
[2022/08/25 15:30:26.434] - eth_accounts
[2022/08/25 15:30:26.442] - eth_accounts
[2022/08/25 15:30:26.450] - eth_accounts
[2022/08/25 15:30:26.458] - eth_accounts
[2022/08/25 15:30:26.465] - eth_accounts
[2022/08/25 15:30:26.472] - eth_accounts
[2022/08/25 15:30:26.479] - eth_accounts
[2022/08/25 15:30:26.486] - eth_accounts
[2022/08/25 15:30:26.493] - eth_accounts
[2022/08/25 15:30:26.500] - eth_accounts
[2022/08/25 15:30:26.507] - eth_accounts
[2022/08/25 15:30:26.514] - eth_accounts
[2022/08/25 15:30:26.522] - eth_accounts
[2022/08/25 15:30:26.529] - eth_accounts
[2022/08/25 15:30:26.535] - eth_accounts
[2022/08/25 15:30:26.542] - eth_accounts
[2022/08/25 15:30:26.554] - eth_accounts
[2022/08/25 15:30:26.830] - eth_getBalance
[2022/08/25 15:35:42.334] - eth_accounts
[2022/08/25 15:35:42.351] - eth_accounts
[2022/08/25 15:35:42.361] - eth_accounts
[2022/08/25 15:35:42.370] - eth_accounts
[2022/08/25 15:35:42.378] - eth_accounts
[2022/08/25 15:35:42.386] - eth_accounts
[2022/08/25 15:35:42.393] - eth_accounts
[2022/08/25 15:35:42.400] - eth_accounts
[2022/08/25 15:35:42.408] - eth_accounts
[2022/08/25 15:35:42.416] - eth_accounts
[2022/08/25 15:35:42.423] - eth_accounts
[2022/08/25 15:35:42.432] - eth_accounts
[2022/08/25 15:35:42.439] - eth_accounts
[2022/08/25 15:35:42.447] - eth_accounts
[2022/08/25 15:35:42.454] - eth_accounts
[2022/08/25 15:35:42.462] - eth_accounts
[2022/08/25 15:35:42.470] - eth_accounts
[2022/08/25 15:35:42.478] - eth_accounts
[2022/08/25 15:35:42.486] - eth_accounts
[2022/08/25 15:35:42.493] - eth_accounts
[2022/08/25 15:35:42.501] - eth_accounts
[2022/08/25 15:35:42.509] - eth_accounts
[2022/08/25 15:35:42.517] - eth_accounts
[2022/08/25 15:35:42.742] - eth_getBalance
[2022/08/25 15:35:47.770] - eth_accounts
[2022/08/25 15:35:47.785] - eth_accounts
[2022/08/25 15:35:47.800] - eth_accounts
[2022/08/25 15:35:47.808] - eth_accounts
[2022/08/25 15:35:47.817] - eth_accounts
[2022/08/25 15:35:47.825] - eth_accounts
[2022/08/25 15:35:47.833] - eth_accounts
[2022/08/25 15:35:47.841] - eth_accounts
[2022/08/25 15:35:47.850] - eth_accounts
[2022/08/25 15:35:47.858] - eth_accounts
[2022/08/25 15:35:47.867] - eth_accounts
[2022/08/25 15:35:47.875] - eth_accounts
[2022/08/25 15:35:47.882] - eth_accounts
[2022/08/25 15:35:47.890] - eth_accounts
[2022/08/25 15:35:47.899] - eth_accounts
[2022/08/25 15:35:47.907] - eth_accounts
[2022/08/25 15:35:47.914] - eth_accounts
[2022/08/25 15:35:47.922] - eth_accounts
[2022/08/25 15:35:47.931] - eth_accounts
[2022/08/25 15:35:47.938] - eth_accounts
[2022/08/25 15:35:47.946] - eth_accounts
[2022/08/25 15:35:47.953] - eth_accounts
[2022/08/25 15:35:47.961] - eth_accounts
[2022/08/25 15:35:50.952] - eth_accounts
[2022/08/25 15:35:50.961] - eth_accounts
[2022/08/25 15:35:50.970] - eth_accounts
[2022/08/25 15:35:50.991] - eth_accounts
[2022/08/25 15:35:50.998] - eth_accounts
[2022/08/25 15:35:51.012] - eth_accounts
[2022/08/25 15:35:51.021] - eth_accounts
[2022/08/25 15:35:51.031] - eth_accounts
[2022/08/25 15:35:51.039] - eth_accounts
[2022/08/25 15:35:51.048] - eth_accounts
[2022/08/25 15:35:51.055] - eth_accounts
[2022/08/25 15:35:51.062] - eth_accounts
[2022/08/25 15:35:51.068] - eth_accounts
[2022/08/25 15:35:51.073] - eth_accounts
[2022/08/25 15:35:51.079] - eth_accounts
[2022/08/25 15:35:51.084] - eth_accounts
[2022/08/25 15:35:51.090] - eth_accounts
[2022/08/25 15:35:51.095] - eth_accounts
[2022/08/25 15:35:51.101] - eth_accounts
[2022/08/25 15:35:51.106] - eth_accounts
[2022/08/25 15:35:51.112] - eth_accounts
[2022/08/25 15:35:51.117] - eth_accounts
[2022/08/25 15:35:51.123] - eth_accounts
[2022/08/25 15:35:51.363] - eth_getBalance
[2022/08/25 15:41:20.368] - eth_accounts
[2022/08/25 15:41:20.380] - eth_accounts
[2022/08/25 15:41:20.389] - eth_accounts
[2022/08/25 15:41:20.402] - eth_accounts
[2022/08/25 15:41:20.411] - eth_accounts
[2022/08/25 15:41:20.419] - eth_accounts
[2022/08/25 15:41:20.429] - eth_accounts
[2022/08/25 15:41:20.437] - eth_accounts
[2022/08/25 15:41:20.447] - eth_accounts
[2022/08/25 15:41:20.455] - eth_accounts
[2022/08/25 15:41:20.463] - eth_accounts
[2022/08/25 15:41:20.471] - eth_accounts
[2022/08/25 15:41:20.480] - eth_accounts
[2022/08/25 15:41:20.488] - eth_accounts
[2022/08/25 15:41:20.496] - eth_accounts
[2022/08/25 15:41:20.504] - eth_accounts
[2022/08/25 15:41:20.511] - eth_accounts
[2022/08/25 15:41:20.519] - eth_accounts
[2022/08/25 15:41:20.526] - eth_accounts
[2022/08/25 15:41:20.533] - eth_accounts
[2022/08/25 15:41:20.539] - eth_accounts
[2022/08/25 15:41:20.547] - eth_accounts
[2022/08/25 15:41:20.554] - eth_accounts
[2022/08/25 15:41:20.834] - eth_getBalance
[2022/08/25 17:51:31.071] - eth_accounts
[2022/08/25 17:51:31.093] - eth_accounts
[2022/08/25 17:51:31.102] - eth_accounts
[2022/08/25 17:51:31.113] - eth_accounts
[2022/08/25 17:51:31.123] - eth_accounts
[2022/08/25 17:51:31.136] - eth_accounts
[2022/08/25 17:51:31.144] - eth_accounts
[2022/08/25 17:51:31.152] - eth_accounts
[2022/08/25 17:51:31.159] - eth_accounts
[2022/08/25 17:51:31.166] - eth_accounts
[2022/08/25 17:51:31.172] - eth_accounts
[2022/08/25 17:51:31.180] - eth_accounts
[2022/08/25 17:51:31.186] - eth_accounts
[2022/08/25 17:51:31.192] - eth_accounts
[2022/08/25 17:51:31.201] - eth_accounts
[2022/08/25 17:51:31.213] - eth_accounts
[2022/08/25 17:51:31.220] - eth_accounts
[2022/08/25 17:51:31.226] - eth_accounts
[2022/08/25 17:51:31.230] - eth_accounts
[2022/08/25 17:51:31.235] - eth_accounts
[2022/08/25 17:51:31.241] - eth_accounts
[2022/08/25 17:51:31.247] - eth_accounts
[2022/08/25 17:51:31.252] - eth_accounts
[2022/08/25 17:51:31.530] - eth_getBalance
[2022/08/25 17:53:00.573] - eth_accounts
[2022/08/25 17:53:00.595] - eth_accounts
[2022/08/25 17:53:00.604] - eth_accounts
[2022/08/25 17:53:00.614] - eth_accounts
[2022/08/25 17:53:00.622] - eth_accounts
[2022/08/25 17:53:00.631] - eth_accounts
[2022/08/25 17:53:00.639] - eth_accounts
[2022/08/25 17:53:00.648] - eth_accounts
[2022/08/25 17:53:00.656] - eth_accounts
[2022/08/25 17:53:00.664] - eth_accounts
[2022/08/25 17:53:00.671] - eth_accounts
[2022/08/25 17:53:00.679] - eth_accounts
[2022/08/25 17:53:00.688] - eth_accounts
[2022/08/25 17:53:00.695] - eth_accounts
[2022/08/25 17:53:00.702] - eth_accounts
[2022/08/25 17:53:00.709] - eth_accounts
[2022/08/25 17:53:00.716] - eth_accounts
[2022/08/25 17:53:00.724] - eth_accounts
[2022/08/25 17:53:00.732] - eth_accounts
[2022/08/25 17:53:00.739] - eth_accounts
[2022/08/25 17:53:00.746] - eth_accounts
[2022/08/25 17:53:00.753] - eth_accounts
[2022/08/25 17:53:00.759] - eth_accounts
[2022/08/25 17:53:00.997] - eth_getBalance
[2022/08/25 17:55:13.085] - eth_accounts
[2022/08/25 17:55:13.102] - eth_accounts
[2022/08/25 17:55:13.115] - eth_accounts
[2022/08/25 17:55:13.124] - eth_accounts
[2022/08/25 17:55:13.132] - eth_accounts
[2022/08/25 17:55:13.140] - eth_accounts
[2022/08/25 17:55:13.147] - eth_accounts
[2022/08/25 17:55:13.154] - eth_accounts
[2022/08/25 17:55:13.160] - eth_accounts
[2022/08/25 17:55:13.167] - eth_accounts
[2022/08/25 17:55:13.174] - eth_accounts
[2022/08/25 17:55:13.180] - eth_accounts
[2022/08/25 17:55:13.186] - eth_accounts
[2022/08/25 17:55:13.192] - eth_accounts
[2022/08/25 17:55:13.199] - eth_accounts
[2022/08/25 17:55:13.205] - eth_accounts
[2022/08/25 17:55:13.212] - eth_accounts
[2022/08/25 17:55:13.219] - eth_accounts
[2022/08/25 17:55:13.226] - eth_accounts
[2022/08/25 17:55:13.233] - eth_accounts
[2022/08/25 17:55:13.239] - eth_accounts
[2022/08/25 17:55:13.246] - eth_accounts
[2022/08/25 17:55:13.252] - eth_accounts
[2022/08/25 17:55:13.476] - eth_getBalance
[2022/08/25 17:58:47.532] - eth_accounts
[2022/08/25 17:58:47.549] - eth_accounts
[2022/08/25 17:58:47.560] - eth_accounts
[2022/08/25 17:58:47.569] - eth_accounts
[2022/08/25 17:58:47.579] - eth_accounts
[2022/08/25 17:58:47.587] - eth_accounts
[2022/08/25 17:58:47.595] - eth_accounts
[2022/08/25 17:58:47.602] - eth_accounts
[2022/08/25 17:58:47.609] - eth_accounts
[2022/08/25 17:58:47.616] - eth_accounts
[2022/08/25 17:58:47.623] - eth_accounts
[2022/08/25 17:58:47.630] - eth_accounts
[2022/08/25 17:58:47.636] - eth_accounts
[2022/08/25 17:58:47.643] - eth_accounts
[2022/08/25 17:58:47.650] - eth_accounts
[2022/08/25 17:58:47.656] - eth_accounts
[2022/08/25 17:58:47.662] - eth_accounts
[2022/08/25 17:58:47.669] - eth_accounts
[2022/08/25 17:58:47.675] - eth_accounts
[2022/08/25 17:58:47.682] - eth_accounts
[2022/08/25 17:58:47.688] - eth_accounts
[2022/08/25 17:58:47.694] - eth_accounts
[2022/08/25 17:58:47.701] - eth_accounts
[2022/08/25 17:58:47.932] - eth_getBalance
[2022/08/25 18:00:34.584] - eth_accounts
[2022/08/25 18:00:34.597] - eth_accounts
[2022/08/25 18:00:34.605] - eth_accounts
[2022/08/25 18:00:34.613] - eth_accounts
[2022/08/25 18:00:34.622] - eth_accounts
[2022/08/25 18:00:34.631] - eth_accounts
[2022/08/25 18:00:34.639] - eth_accounts
[2022/08/25 18:00:34.647] - eth_accounts
[2022/08/25 18:00:34.654] - eth_accounts
[2022/08/25 18:00:34.666] - eth_accounts
[2022/08/25 18:00:34.672] - eth_accounts
[2022/08/25 18:00:34.679] - eth_accounts
[2022/08/25 18:00:34.686] - eth_accounts
[2022/08/25 18:00:34.693] - eth_accounts
[2022/08/25 18:00:34.699] - eth_accounts
[2022/08/25 18:00:34.706] - eth_accounts
[2022/08/25 18:00:34.712] - eth_accounts
[2022/08/25 18:00:34.719] - eth_accounts
[2022/08/25 18:00:34.726] - eth_accounts
[2022/08/25 18:00:34.733] - eth_accounts
[2022/08/25 18:00:34.739] - eth_accounts
[2022/08/25 18:00:34.746] - eth_accounts
[2022/08/25 18:00:34.751] - eth_accounts
[2022/08/25 18:00:34.978] - eth_getBalance
[2022/08/25 18:15:36.703] - eth_accounts
[2022/08/25 18:15:36.722] - eth_accounts
[2022/08/25 18:15:36.730] - eth_accounts
[2022/08/25 18:15:36.738] - eth_accounts
[2022/08/25 18:15:36.748] - eth_accounts
[2022/08/25 18:15:36.757] - eth_accounts
[2022/08/25 18:15:36.766] - eth_accounts
[2022/08/25 18:15:36.775] - eth_accounts
[2022/08/25 18:15:36.781] - eth_accounts
[2022/08/25 18:15:36.790] - eth_accounts
[2022/08/25 18:15:36.798] - eth_accounts
[2022/08/25 18:15:36.807] - eth_accounts
[2022/08/25 18:15:36.814] - eth_accounts
[2022/08/25 18:15:36.822] - eth_accounts
[2022/08/25 18:15:36.829] - eth_accounts
[2022/08/25 18:15:36.835] - eth_accounts
[2022/08/25 18:15:36.842] - eth_accounts
[2022/08/25 18:15:36.849] - eth_accounts
[2022/08/25 18:15:36.855] - eth_accounts
[2022/08/25 18:15:36.861] - eth_accounts
[2022/08/25 18:15:36.867] - eth_accounts
[2022/08/25 18:15:36.874] - eth_accounts
[2022/08/25 18:15:36.880] - eth_accounts
[2022/08/25 18:15:37.146] - eth_getBalance
[2022/08/25 18:15:41.896] - eth_accounts
[2022/08/25 18:15:41.913] - eth_accounts
[2022/08/25 18:15:41.928] - eth_accounts
[2022/08/25 18:15:41.938] - eth_accounts
[2022/08/25 18:15:41.946] - eth_accounts
[2022/08/25 18:15:41.954] - eth_accounts
[2022/08/25 18:15:41.962] - eth_accounts
[2022/08/25 18:15:41.970] - eth_accounts
[2022/08/25 18:15:41.980] - eth_accounts
[2022/08/25 18:15:41.988] - eth_accounts
[2022/08/25 18:15:41.995] - eth_accounts
[2022/08/25 18:15:42.003] - eth_accounts
[2022/08/25 18:15:42.010] - eth_accounts
[2022/08/25 18:15:42.017] - eth_accounts
[2022/08/25 18:15:42.024] - eth_accounts
[2022/08/25 18:15:42.032] - eth_accounts
[2022/08/25 18:15:42.039] - eth_accounts
[2022/08/25 18:15:42.045] - eth_accounts
[2022/08/25 18:15:42.051] - eth_accounts
[2022/08/25 18:15:42.056] - eth_accounts
[2022/08/25 18:15:42.063] - eth_accounts
[2022/08/25 18:15:42.069] - eth_accounts
[2022/08/25 18:15:42.075] - eth_accounts
[2022/08/25 18:15:42.246] - eth_getBalance
[2022/08/25 18:32:44.193] - eth_accounts
[2022/08/25 18:32:44.218] - eth_accounts
[2022/08/25 18:32:44.226] - eth_accounts
[2022/08/25 18:32:44.234] - eth_accounts
[2022/08/25 18:32:44.242] - eth_accounts
[2022/08/25 18:32:44.249] - eth_accounts
[2022/08/25 18:32:44.257] - eth_accounts
[2022/08/25 18:32:44.264] - eth_accounts
[2022/08/25 18:32:44.271] - eth_accounts
[2022/08/25 18:32:44.280] - eth_accounts
[2022/08/25 18:32:44.286] - eth_accounts
[2022/08/25 18:32:44.293] - eth_accounts
[2022/08/25 18:32:44.300] - eth_accounts
[2022/08/25 18:32:44.307] - eth_accounts
[2022/08/25 18:32:44.313] - eth_accounts
[2022/08/25 18:32:44.320] - eth_accounts
[2022/08/25 18:32:44.327] - eth_accounts
[2022/08/25 18:32:44.334] - eth_accounts
[2022/08/25 18:32:44.341] - eth_accounts
[2022/08/25 18:32:44.349] - eth_accounts
[2022/08/25 18:32:44.357] - eth_accounts
[2022/08/25 18:32:44.365] - eth_accounts
[2022/08/25 18:32:44.372] - eth_accounts
[2022/08/25 18:32:44.611] - eth_getBalance
[2022/08/25 18:32:52.765] - eth_accounts
[2022/08/25 18:32:52.780] - eth_accounts
[2022/08/25 18:32:52.791] - eth_accounts
[2022/08/25 18:32:52.800] - eth_accounts
[2022/08/25 18:32:52.809] - eth_accounts
[2022/08/25 18:32:52.818] - eth_accounts
[2022/08/25 18:32:52.828] - eth_accounts
[2022/08/25 18:32:52.838] - eth_accounts
[2022/08/25 18:32:52.847] - eth_accounts
[2022/08/25 18:32:52.855] - eth_accounts
[2022/08/25 18:32:52.863] - eth_accounts
[2022/08/25 18:32:52.870] - eth_accounts
[2022/08/25 18:32:52.878] - eth_accounts
[2022/08/25 18:32:52.886] - eth_accounts
[2022/08/25 18:32:52.898] - eth_accounts
[2022/08/25 18:32:52.906] - eth_accounts
[2022/08/25 18:32:52.914] - eth_accounts
[2022/08/25 18:32:52.920] - eth_accounts
[2022/08/25 18:32:52.927] - eth_accounts
[2022/08/25 18:32:52.933] - eth_accounts
[2022/08/25 18:32:52.941] - eth_accounts
[2022/08/25 18:32:52.949] - eth_accounts
[2022/08/25 18:32:52.956] - eth_accounts
[2022/08/25 18:32:53.152] - eth_getBalance
[2022/08/25 18:33:02.492] - eth_accounts
[2022/08/25 18:33:02.502] - eth_accounts
[2022/08/25 18:33:02.512] - eth_accounts
[2022/08/25 18:33:02.522] - eth_accounts
[2022/08/25 18:33:02.531] - eth_accounts
[2022/08/25 18:33:02.539] - eth_accounts
[2022/08/25 18:33:02.546] - eth_accounts
[2022/08/25 18:33:02.554] - eth_accounts
[2022/08/25 18:33:02.561] - eth_accounts
[2022/08/25 18:33:02.568] - eth_accounts
[2022/08/25 18:33:02.576] - eth_accounts
[2022/08/25 18:33:02.584] - eth_accounts
[2022/08/25 18:33:02.592] - eth_accounts
[2022/08/25 18:33:02.599] - eth_accounts
[2022/08/25 18:33:02.606] - eth_accounts
[2022/08/25 18:33:02.613] - eth_accounts
[2022/08/25 18:33:02.621] - eth_accounts
[2022/08/25 18:33:02.628] - eth_accounts
[2022/08/25 18:33:02.635] - eth_accounts
[2022/08/25 18:33:02.644] - eth_accounts
[2022/08/25 18:33:02.652] - eth_accounts
[2022/08/25 18:33:02.660] - eth_accounts
[2022/08/25 18:33:02.667] - eth_accounts
[2022/08/25 18:33:02.862] - eth_getBalance
[2022/08/25 18:33:14.437] - eth_accounts
[2022/08/25 18:33:14.453] - eth_accounts
[2022/08/25 18:33:14.468] - eth_accounts
[2022/08/25 18:33:14.478] - eth_accounts
[2022/08/25 18:33:14.486] - eth_accounts
[2022/08/25 18:33:14.494] - eth_accounts
[2022/08/25 18:33:14.502] - eth_accounts
[2022/08/25 18:33:14.510] - eth_accounts
[2022/08/25 18:33:14.518] - eth_accounts
[2022/08/25 18:33:14.527] - eth_accounts
[2022/08/25 18:33:14.535] - eth_accounts
[2022/08/25 18:33:14.543] - eth_accounts
[2022/08/25 18:33:14.551] - eth_accounts
[2022/08/25 18:33:14.560] - eth_accounts
[2022/08/25 18:33:14.568] - eth_accounts
[2022/08/25 18:33:14.575] - eth_accounts
[2022/08/25 18:33:14.583] - eth_accounts
[2022/08/25 18:33:14.591] - eth_accounts
[2022/08/25 18:33:14.598] - eth_accounts
[2022/08/25 18:33:14.606] - eth_accounts
[2022/08/25 18:33:14.613] - eth_accounts
[2022/08/25 18:33:14.620] - eth_accounts
[2022/08/25 18:33:14.626] - eth_accounts
[2022/08/25 18:33:14.821] - eth_getBalance
[2022/08/25 18:33:45.221] - eth_accounts
[2022/08/25 18:33:45.231] - eth_accounts
[2022/08/25 18:33:45.242] - eth_accounts
[2022/08/25 18:33:45.251] - eth_accounts
[2022/08/25 18:33:45.261] - eth_accounts
[2022/08/25 18:33:45.269] - eth_accounts
[2022/08/25 18:33:45.278] - eth_accounts
[2022/08/25 18:33:45.286] - eth_accounts
[2022/08/25 18:33:45.295] - eth_accounts
[2022/08/25 18:33:45.306] - eth_accounts
[2022/08/25 18:33:45.313] - eth_accounts
[2022/08/25 18:33:45.322] - eth_accounts
[2022/08/25 18:33:45.330] - eth_accounts
[2022/08/25 18:33:45.337] - eth_accounts
[2022/08/25 18:33:45.345] - eth_accounts
[2022/08/25 18:33:45.352] - eth_accounts
[2022/08/25 18:33:45.359] - eth_accounts
[2022/08/25 18:33:45.366] - eth_accounts
[2022/08/25 18:33:45.372] - eth_accounts
[2022/08/25 18:33:45.380] - eth_accounts
[2022/08/25 18:33:45.387] - eth_accounts
[2022/08/25 18:33:45.394] - eth_accounts
[2022/08/25 18:33:45.401] - eth_accounts
[2022/08/25 18:33:45.669] - eth_getBalance
[2022/08/25 18:33:45.699] - eth_estimateGas
[2022/08/25 18:33:45.733] - eth_getTransactionCount
[2022/08/25 18:33:45.741] - eth_sendRawTransaction
[2022/08/25 18:33:45.760] - 
[2022/08/25 18:33:45.760] -   Transaction: 0x46cfb442ae5b806ccd03e9a5cc465910bb6d343e705d952eba735d1e442af70d
[2022/08/25 18:33:45.761] -   Gas usage: 21000
[2022/08/25 18:33:45.761] -   Block Number: 6
[2022/08/25 18:33:45.761] -   Block Time: Thu Aug 25 2022 18:33:45 GMT-0400 (Eastern Daylight Time)
[2022/08/25 18:33:45.761] - 
[2022/08/25 18:33:45.763] - eth_getBlockByNumber
[2022/08/25 18:33:45.813] - eth_getBalance
[2022/08/25 18:33:45.824] - eth_getTransactionCount
[2022/08/25 18:33:45.827] - eth_getBalance
[2022/08/25 18:33:45.829] - eth_getTransactionCount
[2022/08/25 18:33:45.832] - eth_getBalance
[2022/08/25 18:33:45.834] - eth_getTransactionCount
[2022/08/25 18:33:45.837] - eth_getBalance
[2022/08/25 18:33:45.838] - eth_getTransactionCount
[2022/08/25 18:33:45.841] - eth_getBalance
[2022/08/25 18:33:45.844] - eth_getTransactionCount
[2022/08/25 18:33:45.845] - eth_getBalance
[2022/08/25 18:33:45.848] - eth_getTransactionCount
[2022/08/25 18:33:45.850] - eth_getBalance
[2022/08/25 18:33:45.853] - eth_getTransactionCount
[2022/08/25 18:33:45.856] - eth_getBalance
[2022/08/25 18:33:45.859] - eth_getTransactionCount
[2022/08/25 18:33:45.860] - eth_getBalance
[2022/08/25 18:33:45.864] - eth_getTransactionCount
[2022/08/25 18:33:45.865] - eth_getBalance
[2022/08/25 18:33:45.868] - eth_getTransactionCount
[2022/08/25 18:33:45.870] - eth_getBalance
[2022/08/25 18:33:45.876] - eth_getTransactionCount
[2022/08/25 18:33:45.876] - eth_getBalance
[2022/08/25 18:33:45.878] - eth_getTransactionCount
[2022/08/25 18:33:45.879] - eth_getBalance
[2022/08/25 18:33:45.882] - eth_getTransactionCount
[2022/08/25 18:33:45.885] - eth_getBalance
[2022/08/25 18:33:45.887] - eth_getTransactionCount
[2022/08/25 18:33:45.891] - eth_getBalance
[2022/08/25 18:33:45.892] - eth_getTransactionCount
[2022/08/25 18:33:45.896] - eth_getBalance
[2022/08/25 18:33:45.903] - eth_getTransactionCount
[2022/08/25 18:33:45.906] - eth_getBalance
[2022/08/25 18:33:45.909] - eth_getTransactionCount
[2022/08/25 18:33:45.911] - eth_getBalance
[2022/08/25 18:33:45.914] - eth_getTransactionCount
[2022/08/25 18:33:45.916] - eth_getBalance
[2022/08/25 18:33:45.918] - eth_getTransactionCount
[2022/08/25 18:33:45.919] - eth_getBalance
[2022/08/25 18:33:45.921] - eth_getTransactionCount
[2022/08/25 18:33:45.924] - eth_getBalance
[2022/08/25 18:33:45.925] - eth_getTransactionCount
[2022/08/25 18:33:45.928] - eth_getBalance
[2022/08/25 18:33:45.930] - eth_getTransactionCount
[2022/08/25 18:33:45.932] - eth_getBalance
[2022/08/25 18:33:45.939] - eth_getTransactionCount
[2022/08/25 18:33:45.939] - eth_getBalance
[2022/08/25 18:33:45.939] - eth_getTransactionCount
[2022/08/25 18:33:45.941] - eth_getBalance
[2022/08/25 18:33:45.943] - eth_getTransactionCount
[2022/08/25 18:34:51.183] - eth_accounts
[2022/08/25 18:34:51.197] - eth_accounts
[2022/08/25 18:34:51.206] - eth_accounts
[2022/08/25 18:34:51.212] - eth_accounts
[2022/08/25 18:34:51.219] - eth_accounts
[2022/08/25 18:34:51.226] - eth_accounts
[2022/08/25 18:34:51.233] - eth_accounts
[2022/08/25 18:34:51.240] - eth_accounts
[2022/08/25 18:34:51.246] - eth_accounts
[2022/08/25 18:34:51.252] - eth_accounts
[2022/08/25 18:34:51.259] - eth_accounts
[2022/08/25 18:34:51.265] - eth_accounts
[2022/08/25 18:34:51.271] - eth_accounts
[2022/08/25 18:34:51.278] - eth_accounts
[2022/08/25 18:34:51.285] - eth_accounts
[2022/08/25 18:34:51.292] - eth_accounts
[2022/08/25 18:34:51.299] - eth_accounts
[2022/08/25 18:34:51.305] - eth_accounts
[2022/08/25 18:34:51.312] - eth_accounts
[2022/08/25 18:34:51.320] - eth_accounts
[2022/08/25 18:34:51.330] - eth_accounts
[2022/08/25 18:34:51.336] - eth_accounts
[2022/08/25 18:34:51.343] - eth_accounts
[2022/08/25 18:34:51.640] - eth_getBalance
[2022/08/25 18:35:30.980] - eth_accounts
[2022/08/25 18:35:31.004] - eth_accounts
[2022/08/25 18:35:31.014] - eth_accounts
[2022/08/25 18:35:31.024] - eth_accounts
[2022/08/25 18:35:31.032] - eth_accounts
[2022/08/25 18:35:31.039] - eth_accounts
[2022/08/25 18:35:31.047] - eth_accounts
[2022/08/25 18:35:31.054] - eth_accounts
[2022/08/25 18:35:31.061] - eth_accounts
[2022/08/25 18:35:31.069] - eth_accounts
[2022/08/25 18:35:31.077] - eth_accounts
[2022/08/25 18:35:31.084] - eth_accounts
[2022/08/25 18:35:31.092] - eth_accounts
[2022/08/25 18:35:31.098] - eth_accounts
[2022/08/25 18:35:31.105] - eth_accounts
[2022/08/25 18:35:31.112] - eth_accounts
[2022/08/25 18:35:31.120] - eth_accounts
[2022/08/25 18:35:31.128] - eth_accounts
[2022/08/25 18:35:31.136] - eth_accounts
[2022/08/25 18:35:31.148] - eth_accounts
[2022/08/25 18:35:31.156] - eth_accounts
[2022/08/25 18:35:31.164] - eth_accounts
[2022/08/25 18:35:31.171] - eth_accounts
[2022/08/25 18:35:32.805] - eth_accounts
[2022/08/25 18:35:32.819] - eth_accounts
[2022/08/25 18:35:32.830] - eth_accounts
[2022/08/25 18:35:32.838] - eth_accounts
[2022/08/25 18:35:32.846] - eth_accounts
[2022/08/25 18:35:32.854] - eth_accounts
[2022/08/25 18:35:32.861] - eth_accounts
[2022/08/25 18:35:32.867] - eth_accounts
[2022/08/25 18:35:32.875] - eth_accounts
[2022/08/25 18:35:32.882] - eth_accounts
[2022/08/25 18:35:32.890] - eth_accounts
[2022/08/25 18:35:32.900] - eth_accounts
[2022/08/25 18:35:32.907] - eth_accounts
[2022/08/25 18:35:32.914] - eth_accounts
[2022/08/25 18:35:32.923] - eth_accounts
[2022/08/25 18:35:32.930] - eth_accounts
[2022/08/25 18:35:32.938] - eth_accounts
[2022/08/25 18:35:32.956] - eth_accounts
[2022/08/25 18:35:32.965] - eth_accounts
[2022/08/25 18:35:32.974] - eth_accounts
[2022/08/25 18:35:32.983] - eth_accounts
[2022/08/25 18:35:32.990] - eth_accounts
[2022/08/25 18:35:32.997] - eth_accounts
[2022/08/25 18:35:33.195] - eth_getBalance
[2022/08/25 18:45:13.338] - eth_accounts
[2022/08/25 18:45:13.359] - eth_accounts
[2022/08/25 18:45:13.367] - eth_accounts
[2022/08/25 18:45:13.374] - eth_accounts
[2022/08/25 18:45:13.380] - eth_accounts
[2022/08/25 18:45:13.387] - eth_accounts
[2022/08/25 18:45:13.397] - eth_accounts
[2022/08/25 18:45:13.415] - eth_accounts
[2022/08/25 18:45:13.424] - eth_accounts
[2022/08/25 18:45:13.432] - eth_accounts
[2022/08/25 18:45:13.438] - eth_accounts
[2022/08/25 18:45:13.445] - eth_accounts
[2022/08/25 18:45:13.451] - eth_accounts
[2022/08/25 18:45:13.458] - eth_accounts
[2022/08/25 18:45:13.466] - eth_accounts
[2022/08/25 18:45:13.473] - eth_accounts
[2022/08/25 18:45:13.479] - eth_accounts
[2022/08/25 18:45:13.484] - eth_accounts
[2022/08/25 18:45:13.490] - eth_accounts
[2022/08/25 18:45:13.496] - eth_accounts
[2022/08/25 18:45:13.502] - eth_accounts
[2022/08/25 18:45:13.508] - eth_accounts
[2022/08/25 18:45:13.514] - eth_accounts
[2022/08/25 18:45:13.793] - eth_getBalance
[2022/08/25 18:45:47.472] - eth_accounts
[2022/08/25 18:45:47.486] - eth_accounts
[2022/08/25 18:45:47.495] - eth_accounts
[2022/08/25 18:45:47.504] - eth_accounts
[2022/08/25 18:45:47.513] - eth_accounts
[2022/08/25 18:45:47.522] - eth_accounts
[2022/08/25 18:45:47.529] - eth_accounts
[2022/08/25 18:45:47.538] - eth_accounts
[2022/08/25 18:45:47.547] - eth_accounts
[2022/08/25 18:45:47.555] - eth_accounts
[2022/08/25 18:45:47.562] - eth_accounts
[2022/08/25 18:45:47.570] - eth_accounts
[2022/08/25 18:45:47.577] - eth_accounts
[2022/08/25 18:45:47.585] - eth_accounts
[2022/08/25 18:45:47.591] - eth_accounts
[2022/08/25 18:45:47.599] - eth_accounts
[2022/08/25 18:45:47.606] - eth_accounts
[2022/08/25 18:45:47.613] - eth_accounts
[2022/08/25 18:45:47.619] - eth_accounts
[2022/08/25 18:45:47.626] - eth_accounts
[2022/08/25 18:45:47.633] - eth_accounts
[2022/08/25 18:45:47.643] - eth_accounts
[2022/08/25 18:45:47.650] - eth_accounts
[2022/08/25 18:45:47.853] - eth_getBalance
[2022/08/25 18:46:43.037] - eth_accounts
[2022/08/25 18:46:43.056] - eth_accounts
[2022/08/25 18:46:43.066] - eth_accounts
[2022/08/25 18:46:43.077] - eth_accounts
[2022/08/25 18:46:43.086] - eth_accounts
[2022/08/25 18:46:43.095] - eth_accounts
[2022/08/25 18:46:43.104] - eth_accounts
[2022/08/25 18:46:43.113] - eth_accounts
[2022/08/25 18:46:43.122] - eth_accounts
[2022/08/25 18:46:43.132] - eth_accounts
[2022/08/25 18:46:43.141] - eth_accounts
[2022/08/25 18:46:43.149] - eth_accounts
[2022/08/25 18:46:43.157] - eth_accounts
[2022/08/25 18:46:43.164] - eth_accounts
[2022/08/25 18:46:43.171] - eth_accounts
[2022/08/25 18:46:43.178] - eth_accounts
[2022/08/25 18:46:43.185] - eth_accounts
[2022/08/25 18:46:43.192] - eth_accounts
[2022/08/25 18:46:43.199] - eth_accounts
[2022/08/25 18:46:43.205] - eth_accounts
[2022/08/25 18:46:43.211] - eth_accounts
[2022/08/25 18:46:43.220] - eth_accounts
[2022/08/25 18:46:43.226] - eth_accounts
[2022/08/25 18:46:43.452] - eth_getBalance
[2022/08/25 18:46:43.482] - eth_estimateGas
[2022/08/25 18:46:43.536] - eth_getTransactionCount
[2022/08/25 18:46:43.544] - eth_sendRawTransaction
[2022/08/25 18:46:43.562] - 
[2022/08/25 18:46:43.562] -   Transaction: 0x72a6ecba55c0bfeb17e25510faa3ecb290f8cd3e00150c376b218b640601964d
[2022/08/25 18:46:43.562] -   Gas usage: 21000
[2022/08/25 18:46:43.562] -   Block Number: 7
[2022/08/25 18:46:43.562] -   Block Time: Thu Aug 25 2022 18:46:43 GMT-0400 (Eastern Daylight Time)
[2022/08/25 18:46:43.562] - 
[2022/08/25 18:46:43.564] - eth_getBlockByNumber
[2022/08/25 18:46:43.574] - eth_getBalance
[2022/08/25 18:46:43.575] - eth_getTransactionCount
[2022/08/25 18:46:43.575] - eth_getBalance
[2022/08/25 18:46:43.575] - eth_getTransactionCount
[2022/08/25 18:46:43.578] - eth_getBalance
[2022/08/25 18:46:43.579] - eth_getTransactionCount
[2022/08/25 18:46:43.579] - eth_getBalance
[2022/08/25 18:46:43.579] - eth_getTransactionCount
[2022/08/25 18:46:43.579] - eth_getBalance
[2022/08/25 18:46:43.579] - eth_getTransactionCount
[2022/08/25 18:46:43.581] - eth_getBalance
[2022/08/25 18:46:43.581] - eth_getTransactionCount
[2022/08/25 18:46:43.587] - eth_getBalance
[2022/08/25 18:46:43.590] - eth_getTransactionCount
[2022/08/25 18:46:43.591] - eth_getBalance
[2022/08/25 18:46:43.591] - eth_getTransactionCount
[2022/08/25 18:46:43.591] - eth_getBalance
[2022/08/25 18:46:43.592] - eth_getTransactionCount
[2022/08/25 18:46:43.598] - eth_getBalance
[2022/08/25 18:46:43.601] - eth_getTransactionCount
[2022/08/25 18:46:43.601] - eth_getBalance
[2022/08/25 18:46:43.602] - eth_getTransactionCount
[2022/08/25 18:46:43.603] - eth_getBalance
[2022/08/25 18:46:43.604] - eth_getTransactionCount
[2022/08/25 18:46:43.605] - eth_getBalance
[2022/08/25 18:46:43.605] - eth_getTransactionCount
[2022/08/25 18:46:43.606] - eth_getBalance
[2022/08/25 18:46:43.607] - eth_getTransactionCount
[2022/08/25 18:46:43.612] - eth_getBalance
[2022/08/25 18:46:43.613] - eth_getTransactionCount
[2022/08/25 18:46:43.613] - eth_getBalance
[2022/08/25 18:46:43.613] - eth_getTransactionCount
[2022/08/25 18:46:43.613] - eth_getBalance
[2022/08/25 18:46:43.616] - eth_getTransactionCount
[2022/08/25 18:46:43.616] - eth_getBalance
[2022/08/25 18:46:43.617] - eth_getTransactionCount
[2022/08/25 18:46:43.617] - eth_getBalance
[2022/08/25 18:46:43.617] - eth_getTransactionCount
[2022/08/25 18:46:43.617] - eth_getBalance
[2022/08/25 18:46:43.617] - eth_getTransactionCount
[2022/08/25 18:46:43.617] - eth_getBalance
[2022/08/25 18:46:43.617] - eth_getTransactionCount
[2022/08/25 18:46:43.617] - eth_getBalance
[2022/08/25 18:46:43.618] - eth_getTransactionCount
[2022/08/25 18:46:43.622] - eth_getBalance
[2022/08/25 18:46:43.623] - eth_getTransactionCount
[2022/08/25 18:46:43.623] - eth_getBalance
[2022/08/25 18:46:43.624] - eth_getTransactionCount
[2022/08/25 18:46:43.624] - eth_getBalance
[2022/08/25 18:46:43.627] - eth_getTransactionCount
[2022/08/25 19:39:57.878] - eth_accounts
[2022/08/25 19:39:57.910] - eth_accounts
[2022/08/25 19:39:57.918] - eth_accounts
[2022/08/25 19:39:57.926] - eth_accounts
[2022/08/25 19:39:57.933] - eth_accounts
[2022/08/25 19:39:57.942] - eth_accounts
[2022/08/25 19:39:57.950] - eth_accounts
[2022/08/25 19:39:57.958] - eth_accounts
[2022/08/25 19:39:57.965] - eth_accounts
[2022/08/25 19:39:57.973] - eth_accounts
[2022/08/25 19:39:57.980] - eth_accounts
[2022/08/25 19:39:57.986] - eth_accounts
[2022/08/25 19:39:57.992] - eth_accounts
[2022/08/25 19:39:57.999] - eth_accounts
[2022/08/25 19:39:58.006] - eth_accounts
[2022/08/25 19:39:58.014] - eth_accounts
[2022/08/25 19:39:58.020] - eth_accounts
[2022/08/25 19:39:58.027] - eth_accounts
[2022/08/25 19:39:58.034] - eth_accounts
[2022/08/25 19:39:58.041] - eth_accounts
[2022/08/25 19:39:58.048] - eth_accounts
[2022/08/25 19:39:58.054] - eth_accounts
[2022/08/25 19:39:58.061] - eth_accounts
[2022/08/25 19:39:58.307] - eth_getBalance
[2022/08/25 19:43:02.272] - eth_accounts
[2022/08/25 19:43:02.293] - eth_accounts
[2022/08/25 19:43:02.304] - eth_accounts
[2022/08/25 19:43:02.314] - eth_accounts
[2022/08/25 19:43:02.323] - eth_accounts
[2022/08/25 19:43:02.332] - eth_accounts
[2022/08/25 19:43:02.340] - eth_accounts
[2022/08/25 19:43:02.348] - eth_accounts
[2022/08/25 19:43:02.356] - eth_accounts
[2022/08/25 19:43:02.365] - eth_accounts
[2022/08/25 19:43:02.374] - eth_accounts
[2022/08/25 19:43:02.380] - eth_accounts
[2022/08/25 19:43:02.387] - eth_accounts
[2022/08/25 19:43:02.395] - eth_accounts
[2022/08/25 19:43:02.403] - eth_accounts
[2022/08/25 19:43:02.411] - eth_accounts
[2022/08/25 19:43:02.419] - eth_accounts
[2022/08/25 19:43:02.426] - eth_accounts
[2022/08/25 19:43:02.433] - eth_accounts
[2022/08/25 19:43:02.441] - eth_accounts
[2022/08/25 19:43:02.448] - eth_accounts
[2022/08/25 19:43:02.454] - eth_accounts
[2022/08/25 19:43:02.462] - eth_accounts
[2022/08/25 19:43:02.758] - eth_getBalance
[2022/08/25 20:38:14.487] - eth_accounts
[2022/08/25 20:38:14.510] - eth_accounts
[2022/08/25 20:38:14.519] - eth_accounts
[2022/08/25 20:38:14.526] - eth_accounts
[2022/08/25 20:38:14.533] - eth_accounts
[2022/08/25 20:38:14.540] - eth_accounts
[2022/08/25 20:38:14.546] - eth_accounts
[2022/08/25 20:38:14.553] - eth_accounts
[2022/08/25 20:38:14.567] - eth_accounts
[2022/08/25 20:38:14.577] - eth_accounts
[2022/08/25 20:38:14.598] - eth_accounts
[2022/08/25 20:38:14.604] - eth_accounts
[2022/08/25 20:38:14.611] - eth_accounts
[2022/08/25 20:38:14.618] - eth_accounts
[2022/08/25 20:38:14.625] - eth_accounts
[2022/08/25 20:38:14.632] - eth_accounts
[2022/08/25 20:38:14.640] - eth_accounts
[2022/08/25 20:38:14.647] - eth_accounts
[2022/08/25 20:38:14.654] - eth_accounts
[2022/08/25 20:38:14.661] - eth_accounts
[2022/08/25 20:38:14.668] - eth_accounts
[2022/08/25 20:38:14.674] - eth_accounts
[2022/08/25 20:38:14.681] - eth_accounts
[2022/08/25 20:38:14.916] - eth_getBalance
[2022/08/25 20:38:14.952] - eth_estimateGas
[2022/08/25 20:38:15.000] - eth_getTransactionCount
[2022/08/25 20:38:15.009] - eth_sendRawTransaction
[2022/08/25 20:38:15.024] - 
[2022/08/25 20:38:15.024] -   Transaction: 0x63f4a872528c95239e80b2a4c949a9ade06e467167c30a7891af1131f98b53e2
[2022/08/25 20:38:15.025] -   Gas usage: 21000
[2022/08/25 20:38:15.025] -   Block Number: 8
[2022/08/25 20:38:15.025] -   Block Time: Thu Aug 25 2022 20:38:15 GMT-0400 (Eastern Daylight Time)
[2022/08/25 20:38:15.025] - 
[2022/08/25 20:38:15.027] - eth_getBlockByNumber
[2022/08/25 20:38:15.077] - eth_getBalance
[2022/08/25 20:38:15.080] - eth_getTransactionCount
[2022/08/25 20:38:15.082] - eth_getBalance
[2022/08/25 20:38:15.083] - eth_getTransactionCount
[2022/08/25 20:38:15.085] - eth_getBalance
[2022/08/25 20:38:15.087] - eth_getTransactionCount
[2022/08/25 20:38:15.091] - eth_getBalance
[2022/08/25 20:38:15.092] - eth_getTransactionCount
[2022/08/25 20:38:15.096] - eth_getBalance
[2022/08/25 20:38:15.102] - eth_getTransactionCount
[2022/08/25 20:38:15.103] - eth_getBalance
[2022/08/25 20:38:15.105] - eth_getTransactionCount
[2022/08/25 20:38:15.105] - eth_getBalance
[2022/08/25 20:38:15.106] - eth_getTransactionCount
[2022/08/25 20:38:15.106] - eth_getBalance
[2022/08/25 20:38:15.108] - eth_getTransactionCount
[2022/08/25 20:38:15.110] - eth_getBalance
[2022/08/25 20:38:15.114] - eth_getTransactionCount
[2022/08/25 20:38:15.115] - eth_getBalance
[2022/08/25 20:38:15.117] - eth_getTransactionCount
[2022/08/25 20:38:15.118] - eth_getBalance
[2022/08/25 20:38:15.149] - eth_getTransactionCount
[2022/08/25 20:38:15.160] - eth_getBalance
[2022/08/25 20:38:15.210] - eth_getTransactionCount
[2022/08/25 20:38:15.211] - eth_getBalance
[2022/08/25 20:38:15.212] - eth_getTransactionCount
[2022/08/25 20:38:15.212] - eth_getBalance
[2022/08/25 20:38:15.212] - eth_getTransactionCount
[2022/08/25 20:38:15.214] - eth_getBalance
[2022/08/25 20:38:15.215] - eth_getTransactionCount
[2022/08/25 20:38:15.215] - eth_getBalance
[2022/08/25 20:38:15.215] - eth_getTransactionCount
[2022/08/25 20:38:15.215] - eth_getBalance
[2022/08/25 20:38:15.215] - eth_getTransactionCount
[2022/08/25 20:38:15.215] - eth_getBalance
[2022/08/25 20:38:15.216] - eth_getTransactionCount
[2022/08/25 20:38:15.217] - eth_getBalance
[2022/08/25 20:38:15.217] - eth_getTransactionCount
[2022/08/25 20:38:15.217] - eth_getBalance
[2022/08/25 20:38:15.218] - eth_getTransactionCount
[2022/08/25 20:38:15.218] - eth_getBalance
[2022/08/25 20:38:15.219] - eth_getTransactionCount
[2022/08/25 20:38:15.219] - eth_getBalance
[2022/08/25 20:38:15.219] - eth_getTransactionCount
[2022/08/25 20:38:15.219] - eth_getBalance
[2022/08/25 20:38:15.219] - eth_getTransactionCount
[2022/08/25 20:38:15.219] - eth_getBalance
[2022/08/25 20:38:15.219] - eth_getTransactionCount
[2022/08/25 20:38:15.219] - eth_getBalance
[2022/08/25 20:38:15.219] - eth_getTransactionCount
[2022/08/25 20:38:20.220] - eth_accounts
[2022/08/25 20:38:20.238] - eth_accounts
[2022/08/25 20:38:20.245] - eth_accounts
[2022/08/25 20:38:20.252] - eth_accounts
[2022/08/25 20:38:20.262] - eth_accounts
[2022/08/25 20:38:20.268] - eth_accounts
[2022/08/25 20:38:20.273] - eth_accounts
[2022/08/25 20:38:20.279] - eth_accounts
[2022/08/25 20:38:20.284] - eth_accounts
[2022/08/25 20:38:20.290] - eth_accounts
[2022/08/25 20:38:20.296] - eth_accounts
[2022/08/25 20:38:20.302] - eth_accounts
[2022/08/25 20:38:20.308] - eth_accounts
[2022/08/25 20:38:20.314] - eth_accounts
[2022/08/25 20:38:20.320] - eth_accounts
[2022/08/25 20:38:20.327] - eth_accounts
[2022/08/25 20:38:20.339] - eth_accounts
[2022/08/25 20:38:20.347] - eth_accounts
[2022/08/25 20:38:20.356] - eth_accounts
[2022/08/25 20:38:20.364] - eth_accounts
[2022/08/25 20:38:20.375] - eth_accounts
[2022/08/25 20:38:20.381] - eth_accounts
[2022/08/25 20:38:20.388] - eth_accounts
[2022/08/25 20:38:20.589] - eth_getBalance
[2022/08/25 20:58:50.333] - eth_accounts
[2022/08/25 20:58:50.353] - eth_accounts
[2022/08/25 20:58:50.362] - eth_accounts
[2022/08/25 20:58:50.368] - eth_accounts
[2022/08/25 20:58:50.375] - eth_accounts
[2022/08/25 20:58:50.382] - eth_accounts
[2022/08/25 20:58:50.389] - eth_accounts
[2022/08/25 20:58:50.400] - eth_accounts
[2022/08/25 20:58:50.408] - eth_accounts
[2022/08/25 20:58:50.416] - eth_accounts
[2022/08/25 20:58:50.424] - eth_accounts
[2022/08/25 20:58:50.431] - eth_accounts
[2022/08/25 20:58:50.439] - eth_accounts
[2022/08/25 20:58:50.448] - eth_accounts
[2022/08/25 20:58:50.456] - eth_accounts
[2022/08/25 20:58:50.464] - eth_accounts
[2022/08/25 20:58:50.472] - eth_accounts
[2022/08/25 20:58:50.480] - eth_accounts
[2022/08/25 20:58:50.487] - eth_accounts
[2022/08/25 20:58:50.495] - eth_accounts
[2022/08/25 20:58:50.503] - eth_accounts
[2022/08/25 20:58:50.510] - eth_accounts
[2022/08/25 20:58:50.516] - eth_accounts
[2022/08/25 20:58:50.776] - eth_getBalance
[2022/08/25 20:59:53.305] - eth_accounts
[2022/08/25 20:59:53.325] - eth_accounts
[2022/08/25 20:59:53.337] - eth_accounts
[2022/08/25 20:59:53.343] - eth_accounts
[2022/08/25 20:59:53.352] - eth_accounts
[2022/08/25 20:59:53.360] - eth_accounts
[2022/08/25 20:59:53.369] - eth_accounts
[2022/08/25 20:59:53.377] - eth_accounts
[2022/08/25 20:59:53.385] - eth_accounts
[2022/08/25 20:59:53.392] - eth_accounts
[2022/08/25 20:59:53.399] - eth_accounts
[2022/08/25 20:59:53.406] - eth_accounts
[2022/08/25 20:59:53.414] - eth_accounts
[2022/08/25 20:59:53.420] - eth_accounts
[2022/08/25 20:59:53.427] - eth_accounts
[2022/08/25 20:59:53.435] - eth_accounts
[2022/08/25 20:59:53.448] - eth_accounts
[2022/08/25 20:59:53.456] - eth_accounts
[2022/08/25 20:59:53.464] - eth_accounts
[2022/08/25 20:59:53.472] - eth_accounts
[2022/08/25 20:59:53.479] - eth_accounts
[2022/08/25 20:59:53.487] - eth_accounts
[2022/08/25 20:59:53.494] - eth_accounts
[2022/08/25 20:59:53.715] - eth_getBalance
[2022/08/25 20:59:53.731] - eth_estimateGas
[2022/08/25 20:59:53.772] - eth_getTransactionCount
[2022/08/25 20:59:53.780] - eth_sendRawTransaction
[2022/08/25 20:59:53.811] - 
[2022/08/25 20:59:53.812] -   Transaction: 0x7d329325ae0ec64666ec295f8802e94db05b05533dca960080dc309165b379d1
[2022/08/25 20:59:53.812] -   Gas usage: 21000
[2022/08/25 20:59:53.812] -   Block Number: 9
[2022/08/25 20:59:53.812] -   Block Time: Thu Aug 25 2022 20:59:53 GMT-0400 (Eastern Daylight Time)
[2022/08/25 20:59:53.812] - 
[2022/08/25 20:59:53.822] - eth_getBlockByNumber
[2022/08/25 20:59:53.833] - eth_getBalance
[2022/08/25 20:59:53.835] - eth_getTransactionCount
[2022/08/25 20:59:53.836] - eth_getBalance
[2022/08/25 20:59:53.839] - eth_getTransactionCount
[2022/08/25 20:59:53.843] - eth_getBalance
[2022/08/25 20:59:53.845] - eth_getTransactionCount
[2022/08/25 20:59:53.849] - eth_getBalance
[2022/08/25 20:59:53.851] - eth_getTransactionCount
[2022/08/25 20:59:53.855] - eth_getBalance
[2022/08/25 20:59:53.857] - eth_getTransactionCount
[2022/08/25 20:59:53.871] - eth_getBalance
[2022/08/25 20:59:53.873] - eth_getTransactionCount
[2022/08/25 20:59:53.878] - eth_getBalance
[2022/08/25 20:59:53.881] - eth_getTransactionCount
[2022/08/25 20:59:53.881] - eth_getBalance
[2022/08/25 20:59:53.886] - eth_getTransactionCount
[2022/08/25 20:59:53.887] - eth_getBalance
[2022/08/25 20:59:53.888] - eth_getTransactionCount
[2022/08/25 20:59:53.889] - eth_getBalance
[2022/08/25 20:59:53.892] - eth_getTransactionCount
[2022/08/25 20:59:53.893] - eth_getBalance
[2022/08/25 20:59:53.896] - eth_getTransactionCount
[2022/08/25 20:59:53.896] - eth_getBalance
[2022/08/25 20:59:53.897] - eth_getTransactionCount
[2022/08/25 20:59:53.899] - eth_getBalance
[2022/08/25 20:59:53.901] - eth_getTransactionCount
[2022/08/25 20:59:53.903] - eth_getBalance
[2022/08/25 20:59:53.905] - eth_getTransactionCount
[2022/08/25 20:59:53.906] - eth_getBalance
[2022/08/25 20:59:53.908] - eth_getTransactionCount
[2022/08/25 20:59:53.909] - eth_getBalance
[2022/08/25 20:59:53.913] - eth_getTransactionCount
[2022/08/25 20:59:53.915] - eth_getBalance
[2022/08/25 20:59:53.918] - eth_getTransactionCount
[2022/08/25 20:59:53.920] - eth_getBalance
[2022/08/25 20:59:53.923] - eth_getTransactionCount
[2022/08/25 20:59:53.924] - eth_getBalance
[2022/08/25 20:59:53.928] - eth_getTransactionCount
[2022/08/25 20:59:53.929] - eth_getBalance
[2022/08/25 20:59:53.929] - eth_getTransactionCount
[2022/08/25 20:59:53.933] - eth_getBalance
[2022/08/25 20:59:53.934] - eth_getTransactionCount
[2022/08/25 20:59:53.936] - eth_getBalance
[2022/08/25 20:59:53.938] - eth_getTransactionCount
[2022/08/25 20:59:53.943] - eth_getBalance
[2022/08/25 20:59:53.943] - eth_getTransactionCount
[2022/08/25 20:59:53.944] - eth_getBalance
[2022/08/25 20:59:53.946] - eth_getTransactionCount
[2022/08/25 20:59:53.947] - eth_getBalance
[2022/08/25 20:59:53.954] - eth_getTransactionCount
[2022/08/25 22:39:37.745] - eth_unsubscribe
[2022/08/25 22:39:37.754] - eth_unsubscribe
