[2022/08/27 01:13:07.114] - Starting server with initial configuration: {"gasLimit":6721975,"gasPrice":20000000000,"hardfork":"muirGlacier","hostname":"127.0.0.1","port":7545,"network_id":5777,"default_balance_ether":100,"total_accounts":25,"unlocked_accounts":[],"locked":false,"vmErrorsOnRPCResponse":true,"verbose":false,"db_path":"/Users/comdrpaquiot/Library/Application Support/Ganache/workspaces/Quickstart/chaindata","logDirectory":"/Users/comdrpaquiot/Downloads"}
[2022/08/27 01:13:07.302] - eth_subscribe
[2022/08/27 01:13:07.302] - eth_getLogs
[2022/08/27 01:13:07.303] - eth_subscribe
[2022/08/27 01:13:07.326] - eth_subscribe
[2022/08/27 01:13:07.327] - eth_getLogs
[2022/08/27 01:13:07.328] - eth_subscribe
[2022/08/27 01:13:07.367] - eth_blockNumber
[2022/08/27 01:13:07.368] - eth_accounts
[2022/08/27 01:13:07.368] - eth_gasPrice
[2022/08/27 01:13:07.368] - eth_getBlockByNumber
[2022/08/27 01:13:07.370] - eth_subscribe
[2022/08/27 01:13:07.381] - eth_accounts
[2022/08/27 01:13:07.430] - eth_getBalance
[2022/08/27 01:13:07.436] - eth_getTransactionCount
[2022/08/27 01:13:07.442] - eth_getBalance
[2022/08/27 01:13:07.446] - eth_getTransactionCount
[2022/08/27 01:13:07.449] - eth_getBalance
[2022/08/27 01:13:07.455] - eth_getTransactionCount
[2022/08/27 01:13:07.461] - eth_getBalance
[2022/08/27 01:13:07.469] - eth_getTransactionCount
[2022/08/27 01:13:07.475] - eth_getBalance
[2022/08/27 01:13:07.477] - eth_getTransactionCount
[2022/08/27 01:13:07.479] - eth_getBalance
[2022/08/27 01:13:07.480] - eth_getTransactionCount
[2022/08/27 01:13:07.482] - eth_getBalance
[2022/08/27 01:13:07.483] - eth_getTransactionCount
[2022/08/27 01:13:07.485] - eth_getBalance
[2022/08/27 01:13:07.492] - eth_getTransactionCount
[2022/08/27 01:13:07.495] - eth_getBalance
[2022/08/27 01:13:07.497] - eth_getTransactionCount
[2022/08/27 01:13:07.499] - eth_getBalance
[2022/08/27 01:13:07.500] - eth_getTransactionCount
[2022/08/27 01:13:07.503] - eth_getBalance
[2022/08/27 01:13:07.505] - eth_getTransactionCount
[2022/08/27 01:13:07.507] - eth_getBalance
[2022/08/27 01:13:07.513] - eth_getTransactionCount
[2022/08/27 01:13:07.520] - eth_getBalance
[2022/08/27 01:13:07.522] - eth_getTransactionCount
[2022/08/27 01:13:07.523] - eth_getBalance
[2022/08/27 01:13:07.526] - eth_getTransactionCount
[2022/08/27 01:13:07.530] - eth_getBalance
[2022/08/27 01:13:07.530] - eth_getTransactionCount
[2022/08/27 01:13:07.531] - eth_getBalance
[2022/08/27 01:13:07.538] - eth_getTransactionCount
[2022/08/27 01:13:07.540] - eth_getBalance
[2022/08/27 01:13:07.541] - eth_getTransactionCount
[2022/08/27 01:13:07.542] - eth_getBalance
[2022/08/27 01:13:07.544] - eth_getTransactionCount
[2022/08/27 01:13:07.546] - eth_getBalance
[2022/08/27 01:13:07.552] - eth_getTransactionCount
[2022/08/27 01:13:07.554] - eth_getBalance
[2022/08/27 01:13:07.556] - eth_getTransactionCount
[2022/08/27 01:13:07.557] - eth_getBalance
[2022/08/27 01:13:07.564] - eth_getTransactionCount
[2022/08/27 01:13:07.568] - eth_getBalance
[2022/08/27 01:13:07.570] - eth_getTransactionCount
[2022/08/27 01:13:07.575] - eth_getBalance
[2022/08/27 01:13:07.584] - eth_getTransactionCount
[2022/08/27 01:13:07.588] - eth_getBalance
[2022/08/27 01:13:07.593] - eth_getTransactionCount
[2022/08/27 01:13:07.603] - eth_getBalance
[2022/08/27 01:13:07.607] - eth_getTransactionCount
[2022/08/27 01:13:07.612] - eth_getBalance
[2022/08/27 01:13:07.616] - eth_getTransactionCount
[2022/08/27 01:13:07.618] - eth_getBalance
[2022/08/27 01:13:07.619] - eth_getTransactionCount
[2022/08/27 01:13:07.626] - eth_getBalance
[2022/08/27 01:13:07.629] - eth_getTransactionCount
[2022/08/27 01:13:07.638] - eth_getBalance
[2022/08/27 01:13:07.639] - eth_getTransactionCount
[2022/08/27 01:13:07.639] - eth_getBalance
[2022/08/27 01:13:07.639] - eth_getTransactionCount
[2022/08/27 01:13:07.644] - eth_getBalance
[2022/08/27 01:13:07.647] - eth_getTransactionCount
[2022/08/27 01:13:07.649] - eth_getBalance
[2022/08/27 01:13:07.650] - eth_getTransactionCount
[2022/08/27 01:13:07.652] - eth_getBalance
[2022/08/27 01:13:07.659] - eth_getTransactionCount
[2022/08/27 01:13:07.661] - eth_getBalance
[2022/08/27 01:13:07.663] - eth_getTransactionCount
[2022/08/27 01:13:07.664] - eth_getBalance
[2022/08/27 01:13:07.667] - eth_getTransactionCount
[2022/08/27 01:13:07.675] - eth_getBalance
[2022/08/27 01:13:07.684] - eth_getTransactionCount
[2022/08/27 01:13:07.688] - eth_getBalance
[2022/08/27 01:13:07.697] - eth_getTransactionCount
[2022/08/27 01:13:07.705] - eth_getBalance
[2022/08/27 01:13:07.705] - eth_getTransactionCount
[2022/08/27 01:13:07.705] - eth_getBalance
[2022/08/27 01:13:07.705] - eth_getTransactionCount
[2022/08/27 01:13:07.705] - eth_getBalance
[2022/08/27 01:13:07.706] - eth_getTransactionCount
[2022/08/27 01:13:07.709] - eth_getBalance
[2022/08/27 01:13:07.709] - eth_getTransactionCount
[2022/08/27 01:13:07.710] - eth_getBalance
[2022/08/27 01:13:07.711] - eth_getTransactionCount
[2022/08/27 01:13:07.713] - eth_getBalance
[2022/08/27 01:13:07.716] - eth_getTransactionCount
[2022/08/27 01:13:07.718] - eth_getBalance
[2022/08/27 01:13:07.725] - eth_getTransactionCount
[2022/08/27 01:13:07.733] - eth_getBalance
[2022/08/27 01:13:07.735] - eth_getTransactionCount
[2022/08/27 01:13:07.743] - eth_getBalance
[2022/08/27 01:13:07.745] - eth_getTransactionCount
[2022/08/27 01:13:07.747] - eth_getBalance
[2022/08/27 01:13:07.748] - eth_getTransactionCount
[2022/08/27 01:13:07.749] - eth_getBalance
[2022/08/27 01:13:07.756] - eth_getTransactionCount
[2022/08/27 01:13:07.761] - eth_getBalance
[2022/08/27 01:13:07.762] - eth_getTransactionCount
[2022/08/27 01:13:07.763] - eth_getBalance
[2022/08/27 01:13:07.765] - eth_getTransactionCount
[2022/08/27 01:13:07.774] - eth_blockNumber
[2022/08/27 01:13:07.774] - eth_accounts
[2022/08/27 01:13:07.774] - eth_gasPrice
[2022/08/27 01:13:07.774] - eth_getBlockByNumber
[2022/08/27 01:13:07.775] - eth_subscribe
[2022/08/27 01:13:08.345] - eth_getBalance
[2022/08/27 01:13:08.346] - eth_getTransactionCount
[2022/08/27 01:13:08.348] - eth_getBalance
[2022/08/27 01:13:08.349] - eth_getTransactionCount
[2022/08/27 01:13:08.350] - eth_getBalance
[2022/08/27 01:13:08.352] - eth_getTransactionCount
[2022/08/27 01:13:08.353] - eth_getBalance
[2022/08/27 01:13:08.355] - eth_getTransactionCount
[2022/08/27 01:13:08.356] - eth_getBalance
[2022/08/27 01:13:08.363] - eth_getTransactionCount
[2022/08/27 01:13:08.369] - eth_getBalance
[2022/08/27 01:13:08.371] - eth_getTransactionCount
[2022/08/27 01:13:08.374] - eth_getBalance
[2022/08/27 01:13:08.375] - eth_getTransactionCount
[2022/08/27 01:13:08.376] - eth_getBalance
[2022/08/27 01:13:08.378] - eth_getTransactionCount
[2022/08/27 01:13:08.380] - eth_getBalance
[2022/08/27 01:13:08.382] - eth_getTransactionCount
[2022/08/27 01:13:08.388] - eth_getBalance
[2022/08/27 01:13:08.398] - eth_getTransactionCount
[2022/08/27 01:13:08.402] - eth_getBalance
[2022/08/27 01:13:08.402] - eth_getTransactionCount
[2022/08/27 01:13:08.403] - eth_getBalance
[2022/08/27 01:13:08.404] - eth_getTransactionCount
[2022/08/27 01:13:08.405] - eth_getBalance
[2022/08/27 01:13:08.407] - eth_getTransactionCount
[2022/08/27 01:13:08.408] - eth_getBalance
[2022/08/27 01:13:08.409] - eth_getTransactionCount
[2022/08/27 01:13:08.411] - eth_getBalance
[2022/08/27 01:13:08.412] - eth_getTransactionCount
[2022/08/27 01:13:08.414] - eth_getBalance
[2022/08/27 01:13:08.415] - eth_getTransactionCount
[2022/08/27 01:13:08.416] - eth_getBalance
[2022/08/27 01:13:08.417] - eth_getTransactionCount
[2022/08/27 01:13:08.419] - eth_getBalance
[2022/08/27 01:13:08.420] - eth_getTransactionCount
[2022/08/27 01:13:08.421] - eth_getBalance
[2022/08/27 01:13:08.424] - eth_getTransactionCount
[2022/08/27 01:13:08.426] - eth_getBalance
[2022/08/27 01:13:08.427] - eth_getTransactionCount
[2022/08/27 01:13:08.433] - eth_getBalance
[2022/08/27 01:13:08.439] - eth_getTransactionCount
[2022/08/27 01:13:08.443] - eth_getBalance
[2022/08/27 01:13:08.452] - eth_getTransactionCount
[2022/08/27 01:13:08.452] - eth_getBalance
[2022/08/27 01:13:08.452] - eth_getTransactionCount
[2022/08/27 01:13:08.456] - eth_getBalance
[2022/08/27 01:13:08.458] - eth_getTransactionCount
[2022/08/27 01:13:08.460] - eth_getBalance
[2022/08/27 01:13:08.460] - eth_getTransactionCount
[2022/08/27 01:13:08.474] - eth_getBalance
[2022/08/27 01:13:08.481] - eth_getTransactionCount
[2022/08/27 01:13:08.485] - eth_getBalance
[2022/08/27 01:13:08.486] - eth_getTransactionCount
[2022/08/27 01:13:08.487] - eth_getBalance
[2022/08/27 01:13:08.489] - eth_getTransactionCount
[2022/08/27 01:13:08.490] - eth_getBalance
[2022/08/27 01:13:08.491] - eth_getTransactionCount
[2022/08/27 01:13:08.492] - eth_getBalance
[2022/08/27 01:13:08.494] - eth_getTransactionCount
[2022/08/27 01:13:08.495] - eth_getBalance
[2022/08/27 01:13:08.497] - eth_getTransactionCount
[2022/08/27 01:13:08.500] - eth_getBalance
[2022/08/27 01:13:08.500] - eth_getTransactionCount
[2022/08/27 01:13:08.500] - eth_getBalance
[2022/08/27 01:13:08.502] - eth_getTransactionCount
[2022/08/27 01:13:08.503] - eth_getBalance
[2022/08/27 01:13:08.504] - eth_getTransactionCount
[2022/08/27 01:13:08.509] - eth_getBalance
[2022/08/27 01:13:08.514] - eth_getTransactionCount
[2022/08/27 01:13:08.515] - eth_getBalance
[2022/08/27 01:13:08.517] - eth_getTransactionCount
[2022/08/27 01:13:08.520] - eth_getBalance
[2022/08/27 01:13:08.520] - eth_getTransactionCount
[2022/08/27 01:13:08.520] - eth_getBalance
[2022/08/27 01:13:08.525] - eth_getTransactionCount
[2022/08/27 01:13:08.530] - eth_getBalance
[2022/08/27 01:13:08.531] - eth_getTransactionCount
[2022/08/27 01:13:08.536] - eth_getBalance
[2022/08/27 01:13:08.541] - eth_getTransactionCount
[2022/08/27 01:13:08.542] - eth_getBalance
[2022/08/27 01:13:08.549] - eth_getTransactionCount
[2022/08/27 01:13:08.553] - eth_getBalance
[2022/08/27 01:13:08.553] - eth_getTransactionCount
[2022/08/27 01:13:08.558] - eth_getBalance
[2022/08/27 01:13:08.558] - eth_getTransactionCount
[2022/08/27 01:13:08.558] - eth_getBalance
[2022/08/27 01:13:08.558] - eth_getTransactionCount
[2022/08/27 01:13:08.559] - eth_getBalance
[2022/08/27 01:13:08.562] - eth_getTransactionCount
[2022/08/27 01:13:08.563] - eth_getBalance
[2022/08/27 01:13:08.564] - eth_getTransactionCount
[2022/08/27 01:13:08.570] - eth_getBalance
[2022/08/27 01:13:08.570] - eth_getTransactionCount
[2022/08/27 01:13:08.570] - eth_getBalance
[2022/08/27 01:13:08.571] - eth_getTransactionCount
[2022/08/27 01:13:08.571] - eth_getBalance
[2022/08/27 01:13:08.572] - eth_getTransactionCount
[2022/08/27 01:13:08.576] - eth_getBalance
[2022/08/27 01:13:08.584] - eth_getTransactionCount
